
	at org.apache.kafka.clients.producer.internals.Sender.maybeSendAndPollTransactionalRequest(Sender.java:455) ~[kafka-clients-3.3.2.jar:na]
	at org.apache.kafka.clients.producer.internals.Sender.runOnce(Sender.java:316) ~[kafka-clients-3.3.2.jar:na]
	at org.apache.kafka.clients.producer.internals.Sender.run(Sender.java:243) ~[kafka-clients-3.3.2.jar:na]
	at java.base/java.lang.Thread.run(Thread.java:833) ~[na:na]
Caused by: org.apache.kafka.common.KafkaException: org.apache.kafka.common.errors.SaslAuthenticationException: Failed to configure SaslClientAuthenticator
	at org.apache.kafka.common.network.SaslChannelBuilder.buildChannel(SaslChannelBuilder.java:240) ~[kafka-clients-3.3.2.jar:na]
	at org.apache.kafka.common.network.Selector.buildAndAttachKafkaChannel(Selector.java:338) ~[kafka-clients-3.3.2.jar:na]
	... 14 common frames omitted
Caused by: org.apache.kafka.common.errors.SaslAuthenticationException: Failed to configure SaslClientAuthenticator
Caused by: org.apache.kafka.common.KafkaException: Principal could not be determined from Subject, this may be a transient failure due to Kerberos re-login
	at org.apache.kafka.common.security.authenticator.SaslClientAuthenticator.firstPrincipal(SaslClientAuthenticator.java:632) ~[kafka-clients-3.3.2.jar:na]
	at org.apache.kafka.common.security.authenticator.SaslClientAuthenticator.<init>(SaslClientAuthenticator.java:202) ~[kafka-clients-3.3.2.jar:na]
	at org.apache.kafka.common.network.SaslChannelBuilder.buildClientAuthenticator(SaslChannelBuilder.java:286) ~[kafka-clients-3.3.2.jar:na]
	at org.apache.kafka.common.network.SaslChannelBuilder.lambda$buildChannel$1(SaslChannelBuilder.java:228) ~[kafka-clients-3.3.2.jar:na]
	at org.apache.kafka.common.network.KafkaChannel.<init>(KafkaChannel.java:143) ~[kafka-clients-3.3.2.jar:na]
	at org.apache.kafka.common.network.SaslChannelBuilder.buildChannel(SaslChannelBuilder.java:236) ~[kafka-clients-3.3.2.jar:na]
	at org.apache.kafka.common.network.Selector.buildAndAttachKafkaChannel(Selector.java:338) ~[kafka-clients-3.3.2.jar:na]
	at org.apache.kafka.common.network.Selector.registerChannel(Selector.java:329) ~[kafka-clients-3.3.2.jar:na]
	at org.apache.kafka.common.network.Selector.connect(Selector.java:256) ~[kafka-clients-3.3.2.jar:na]
	at org.apache.kafka.clients.NetworkClient.initiateConnect(NetworkClient.java:992) ~[kafka-clients-3.3.2.jar:na]
	at org.apache.kafka.clients.NetworkClient.access$600(NetworkClient.java:73) ~[kafka-clients-3.3.2.jar:na]
	at org.apache.kafka.clients.NetworkClient$DefaultMetadataUpdater.maybeUpdate(NetworkClient.java:1163) ~[kafka-clients-3.3.2.jar:na]
	at org.apache.kafka.clients.NetworkClient$DefaultMetadataUpdater.maybeUpdate(NetworkClient.java:1051) ~[kafka-clients-3.3.2.jar:na]
	at org.apache.kafka.clients.NetworkClient.poll(NetworkClient.java:558) ~[kafka-clients-3.3.2.jar:na]
	at org.apache.kafka.clients.NetworkClientUtils.isReady(NetworkClientUtils.java:42) ~[kafka-clients-3.3.2.jar:na]
	at org.apache.kafka.clients.NetworkClientUtils.awaitReady(NetworkClientUtils.java:64) ~[kafka-clients-3.3.2.jar:na]
	at org.apache.kafka.clients.producer.internals.Sender.awaitNodeReady(Sender.java:534) ~[kafka-clients-3.3.2.jar:na]
	at org.apache.kafka.clients.producer.internals.Sender.maybeSendAndPollTransactionalRequest(Sender.java:455) ~[kafka-clients-3.3.2.jar:na]
	at org.apache.kafka.clients.producer.internals.Sender.runOnce(Sender.java:316) ~[kafka-clients-3.3.2.jar:na]
	at org.apache.kafka.clients.producer.internals.Sender.run(Sender.java:243) ~[kafka-clients-3.3.2.jar:na]
	at java.base/java.lang.Thread.run(Thread.java:833) ~[na:na]

2023-05-17T18:12:22.788+03:00  WARN 70636 --- [ad | producer-1] org.apache.kafka.clients.NetworkClient   : [Producer clientId=producer-1] Bootstrap broker pkc-4nmjv.francecentral.azure.confluent.cloud:9092 (id: -1 rack: null) disconnected
2023-05-17T18:12:23.901+03:00  INFO 70636 --- [ad | producer-1] o.a.k.common.network.SaslChannelBuilder  : [Producer clientId=producer-1] Failed to create channel due to 

org.apache.kafka.common.errors.SaslAuthenticationException: Failed to configure SaslClientAuthenticator
Caused by: org.apache.kafka.common.KafkaException: Principal could not be determined from Subject, this may be a transient failure due to Kerberos re-login
	at org.apache.kafka.common.security.authenticator.SaslClientAuthenticator.firstPrincipal(SaslClientAuthenticator.java:632) ~[kafka-clients-3.3.2.jar:na]
	at org.apache.kafka.common.security.authenticator.SaslClientAuthenticator.<init>(SaslClientAuthenticator.java:202) ~[kafka-clients-3.3.2.jar:na]
	at org.apache.kafka.common.network.SaslChannelBuilder.buildClientAuthenticator(SaslChannelBuilder.java:286) ~[kafka-clients-3.3.2.jar:na]
	at org.apache.kafka.common.network.SaslChannelBuilder.lambda$buildChannel$1(SaslChannelBuilder.java:228) ~[kafka-clients-3.3.2.jar:na]
	at org.apache.kafka.common.network.KafkaChannel.<init>(KafkaChannel.java:143) ~[kafka-clients-3.3.2.jar:na]
	at org.apache.kafka.common.network.SaslChannelBuilder.buildChannel(SaslChannelBuilder.java:236) ~[kafka-clients-3.3.2.jar:na]
	at org.apache.kafka.common.network.Selector.buildAndAttachKafkaChannel(Selector.java:338) ~[kafka-clients-3.3.2.jar:na]
	at org.apache.kafka.common.network.Selector.registerChannel(Selector.java:329) ~[kafka-clients-3.3.2.jar:na]
	at org.apache.kafka.common.network.Selector.connect(Selector.java:256) ~[kafka-clients-3.3.2.jar:na]
	at org.apache.kafka.clients.NetworkClient.initiateConnect(NetworkClient.java:992) ~[kafka-clients-3.3.2.jar:na]
	at org.apache.kafka.clients.NetworkClient.access$600(NetworkClient.java:73) ~[kafka-clients-3.3.2.jar:na]
	at org.apache.kafka.clients.NetworkClient$DefaultMetadataUpdater.maybeUpdate(NetworkClient.java:1163) ~[kafka-clients-3.3.2.jar:na]
	at org.apache.kafka.clients.NetworkClient$DefaultMetadataUpdater.maybeUpdate(NetworkClient.java:1051) ~[kafka-clients-3.3.2.jar:na]
	at org.apache.kafka.clients.NetworkClient.poll(NetworkClient.java:558) ~[kafka-clients-3.3.2.jar:na]
	at org.apache.kafka.clients.NetworkClientUtils.isReady(NetworkClientUtils.java:42) ~[kafka-clients-3.3.2.jar:na]
	at org.apache.kafka.clients.NetworkClientUtils.awaitReady(NetworkClientUtils.java:64) ~[kafka-clients-3.3.2.jar:na]
	at org.apache.kafka.clients.producer.internals.Sender.awaitNodeReady(Sender.java:534) ~[kafka-clients-3.3.2.jar:na]
	at org.apache.kafka.clients.producer.internals.Sender.maybeSendAndPollTransactionalRequest(Sender.java:455) ~[kafka-clients-3.3.2.jar:na]
	at org.apache.kafka.clients.producer.internals.Sender.runOnce(Sender.java:316) ~[kafka-clients-3.3.2.jar:na]
	at org.apache.kafka.clients.producer.internals.Sender.run(Sender.java:243) ~[kafka-clients-3.3.2.jar:na]
	at java.base/java.lang.Thread.run(Thread.java:833) ~[na:na]

2023-05-17T18:12:23.903+03:00  WARN 70636 --- [ad | producer-1] org.apache.kafka.clients.NetworkClient   : [Producer clientId=producer-1] Error connecting to node pkc-4nmjv.francecentral.azure.confluent.cloud:9092 (id: -1 rack: null)

java.io.IOException: Channel could not be created for socket java.nio.channels.SocketChannel[closed]
	at org.apache.kafka.common.network.Selector.buildAndAttachKafkaChannel(Selector.java:348) ~[kafka-clients-3.3.2.jar:na]
	at org.apache.kafka.common.network.Selector.registerChannel(Selector.java:329) ~[kafka-clients-3.3.2.jar:na]
	at org.apache.kafka.common.network.Selector.connect(Selector.java:256) ~[kafka-clients-3.3.2.jar:na]
	at org.apache.kafka.clients.NetworkClient.initiateConnect(NetworkClient.java:992) ~[kafka-clients-3.3.2.jar:na]
	at org.apache.kafka.clients.NetworkClient.access$600(NetworkClient.java:73) ~[kafka-clients-3.3.2.jar:na]
	at org.apache.kafka.clients.NetworkClient$DefaultMetadataUpdater.maybeUpdate(NetworkClient.java:1163) ~[kafka-clients-3.3.2.jar:na]
	at org.apache.kafka.clients.NetworkClient$DefaultMetadataUpdater.maybeUpdate(NetworkClient.java:1051) ~[kafka-clients-3.3.2.jar:na]
	at org.apache.kafka.clients.NetworkClient.poll(NetworkClient.java:558) ~[kafka-clients-3.3.2.jar:na]
	at org.apache.kafka.clients.NetworkClientUtils.isReady(NetworkClientUtils.java:42) ~[kafka-clients-3.3.2.jar:na]
	at org.apache.kafka.clients.NetworkClientUtils.awaitReady(NetworkClientUtils.java:64) ~[kafka-clients-3.3.2.jar:na]
	at org.apache.kafka.clients.producer.internals.Sender.awaitNodeReady(Sender.java:534) ~[kafka-clients-3.3.2.jar:na]
	at org.apache.kafka.clients.producer.internals.Sender.maybeSendAndPollTransactionalRequest(Sender.java:455) ~[kafka-clients-3.3.2.jar:na]
	at org.apache.kafka.clients.producer.internals.Sender.runOnce(Sender.java:316) ~[kafka-clients-3.3.2.jar:na]
	at org.apache.kafka.clients.producer.internals.Sender.run(Sender.java:243) ~[kafka-clients-3.3.2.jar:na]
	at java.base/java.lang.Thread.run(Thread.java:833) ~[na:na]
Caused by: org.apache.kafka.common.KafkaException: org.apache.kafka.common.errors.SaslAuthenticationException: Failed to configure SaslClientAuthenticator
	at org.apache.kafka.common.network.SaslChannelBuilder.buildChannel(SaslChannelBuilder.java:240) ~[kafka-clients-3.3.2.jar:na]
	at org.apache.kafka.common.network.Selector.buildAndAttachKafkaChannel(Selector.java:338) ~[kafka-clients-3.3.2.jar:na]
	... 14 common frames omitted
Caused by: org.apache.kafka.common.errors.SaslAuthenticationException: Failed to configure SaslClientAuthenticator
Caused by: org.apache.kafka.common.KafkaException: Principal could not be determined from Subject, this may be a transient failure due to Kerberos re-login
	at org.apache.kafka.common.security.authenticator.SaslClientAuthenticator.firstPrincipal(SaslClientAuthenticator.java:632) ~[kafka-clients-3.3.2.jar:na]
	at org.apache.kafka.common.security.authenticator.SaslClientAuthenticator.<init>(SaslClientAuthenticator.java:202) ~[kafka-clients-3.3.2.jar:na]
	at org.apache.kafka.common.network.SaslChannelBuilder.buildClientAuthenticator(SaslChannelBuilder.java:286) ~[kafka-clients-3.3.2.jar:na]
	at org.apache.kafka.common.network.SaslChannelBuilder.lambda$buildChannel$1(SaslChannelBuilder.java:228) ~[kafka-clients-3.3.2.jar:na]
	at org.apache.kafka.common.network.KafkaChannel.<init>(KafkaChannel.java:143) ~[kafka-clients-3.3.2.jar:na]
	at org.apache.kafka.common.network.SaslChannelBuilder.buildChannel(SaslChannelBuilder.java:236) ~[kafka-clients-3.3.2.jar:na]
	at org.apache.kafka.common.network.Selector.buildAndAttachKafkaChannel(Selector.java:338) ~[kafka-clients-3.3.2.jar:na]
	at org.apache.kafka.common.network.Selector.registerChannel(Selector.java:329) ~[kafka-clients-3.3.2.jar:na]
	at org.apache.kafka.common.network.Selector.connect(Selector.java:256) ~[kafka-clients-3.3.2.jar:na]
	at org.apache.kafka.clients.NetworkClient.initiateConnect(NetworkClient.java:992) ~[kafka-clients-3.3.2.jar:na]
	at org.apache.kafka.clients.NetworkClient.access$600(NetworkClient.java:73) ~[kafka-clients-3.3.2.jar:na]
	at org.apache.kafka.clients.NetworkClient$DefaultMetadataUpdater.maybeUpdate(NetworkClient.java:1163) ~[kafka-clients-3.3.2.jar:na]
	at org.apache.kafka.clients.NetworkClient$DefaultMetadataUpdater.maybeUpdate(NetworkClient.java:1051) ~[kafka-clients-3.3.2.jar:na]
	at org.apache.kafka.clients.NetworkClient.poll(NetworkClient.java:558) ~[kafka-clients-3.3.2.jar:na]
	at org.apache.kafka.clients.NetworkClientUtils.isReady(NetworkClientUtils.java:42) ~[kafka-clients-3.3.2.jar:na]
	at org.apache.kafka.clients.NetworkClientUtils.awaitReady(NetworkClientUtils.java:64) ~[kafka-clients-3.3.2.jar:na]
	at org.apache.kafka.clients.producer.internals.Sender.awaitNodeReady(Sender.java:534) ~[kafka-clients-3.3.2.jar:na]
	at org.apache.kafka.clients.producer.internals.Sender.maybeSendAndPollTransactionalRequest(Sender.java:455) ~[kafka-clients-3.3.2.jar:na]
	at org.apache.kafka.clients.producer.internals.Sender.runOnce(Sender.java:316) ~[kafka-clients-3.3.2.jar:na]
	at org.apache.kafka.clients.producer.internals.Sender.run(Sender.java:243) ~[kafka-clients-3.3.2.jar:na]
	at java.base/java.lang.Thread.run(Thread.java:833) ~[na:na]

2023-05-17T18:12:23.904+03:00  WARN 70636 --- [ad | producer-1] org.apache.kafka.clients.NetworkClient   : [Producer clientId=producer-1] Bootstrap broker pkc-4nmjv.francecentral.azure.confluent.cloud:9092 (id: -1 rack: null) disconnected
2023-05-17T18:12:24.916+03:00  INFO 70636 --- [ad | producer-1] o.a.k.common.network.SaslChannelBuilder  : [Producer clientId=producer-1] Failed to create channel due to 

org.apache.kafka.common.errors.SaslAuthenticationException: Failed to configure SaslClientAuthenticator
Caused by: org.apache.kafka.common.KafkaException: Principal could not be determined from Subject, this may be a transient failure due to Kerberos re-login
	at org.apache.kafka.common.security.authenticator.SaslClientAuthenticator.firstPrincipal(SaslClientAuthenticator.java:632) ~[kafka-clients-3.3.2.jar:na]
	at org.apache.kafka.common.security.authenticator.SaslClientAuthenticator.<init>(SaslClientAuthenticator.java:202) ~[kafka-clients-3.3.2.jar:na]
	at org.apache.kafka.common.network.SaslChannelBuilder.buildClientAuthenticator(SaslChannelBuilder.java:286) ~[kafka-clients-3.3.2.jar:na]
	at org.apache.kafka.common.network.SaslChannelBuilder.lambda$buildChannel$1(SaslChannelBuilder.java:228) ~[kafka-clients-3.3.2.jar:na]
	at org.apache.kafka.common.network.KafkaChannel.<init>(KafkaChannel.java:143) ~[kafka-clients-3.3.2.jar:na]
	at org.apache.kafka.common.network.SaslChannelBuilder.buildChannel(SaslChannelBuilder.java:236) ~[kafka-clients-3.3.2.jar:na]
	at org.apache.kafka.common.network.Selector.buildAndAttachKafkaChannel(Selector.java:338) ~[kafka-clients-3.3.2.jar:na]
	at org.apache.kafka.common.network.Selector.registerChannel(Selector.java:329) ~[kafka-clients-3.3.2.jar:na]
	at org.apache.kafka.common.network.Selector.connect(Selector.java:256) ~[kafka-clients-3.3.2.jar:na]
	at org.apache.kafka.clients.NetworkClient.initiateConnect(NetworkClient.java:992) ~[kafka-clients-3.3.2.jar:na]
	at org.apache.kafka.clients.NetworkClient.access$600(NetworkClient.java:73) ~[kafka-clients-3.3.2.jar:na]
	at org.apache.kafka.clients.NetworkClient$DefaultMetadataUpdater.maybeUpdate(NetworkClient.java:1163) ~[kafka-clients-3.3.2.jar:na]
	at org.apache.kafka.clients.NetworkClient$DefaultMetadataUpdater.maybeUpdate(NetworkClient.java:1051) ~[kafka-clients-3.3.2.jar:na]
	at org.apache.kafka.clients.NetworkClient.poll(NetworkClient.java:558) ~[kafka-clients-3.3.2.jar:na]
	at org.apache.kafka.clients.NetworkClientUtils.isReady(NetworkClientUtils.java:42) ~[kafka-clients-3.3.2.jar:na]
	at org.apache.kafka.clients.NetworkClientUtils.awaitReady(NetworkClientUtils.java:64) ~[kafka-clients-3.3.2.jar:na]
	at org.apache.kafka.clients.producer.internals.Sender.awaitNodeReady(Sender.java:534) ~[kafka-clients-3.3.2.jar:na]
	at org.apache.kafka.clients.producer.internals.Sender.maybeSendAndPollTransactionalRequest(Sender.java:455) ~[kafka-clients-3.3.2.jar:na]
	at org.apache.kafka.clients.producer.internals.Sender.runOnce(Sender.java:316) ~[kafka-clients-3.3.2.jar:na]
	at org.apache.kafka.clients.producer.internals.Sender.run(Sender.java:243) ~[kafka-clients-3.3.2.jar:na]
	at java.base/java.lang.Thread.run(Thread.java:833) ~[na:na]

2023-05-17T18:12:24.917+03:00  WARN 70636 --- [ad | producer-1] org.apache.kafka.clients.NetworkClient   : [Producer clientId=producer-1] Error connecting to node pkc-4nmjv.francecentral.azure.confluent.cloud:9092 (id: -1 rack: null)

java.io.IOException: Channel could not be created for socket java.nio.channels.SocketChannel[closed]
	at org.apache.kafka.common.network.Selector.buildAndAttachKafkaChannel(Selector.java:348) ~[kafka-clients-3.3.2.jar:na]
	at org.apache.kafka.common.network.Selector.registerChannel(Selector.java:329) ~[kafka-clients-3.3.2.jar:na]
	at org.apache.kafka.common.network.Selector.connect(Selector.java:256) ~[kafka-clients-3.3.2.jar:na]
	at org.apache.kafka.clients.NetworkClient.initiateConnect(NetworkClient.java:992) ~[kafka-clients-3.3.2.jar:na]
	at org.apache.kafka.clients.NetworkClient.access$600(NetworkClient.java:73) ~[kafka-clients-3.3.2.jar:na]
	at org.apache.kafka.clients.NetworkClient$DefaultMetadataUpdater.maybeUpdate(NetworkClient.java:1163) ~[kafka-clients-3.3.2.jar:na]
	at org.apache.kafka.clients.NetworkClient$DefaultMetadataUpdater.maybeUpdate(NetworkClient.java:1051) ~[kafka-clients-3.3.2.jar:na]
	at org.apache.kafka.clients.NetworkClient.poll(NetworkClient.java:558) ~[kafka-clients-3.3.2.jar:na]
	at org.apache.kafka.clients.NetworkClientUtils.isReady(NetworkClientUtils.java:42) ~[kafka-clients-3.3.2.jar:na]
	at org.apache.kafka.clients.NetworkClientUtils.awaitReady(NetworkClientUtils.java:64) ~[kafka-clients-3.3.2.jar:na]
	at org.apache.kafka.clients.producer.internals.Sender.awaitNodeReady(Sender.java:534) ~[kafka-clients-3.3.2.jar:na]
	at org.apache.kafka.clients.producer.internals.Sender.maybeSendAndPollTransactionalRequest(Sender.java:455) ~[kafka-clients-3.3.2.jar:na]
	at org.apache.kafka.clients.producer.internals.Sender.runOnce(Sender.java:316) ~[kafka-clients-3.3.2.jar:na]
	at org.apache.kafka.clients.producer.internals.Sender.run(Sender.java:243) ~[kafka-clients-3.3.2.jar:na]
	at java.base/java.lang.Thread.run(Thread.java:833) ~[na:na]
Caused by: org.apache.kafka.common.KafkaException: org.apache.kafka.common.errors.SaslAuthenticationException: Failed to configure SaslClientAuthenticator
	at org.apache.kafka.common.network.SaslChannelBuilder.buildChannel(SaslChannelBuilder.java:240) ~[kafka-clients-3.3.2.jar:na]
	at org.apache.kafka.common.network.Selector.buildAndAttachKafkaChannel(Selector.java:338) ~[kafka-clients-3.3.2.jar:na]
	... 14 common frames omitted
Caused by: org.apache.kafka.common.errors.SaslAuthenticationException: Failed to configure SaslClientAuthenticator
Caused by: org.apache.kafka.common.KafkaException: Principal could not be determined from Subject, this may be a transient failure due to Kerberos re-login
	at org.apache.kafka.common.security.authenticator.SaslClientAuthenticator.firstPrincipal(SaslClientAuthenticator.java:632) ~[kafka-clients-3.3.2.jar:na]
	at org.apache.kafka.common.security.authenticator.SaslClientAuthenticator.<init>(SaslClientAuthenticator.java:202) ~[kafka-clients-3.3.2.jar:na]
	at org.apache.kafka.common.network.SaslChannelBuilder.buildClientAuthenticator(SaslChannelBuilder.java:286) ~[kafka-clients-3.3.2.jar:na]
	at org.apache.kafka.common.network.SaslChannelBuilder.lambda$buildChannel$1(SaslChannelBuilder.java:228) ~[kafka-clients-3.3.2.jar:na]
	at org.apache.kafka.common.network.KafkaChannel.<init>(KafkaChannel.java:143) ~[kafka-clients-3.3.2.jar:na]
	at org.apache.kafka.common.network.SaslChannelBuilder.buildChannel(SaslChannelBuilder.java:236) ~[kafka-clients-3.3.2.jar:na]
	at org.apache.kafka.common.network.Selector.buildAndAttachKafkaChannel(Selector.java:338) ~[kafka-clients-3.3.2.jar:na]
	at org.apache.kafka.common.network.Selector.registerChannel(Selector.java:329) ~[kafka-clients-3.3.2.jar:na]
	at org.apache.kafka.common.network.Selector.connect(Selector.java:256) ~[kafka-clients-3.3.2.jar:na]
	at org.apache.kafka.clients.NetworkClient.initiateConnect(NetworkClient.java:992) ~[kafka-clients-3.3.2.jar:na]
	at org.apache.kafka.clients.NetworkClient.access$600(NetworkClient.java:73) ~[kafka-clients-3.3.2.jar:na]
	at org.apache.kafka.clients.NetworkClient$DefaultMetadataUpdater.maybeUpdate(NetworkClient.java:1163) ~[kafka-clients-3.3.2.jar:na]
	at org.apache.kafka.clients.NetworkClient$DefaultMetadataUpdater.maybeUpdate(NetworkClient.java:1051) ~[kafka-clients-3.3.2.jar:na]
	at org.apache.kafka.clients.NetworkClient.poll(NetworkClient.java:558) ~[kafka-clients-3.3.2.jar:na]
	at org.apache.kafka.clients.NetworkClientUtils.isReady(NetworkClientUtils.java:42) ~[kafka-clients-3.3.2.jar:na]
	at org.apache.kafka.clients.NetworkClientUtils.awaitReady(NetworkClientUtils.java:64) ~[kafka-clients-3.3.2.jar:na]
	at org.apache.kafka.clients.producer.internals.Sender.awaitNodeReady(Sender.java:534) ~[kafka-clients-3.3.2.jar:na]
	at org.apache.kafka.clients.producer.internals.Sender.maybeSendAndPollTransactionalRequest(Sender.java:455) ~[kafka-clients-3.3.2.jar:na]
	at org.apache.kafka.clients.producer.internals.Sender.runOnce(Sender.java:316) ~[kafka-clients-3.3.2.jar:na]
	at org.apache.kafka.clients.producer.internals.Sender.run(Sender.java:243) ~[kafka-clients-3.3.2.jar:na]
	at java.base/java.lang.Thread.run(Thread.java:833) ~[na:na]

2023-05-17T18:12:24.918+03:00  WARN 70636 --- [ad | producer-1] org.apache.kafka.clients.NetworkClient   : [Producer clientId=producer-1] Bootstrap broker pkc-4nmjv.francecentral.azure.confluent.cloud:9092 (id: -1 rack: null) disconnected
2023-05-17T18:12:26.135+03:00  INFO 70636 --- [ad | producer-1] o.a.k.common.network.SaslChannelBuilder  : [Producer clientId=producer-1] Failed to create channel due to 

org.apache.kafka.common.errors.SaslAuthenticationException: Failed to configure SaslClientAuthenticator
Caused by: org.apache.kafka.common.KafkaException: Principal could not be determined from Subject, this may be a transient failure due to Kerberos re-login
	at org.apache.kafka.common.security.authenticator.SaslClientAuthenticator.firstPrincipal(SaslClientAuthenticator.java:632) ~[kafka-clients-3.3.2.jar:na]
	at org.apache.kafka.common.security.authenticator.SaslClientAuthenticator.<init>(SaslClientAuthenticator.java:202) ~[kafka-clients-3.3.2.jar:na]
	at org.apache.kafka.common.network.SaslChannelBuilder.buildClientAuthenticator(SaslChannelBuilder.java:286) ~[kafka-clients-3.3.2.jar:na]
	at org.apache.kafka.common.network.SaslChannelBuilder.lambda$buildChannel$1(SaslChannelBuilder.java:228) ~[kafka-clients-3.3.2.jar:na]
	at org.apache.kafka.common.network.KafkaChannel.<init>(KafkaChannel.java:143) ~[kafka-clients-3.3.2.jar:na]
	at org.apache.kafka.common.network.SaslChannelBuilder.buildChannel(SaslChannelBuilder.java:236) ~[kafka-clients-3.3.2.jar:na]
	at org.apache.kafka.common.network.Selector.buildAndAttachKafkaChannel(Selector.java:338) ~[kafka-clients-3.3.2.jar:na]
	at org.apache.kafka.common.network.Selector.registerChannel(Selector.java:329) ~[kafka-clients-3.3.2.jar:na]
	at org.apache.kafka.common.network.Selector.connect(Selector.java:256) ~[kafka-clients-3.3.2.jar:na]
	at org.apache.kafka.clients.NetworkClient.initiateConnect(NetworkClient.java:992) ~[kafka-clients-3.3.2.jar:na]
	at org.apache.kafka.clients.NetworkClient.access$600(NetworkClient.java:73) ~[kafka-clients-3.3.2.jar:na]
	at org.apache.kafka.clients.NetworkClient$DefaultMetadataUpdater.maybeUpdate(NetworkClient.java:1163) ~[kafka-clients-3.3.2.jar:na]
	at org.apache.kafka.clients.NetworkClient$DefaultMetadataUpdater.maybeUpdate(NetworkClient.java:1051) ~[kafka-clients-3.3.2.jar:na]
	at org.apache.kafka.clients.NetworkClient.poll(NetworkClient.java:558) ~[kafka-clients-3.3.2.jar:na]
	at org.apache.kafka.clients.NetworkClientUtils.isReady(NetworkClientUtils.java:42) ~[kafka-clients-3.3.2.jar:na]
	at org.apache.kafka.clients.NetworkClientUtils.awaitReady(NetworkClientUtils.java:64) ~[kafka-clients-3.3.2.jar:na]
	at org.apache.kafka.clients.producer.internals.Sender.awaitNodeReady(Sender.java:534) ~[kafka-clients-3.3.2.jar:na]
	at org.apache.kafka.clients.producer.internals.Sender.maybeSendAndPollTransactionalRequest(Sender.java:455) ~[kafka-clients-3.3.2.jar:na]
	at org.apache.kafka.clients.producer.internals.Sender.runOnce(Sender.java:316) ~[kafka-clients-3.3.2.jar:na]
	at org.apache.kafka.clients.producer.internals.Sender.run(Sender.java:243) ~[kafka-clients-3.3.2.jar:na]
	at java.base/java.lang.Thread.run(Thread.java:833) ~[na:na]

2023-05-17T18:12:26.135+03:00  WARN 70636 --- [ad | producer-1] org.apache.kafka.clients.NetworkClient   : [Producer clientId=producer-1] Error connecting to node pkc-4nmjv.francecentral.azure.confluent.cloud:9092 (id: -1 rack: null)

java.io.IOException: Channel could not be created for socket java.nio.channels.SocketChannel[closed]
	at org.apache.kafka.common.network.Selector.buildAndAttachKafkaChannel(Selector.java:348) ~[kafka-clients-3.3.2.jar:na]
	at org.apache.kafka.common.network.Selector.registerChannel(Selector.java:329) ~[kafka-clients-3.3.2.jar:na]
	at org.apache.kafka.common.network.Selector.connect(Selector.java:256) ~[kafka-clients-3.3.2.jar:na]
	at org.apache.kafka.clients.NetworkClient.initiateConnect(NetworkClient.java:992) ~[kafka-clients-3.3.2.jar:na]
	at org.apache.kafka.clients.NetworkClient.access$600(NetworkClient.java:73) ~[kafka-clients-3.3.2.jar:na]
	at org.apache.kafka.clients.NetworkClient$DefaultMetadataUpdater.maybeUpdate(NetworkClient.java:1163) ~[kafka-clients-3.3.2.jar:na]
	at org.apache.kafka.clients.NetworkClient$DefaultMetadataUpdater.maybeUpdate(NetworkClient.java:1051) ~[kafka-clients-3.3.2.jar:na]
	at org.apache.kafka.clients.NetworkClient.poll(NetworkClient.java:558) ~[kafka-clients-3.3.2.jar:na]
	at org.apache.kafka.clients.NetworkClientUtils.isReady(NetworkClientUtils.java:42) ~[kafka-clients-3.3.2.jar:na]
	at org.apache.kafka.clients.NetworkClientUtils.awaitReady(NetworkClientUtils.java:64) ~[kafka-clients-3.3.2.jar:na]
	at org.apache.kafka.clients.producer.internals.Sender.awaitNodeReady(Sender.java:534) ~[kafka-clients-3.3.2.jar:na]
	at org.apache.kafka.clients.producer.internals.Sender.maybeSendAndPollTransactionalRequest(Sender.java:455) ~[kafka-clients-3.3.2.jar:na]
	at org.apache.kafka.clients.producer.internals.Sender.runOnce(Sender.java:316) ~[kafka-clients-3.3.2.jar:na]
	at org.apache.kafka.clients.producer.internals.Sender.run(Sender.java:243) ~[kafka-clients-3.3.2.jar:na]
	at java.base/java.lang.Thread.run(Thread.java:833) ~[na:na]
Caused by: org.apache.kafka.common.KafkaException: org.apache.kafka.common.errors.SaslAuthenticationException: Failed to configure SaslClientAuthenticator
	at org.apache.kafka.common.network.SaslChannelBuilder.buildChannel(SaslChannelBuilder.java:240) ~[kafka-clients-3.3.2.jar:na]
	at org.apache.kafka.common.network.Selector.buildAndAttachKafkaChannel(Selector.java:338) ~[kafka-clients-3.3.2.jar:na]
	... 14 common frames omitted
Caused by: org.apache.kafka.common.errors.SaslAuthenticationException: Failed to configure SaslClientAuthenticator
Caused by: org.apache.kafka.common.KafkaException: Principal could not be determined from Subject, this may be a transient failure due to Kerberos re-login
	at org.apache.kafka.common.security.authenticator.SaslClientAuthenticator.firstPrincipal(SaslClientAuthenticator.java:632) ~[kafka-clients-3.3.2.jar:na]
	at org.apache.kafka.common.security.authenticator.SaslClientAuthenticator.<init>(SaslClientAuthenticator.java:202) ~[kafka-clients-3.3.2.jar:na]
	at org.apache.kafka.common.network.SaslChannelBuilder.buildClientAuthenticator(SaslChannelBuilder.java:286) ~[kafka-clients-3.3.2.jar:na]
	at org.apache.kafka.common.network.SaslChannelBuilder.lambda$buildChannel$1(SaslChannelBuilder.java:228) ~[kafka-clients-3.3.2.jar:na]
	at org.apache.kafka.common.network.KafkaChannel.<init>(KafkaChannel.java:143) ~[kafka-clients-3.3.2.jar:na]
	at org.apache.kafka.common.network.SaslChannelBuilder.buildChannel(SaslChannelBuilder.java:236) ~[kafka-clients-3.3.2.jar:na]
	at org.apache.kafka.common.network.Selector.buildAndAttachKafkaChannel(Selector.java:338) ~[kafka-clients-3.3.2.jar:na]
	at org.apache.kafka.common.network.Selector.registerChannel(Selector.java:329) ~[kafka-clients-3.3.2.jar:na]
	at org.apache.kafka.common.network.Selector.connect(Selector.java:256) ~[kafka-clients-3.3.2.jar:na]
	at org.apache.kafka.clients.NetworkClient.initiateConnect(NetworkClient.java:992) ~[kafka-clients-3.3.2.jar:na]
	at org.apache.kafka.clients.NetworkClient.access$600(NetworkClient.java:73) ~[kafka-clients-3.3.2.jar:na]
	at org.apache.kafka.clients.NetworkClient$DefaultMetadataUpdater.maybeUpdate(NetworkClient.java:1163) ~[kafka-clients-3.3.2.jar:na]
	at org.apache.kafka.clients.NetworkClient$DefaultMetadataUpdater.maybeUpdate(NetworkClient.java:1051) ~[kafka-clients-3.3.2.jar:na]
	at org.apache.kafka.clients.NetworkClient.poll(NetworkClient.java:558) ~[kafka-clients-3.3.2.jar:na]
	at org.apache.kafka.clients.NetworkClientUtils.isReady(NetworkClientUtils.java:42) ~[kafka-clients-3.3.2.jar:na]
	at org.apache.kafka.clients.NetworkClientUtils.awaitReady(NetworkClientUtils.java:64) ~[kafka-clients-3.3.2.jar:na]
	at org.apache.kafka.clients.producer.internals.Sender.awaitNodeReady(Sender.java:534) ~[kafka-clients-3.3.2.jar:na]
	at org.apache.kafka.clients.producer.internals.Sender.maybeSendAndPollTransactionalRequest(Sender.java:455) ~[kafka-clients-3.3.2.jar:na]
	at org.apache.kafka.clients.producer.internals.Sender.runOnce(Sender.java:316) ~[kafka-clients-3.3.2.jar:na]
	at org.apache.kafka.clients.producer.internals.Sender.run(Sender.java:243) ~[kafka-clients-3.3.2.jar:na]
	at java.base/java.lang.Thread.run(Thread.java:833) ~[na:na]

2023-05-17T18:12:26.135+03:00  WARN 70636 --- [ad | producer-1] org.apache.kafka.clients.NetworkClient   : [Producer clientId=producer-1] Bootstrap broker pkc-4nmjv.francecentral.azure.confluent.cloud:9092 (id: -1 rack: null) disconnected
2023-05-17T18:12:27.195+03:00  INFO 70636 --- [ad | producer-1] o.a.k.common.network.SaslChannelBuilder  : [Producer clientId=producer-1] Failed to create channel due to 

org.apache.kafka.common.errors.SaslAuthenticationException: Failed to configure SaslClientAuthenticator
Caused by: org.apache.kafka.common.KafkaException: Principal could not be determined from Subject, this may be a transient failure due to Kerberos re-login
	at org.apache.kafka.common.security.authenticator.SaslClientAuthenticator.firstPrincipal(SaslClientAuthenticator.java:632) ~[kafka-clients-3.3.2.jar:na]
	at org.apache.kafka.common.security.authenticator.SaslClientAuthenticator.<init>(SaslClientAuthenticator.java:202) ~[kafka-clients-3.3.2.jar:na]
	at org.apache.kafka.common.network.SaslChannelBuilder.buildClientAuthenticator(SaslChannelBuilder.java:286) ~[kafka-clients-3.3.2.jar:na]
	at org.apache.kafka.common.network.SaslChannelBuilder.lambda$buildChannel$1(SaslChannelBuilder.java:228) ~[kafka-clients-3.3.2.jar:na]
	at org.apache.kafka.common.network.KafkaChannel.<init>(KafkaChannel.java:143) ~[kafka-clients-3.3.2.jar:na]
	at org.apache.kafka.common.network.SaslChannelBuilder.buildChannel(SaslChannelBuilder.java:236) ~[kafka-clients-3.3.2.jar:na]
	at org.apache.kafka.common.network.Selector.buildAndAttachKafkaChannel(Selector.java:338) ~[kafka-clients-3.3.2.jar:na]
	at org.apache.kafka.common.network.Selector.registerChannel(Selector.java:329) ~[kafka-clients-3.3.2.jar:na]
	at org.apache.kafka.common.network.Selector.connect(Selector.java:256) ~[kafka-clients-3.3.2.jar:na]
	at org.apache.kafka.clients.NetworkClient.initiateConnect(NetworkClient.java:992) ~[kafka-clients-3.3.2.jar:na]
	at org.apache.kafka.clients.NetworkClient.access$600(NetworkClient.java:73) ~[kafka-clients-3.3.2.jar:na]
	at org.apache.kafka.clients.NetworkClient$DefaultMetadataUpdater.maybeUpdate(NetworkClient.java:1163) ~[kafka-clients-3.3.2.jar:na]
	at org.apache.kafka.clients.NetworkClient$DefaultMetadataUpdater.maybeUpdate(NetworkClient.java:1051) ~[kafka-clients-3.3.2.jar:na]
	at org.apache.kafka.clients.NetworkClient.poll(NetworkClient.java:558) ~[kafka-clients-3.3.2.jar:na]
	at org.apache.kafka.clients.NetworkClientUtils.isReady(NetworkClientUtils.java:42) ~[kafka-clients-3.3.2.jar:na]
	at org.apache.kafka.clients.NetworkClientUtils.awaitReady(NetworkClientUtils.java:64) ~[kafka-clients-3.3.2.jar:na]
	at org.apache.kafka.clients.producer.internals.Sender.awaitNodeReady(Sender.java:534) ~[kafka-clients-3.3.2.jar:na]
	at org.apache.kafka.clients.producer.internals.Sender.maybeSendAndPollTransactionalRequest(Sender.java:455) ~[kafka-clients-3.3.2.jar:na]
	at org.apache.kafka.clients.producer.internals.Sender.runOnce(Sender.java:316) ~[kafka-clients-3.3.2.jar:na]
	at org.apache.kafka.clients.producer.internals.Sender.run(Sender.java:243) ~[kafka-clients-3.3.2.jar:na]
	at java.base/java.lang.Thread.run(Thread.java:833) ~[na:na]

2023-05-17T18:12:27.196+03:00  WARN 70636 --- [ad | producer-1] org.apache.kafka.clients.NetworkClient   : [Producer clientId=producer-1] Error connecting to node pkc-4nmjv.francecentral.azure.confluent.cloud:9092 (id: -1 rack: null)

java.io.IOException: Channel could not be created for socket java.nio.channels.SocketChannel[closed]
	at org.apache.kafka.common.network.Selector.buildAndAttachKafkaChannel(Selector.java:348) ~[kafka-clients-3.3.2.jar:na]
	at org.apache.kafka.common.network.Selector.registerChannel(Selector.java:329) ~[kafka-clients-3.3.2.jar:na]
	at org.apache.kafka.common.network.Selector.connect(Selector.java:256) ~[kafka-clients-3.3.2.jar:na]
	at org.apache.kafka.clients.NetworkClient.initiateConnect(NetworkClient.java:992) ~[kafka-clients-3.3.2.jar:na]
	at org.apache.kafka.clients.NetworkClient.access$600(NetworkClient.java:73) ~[kafka-clients-3.3.2.jar:na]
	at org.apache.kafka.clients.NetworkClient$DefaultMetadataUpdater.maybeUpdate(NetworkClient.java:1163) ~[kafka-clients-3.3.2.jar:na]
	at org.apache.kafka.clients.NetworkClient$DefaultMetadataUpdater.maybeUpdate(NetworkClient.java:1051) ~[kafka-clients-3.3.2.jar:na]
	at org.apache.kafka.clients.NetworkClient.poll(NetworkClient.java:558) ~[kafka-clients-3.3.2.jar:na]
	at org.apache.kafka.clients.NetworkClientUtils.isReady(NetworkClientUtils.java:42) ~[kafka-clients-3.3.2.jar:na]
	at org.apache.kafka.clients.NetworkClientUtils.awaitReady(NetworkClientUtils.java:64) ~[kafka-clients-3.3.2.jar:na]
	at org.apache.kafka.clients.producer.internals.Sender.awaitNodeReady(Sender.java:534) ~[kafka-clients-3.3.2.jar:na]
	at org.apache.kafka.clients.producer.internals.Sender.maybeSendAndPollTransactionalRequest(Sender.java:455) ~[kafka-clients-3.3.2.jar:na]
	at org.apache.kafka.clients.producer.internals.Sender.runOnce(Sender.java:316) ~[kafka-clients-3.3.2.jar:na]
	at org.apache.kafka.clients.producer.internals.Sender.run(Sender.java:243) ~[kafka-clients-3.3.2.jar:na]
	at java.base/java.lang.Thread.run(Thread.java:833) ~[na:na]
Caused by: org.apache.kafka.common.KafkaException: org.apache.kafka.common.errors.SaslAuthenticationException: Failed to configure SaslClientAuthenticator
	at org.apache.kafka.common.network.SaslChannelBuilder.buildChannel(SaslChannelBuilder.java:240) ~[kafka-clients-3.3.2.jar:na]
	at org.apache.kafka.common.network.Selector.buildAndAttachKafkaChannel(Selector.java:338) ~[kafka-clients-3.3.2.jar:na]
	... 14 common frames omitted
Caused by: org.apache.kafka.common.errors.SaslAuthenticationException: Failed to configure SaslClientAuthenticator
Caused by: org.apache.kafka.common.KafkaException: Principal could not be determined from Subject, this may be a transient failure due to Kerberos re-login
	at org.apache.kafka.common.security.authenticator.SaslClientAuthenticator.firstPrincipal(SaslClientAuthenticator.java:632) ~[kafka-clients-3.3.2.jar:na]
	at org.apache.kafka.common.security.authenticator.SaslClientAuthenticator.<init>(SaslClientAuthenticator.java:202) ~[kafka-clients-3.3.2.jar:na]
	at org.apache.kafka.common.network.SaslChannelBuilder.buildClientAuthenticator(SaslChannelBuilder.java:286) ~[kafka-clients-3.3.2.jar:na]
	at org.apache.kafka.common.network.SaslChannelBuilder.lambda$buildChannel$1(SaslChannelBuilder.java:228) ~[kafka-clients-3.3.2.jar:na]
	at org.apache.kafka.common.network.KafkaChannel.<init>(KafkaChannel.java:143) ~[kafka-clients-3.3.2.jar:na]
	at org.apache.kafka.common.network.SaslChannelBuilder.buildChannel(SaslChannelBuilder.java:236) ~[kafka-clients-3.3.2.jar:na]
	at org.apache.kafka.common.network.Selector.buildAndAttachKafkaChannel(Selector.java:338) ~[kafka-clients-3.3.2.jar:na]
	at org.apache.kafka.common.network.Selector.registerChannel(Selector.java:329) ~[kafka-clients-3.3.2.jar:na]
	at org.apache.kafka.common.network.Selector.connect(Selector.java:256) ~[kafka-clients-3.3.2.jar:na]
	at org.apache.kafka.clients.NetworkClient.initiateConnect(NetworkClient.java:992) ~[kafka-clients-3.3.2.jar:na]
	at org.apache.kafka.clients.NetworkClient.access$600(NetworkClient.java:73) ~[kafka-clients-3.3.2.jar:na]
	at org.apache.kafka.clients.NetworkClient$DefaultMetadataUpdater.maybeUpdate(NetworkClient.java:1163) ~[kafka-clients-3.3.2.jar:na]
	at org.apache.kafka.clients.NetworkClient$DefaultMetadataUpdater.maybeUpdate(NetworkClient.java:1051) ~[kafka-clients-3.3.2.jar:na]
	at org.apache.kafka.clients.NetworkClient.poll(NetworkClient.java:558) ~[kafka-clients-3.3.2.jar:na]
	at org.apache.kafka.clients.NetworkClientUtils.isReady(NetworkClientUtils.java:42) ~[kafka-clients-3.3.2.jar:na]
	at org.apache.kafka.clients.NetworkClientUtils.awaitReady(NetworkClientUtils.java:64) ~[kafka-clients-3.3.2.jar:na]
	at org.apache.kafka.clients.producer.internals.Sender.awaitNodeReady(Sender.java:534) ~[kafka-clients-3.3.2.jar:na]
	at org.apache.kafka.clients.producer.internals.Sender.maybeSendAndPollTransactionalRequest(Sender.java:455) ~[kafka-clients-3.3.2.jar:na]
	at org.apache.kafka.clients.producer.internals.Sender.runOnce(Sender.java:316) ~[kafka-clients-3.3.2.jar:na]
	at org.apache.kafka.clients.producer.internals.Sender.run(Sender.java:243) ~[kafka-clients-3.3.2.jar:na]
	at java.base/java.lang.Thread.run(Thread.java:833) ~[na:na]

2023-05-17T18:12:27.197+03:00  WARN 70636 --- [ad | producer-1] org.apache.kafka.clients.NetworkClient   : [Producer clientId=producer-1] Bootstrap broker pkc-4nmjv.francecentral.azure.confluent.cloud:9092 (id: -1 rack: null) disconnected
2023-05-17T18:12:28.360+03:00  INFO 70636 --- [ad | producer-1] o.a.k.common.network.SaslChannelBuilder  : [Producer clientId=producer-1] Failed to create channel due to 

org.apache.kafka.common.errors.SaslAuthenticationException: Failed to configure SaslClientAuthenticator
Caused by: org.apache.kafka.common.KafkaException: Principal could not be determined from Subject, this may be a transient failure due to Kerberos re-login
	at org.apache.kafka.common.security.authenticator.SaslClientAuthenticator.firstPrincipal(SaslClientAuthenticator.java:632) ~[kafka-clients-3.3.2.jar:na]
	at org.apache.kafka.common.security.authenticator.SaslClientAuthenticator.<init>(SaslClientAuthenticator.java:202) ~[kafka-clients-3.3.2.jar:na]
	at org.apache.kafka.common.network.SaslChannelBuilder.buildClientAuthenticator(SaslChannelBuilder.java:286) ~[kafka-clients-3.3.2.jar:na]
	at org.apache.kafka.common.network.SaslChannelBuilder.lambda$buildChannel$1(SaslChannelBuilder.java:228) ~[kafka-clients-3.3.2.jar:na]
	at org.apache.kafka.common.network.KafkaChannel.<init>(KafkaChannel.java:143) ~[kafka-clients-3.3.2.jar:na]
	at org.apache.kafka.common.network.SaslChannelBuilder.buildChannel(SaslChannelBuilder.java:236) ~[kafka-clients-3.3.2.jar:na]
	at org.apache.kafka.common.network.Selector.buildAndAttachKafkaChannel(Selector.java:338) ~[kafka-clients-3.3.2.jar:na]
	at org.apache.kafka.common.network.Selector.registerChannel(Selector.java:329) ~[kafka-clients-3.3.2.jar:na]
	at org.apache.kafka.common.network.Selector.connect(Selector.java:256) ~[kafka-clients-3.3.2.jar:na]
	at org.apache.kafka.clients.NetworkClient.initiateConnect(NetworkClient.java:992) ~[kafka-clients-3.3.2.jar:na]
	at org.apache.kafka.clients.NetworkClient.access$600(NetworkClient.java:73) ~[kafka-clients-3.3.2.jar:na]
	at org.apache.kafka.clients.NetworkClient$DefaultMetadataUpdater.maybeUpdate(NetworkClient.java:1163) ~[kafka-clients-3.3.2.jar:na]
	at org.apache.kafka.clients.NetworkClient$DefaultMetadataUpdater.maybeUpdate(NetworkClient.java:1051) ~[kafka-clients-3.3.2.jar:na]
	at org.apache.kafka.clients.NetworkClient.poll(NetworkClient.java:558) ~[kafka-clients-3.3.2.jar:na]
	at org.apache.kafka.clients.NetworkClientUtils.isReady(NetworkClientUtils.java:42) ~[kafka-clients-3.3.2.jar:na]
	at org.apache.kafka.clients.NetworkClientUtils.awaitReady(NetworkClientUtils.java:64) ~[kafka-clients-3.3.2.jar:na]
	at org.apache.kafka.clients.producer.internals.Sender.awaitNodeReady(Sender.java:534) ~[kafka-clients-3.3.2.jar:na]
	at org.apache.kafka.clients.producer.internals.Sender.maybeSendAndPollTransactionalRequest(Sender.java:455) ~[kafka-clients-3.3.2.jar:na]
	at org.apache.kafka.clients.producer.internals.Sender.runOnce(Sender.java:316) ~[kafka-clients-3.3.2.jar:na]
	at org.apache.kafka.clients.producer.internals.Sender.run(Sender.java:243) ~[kafka-clients-3.3.2.jar:na]
	at java.base/java.lang.Thread.run(Thread.java:833) ~[na:na]

2023-05-17T18:12:28.360+03:00  WARN 70636 --- [ad | producer-1] org.apache.kafka.clients.NetworkClient   : [Producer clientId=producer-1] Error connecting to node pkc-4nmjv.francecentral.azure.confluent.cloud:9092 (id: -1 rack: null)

java.io.IOException: Channel could not be created for socket java.nio.channels.SocketChannel[closed]
	at org.apache.kafka.common.network.Selector.buildAndAttachKafkaChannel(Selector.java:348) ~[kafka-clients-3.3.2.jar:na]
	at org.apache.kafka.common.network.Selector.registerChannel(Selector.java:329) ~[kafka-clients-3.3.2.jar:na]
	at org.apache.kafka.common.network.Selector.connect(Selector.java:256) ~[kafka-clients-3.3.2.jar:na]
	at org.apache.kafka.clients.NetworkClient.initiateConnect(NetworkClient.java:992) ~[kafka-clients-3.3.2.jar:na]
	at org.apache.kafka.clients.NetworkClient.access$600(NetworkClient.java:73) ~[kafka-clients-3.3.2.jar:na]
	at org.apache.kafka.clients.NetworkClient$DefaultMetadataUpdater.maybeUpdate(NetworkClient.java:1163) ~[kafka-clients-3.3.2.jar:na]
	at org.apache.kafka.clients.NetworkClient$DefaultMetadataUpdater.maybeUpdate(NetworkClient.java:1051) ~[kafka-clients-3.3.2.jar:na]
	at org.apache.kafka.clients.NetworkClient.poll(NetworkClient.java:558) ~[kafka-clients-3.3.2.jar:na]
	at org.apache.kafka.clients.NetworkClientUtils.isReady(NetworkClientUtils.java:42) ~[kafka-clients-3.3.2.jar:na]
	at org.apache.kafka.clients.NetworkClientUtils.awaitReady(NetworkClientUtils.java:64) ~[kafka-clients-3.3.2.jar:na]
	at org.apache.kafka.clients.producer.internals.Sender.awaitNodeReady(Sender.java:534) ~[kafka-clients-3.3.2.jar:na]
	at org.apache.kafka.clients.producer.internals.Sender.maybeSendAndPollTransactionalRequest(Sender.java:455) ~[kafka-clients-3.3.2.jar:na]
	at org.apache.kafka.clients.producer.internals.Sender.runOnce(Sender.java:316) ~[kafka-clients-3.3.2.jar:na]
	at org.apache.kafka.clients.producer.internals.Sender.run(Sender.java:243) ~[kafka-clients-3.3.2.jar:na]
	at java.base/java.lang.Thread.run(Thread.java:833) ~[na:na]
Caused by: org.apache.kafka.common.KafkaException: org.apache.kafka.common.errors.SaslAuthenticationException: Failed to configure SaslClientAuthenticator
	at org.apache.kafka.common.network.SaslChannelBuilder.buildChannel(SaslChannelBuilder.java:240) ~[kafka-clients-3.3.2.jar:na]
	at org.apache.kafka.common.network.Selector.buildAndAttachKafkaChannel(Selector.java:338) ~[kafka-clients-3.3.2.jar:na]
	... 14 common frames omitted
Caused by: org.apache.kafka.common.errors.SaslAuthenticationException: Failed to configure SaslClientAuthenticator
Caused by: org.apache.kafka.common.KafkaException: Principal could not be determined from Subject, this may be a transient failure due to Kerberos re-login
	at org.apache.kafka.common.security.authenticator.SaslClientAuthenticator.firstPrincipal(SaslClientAuthenticator.java:632) ~[kafka-clients-3.3.2.jar:na]
	at org.apache.kafka.common.security.authenticator.SaslClientAuthenticator.<init>(SaslClientAuthenticator.java:202) ~[kafka-clients-3.3.2.jar:na]
	at org.apache.kafka.common.network.SaslChannelBuilder.buildClientAuthenticator(SaslChannelBuilder.java:286) ~[kafka-clients-3.3.2.jar:na]
	at org.apache.kafka.common.network.SaslChannelBuilder.lambda$buildChannel$1(SaslChannelBuilder.java:228) ~[kafka-clients-3.3.2.jar:na]
	at org.apache.kafka.common.network.KafkaChannel.<init>(KafkaChannel.java:143) ~[kafka-clients-3.3.2.jar:na]
	at org.apache.kafka.common.network.SaslChannelBuilder.buildChannel(SaslChannelBuilder.java:236) ~[kafka-clients-3.3.2.jar:na]
	at org.apache.kafka.common.network.Selector.buildAndAttachKafkaChannel(Selector.java:338) ~[kafka-clients-3.3.2.jar:na]
	at org.apache.kafka.common.network.Selector.registerChannel(Selector.java:329) ~[kafka-clients-3.3.2.jar:na]
	at org.apache.kafka.common.network.Selector.connect(Selector.java:256) ~[kafka-clients-3.3.2.jar:na]
	at org.apache.kafka.clients.NetworkClient.initiateConnect(NetworkClient.java:992) ~[kafka-clients-3.3.2.jar:na]
	at org.apache.kafka.clients.NetworkClient.access$600(NetworkClient.java:73) ~[kafka-clients-3.3.2.jar:na]
	at org.apache.kafka.clients.NetworkClient$DefaultMetadataUpdater.maybeUpdate(NetworkClient.java:1163) ~[kafka-clients-3.3.2.jar:na]
	at org.apache.kafka.clients.NetworkClient$DefaultMetadataUpdater.maybeUpdate(NetworkClient.java:1051) ~[kafka-clients-3.3.2.jar:na]
	at org.apache.kafka.clients.NetworkClient.poll(NetworkClient.java:558) ~[kafka-clients-3.3.2.jar:na]
	at org.apache.kafka.clients.NetworkClientUtils.isReady(NetworkClientUtils.java:42) ~[kafka-clients-3.3.2.jar:na]
	at org.apache.kafka.clients.NetworkClientUtils.awaitReady(NetworkClientUtils.java:64) ~[kafka-clients-3.3.2.jar:na]
	at org.apache.kafka.clients.producer.internals.Sender.awaitNodeReady(Sender.java:534) ~[kafka-clients-3.3.2.jar:na]
	at org.apache.kafka.clients.producer.internals.Sender.maybeSendAndPollTransactionalRequest(Sender.java:455) ~[kafka-clients-3.3.2.jar:na]
	at org.apache.kafka.clients.producer.internals.Sender.runOnce(Sender.java:316) ~[kafka-clients-3.3.2.jar:na]
	at org.apache.kafka.clients.producer.internals.Sender.run(Sender.java:243) ~[kafka-clients-3.3.2.jar:na]
	at java.base/java.lang.Thread.run(Thread.java:833) ~[na:na]

2023-05-17T18:12:28.360+03:00  WARN 70636 --- [ad | producer-1] org.apache.kafka.clients.NetworkClient   : [Producer clientId=producer-1] Bootstrap broker pkc-4nmjv.francecentral.azure.confluent.cloud:9092 (id: -1 rack: null) disconnected
2023-05-17T18:12:29.322+03:00  INFO 70636 --- [ad | producer-1] o.a.k.common.network.SaslChannelBuilder  : [Producer clientId=producer-1] Failed to create channel due to 

org.apache.kafka.common.errors.SaslAuthenticationException: Failed to configure SaslClientAuthenticator
Caused by: org.apache.kafka.common.KafkaException: Principal could not be determined from Subject, this may be a transient failure due to Kerberos re-login
	at org.apache.kafka.common.security.authenticator.SaslClientAuthenticator.firstPrincipal(SaslClientAuthenticator.java:632) ~[kafka-clients-3.3.2.jar:na]
	at org.apache.kafka.common.security.authenticator.SaslClientAuthenticator.<init>(SaslClientAuthenticator.java:202) ~[kafka-clients-3.3.2.jar:na]
	at org.apache.kafka.common.network.SaslChannelBuilder.buildClientAuthenticator(SaslChannelBuilder.java:286) ~[kafka-clients-3.3.2.jar:na]
	at org.apache.kafka.common.network.SaslChannelBuilder.lambda$buildChannel$1(SaslChannelBuilder.java:228) ~[kafka-clients-3.3.2.jar:na]
	at org.apache.kafka.common.network.KafkaChannel.<init>(KafkaChannel.java:143) ~[kafka-clients-3.3.2.jar:na]
	at org.apache.kafka.common.network.SaslChannelBuilder.buildChannel(SaslChannelBuilder.java:236) ~[kafka-clients-3.3.2.jar:na]
	at org.apache.kafka.common.network.Selector.buildAndAttachKafkaChannel(Selector.java:338) ~[kafka-clients-3.3.2.jar:na]
	at org.apache.kafka.common.network.Selector.registerChannel(Selector.java:329) ~[kafka-clients-3.3.2.jar:na]
	at org.apache.kafka.common.network.Selector.connect(Selector.java:256) ~[kafka-clients-3.3.2.jar:na]
	at org.apache.kafka.clients.NetworkClient.initiateConnect(NetworkClient.java:992) ~[kafka-clients-3.3.2.jar:na]
	at org.apache.kafka.clients.NetworkClient.access$600(NetworkClient.java:73) ~[kafka-clients-3.3.2.jar:na]
	at org.apache.kafka.clients.NetworkClient$DefaultMetadataUpdater.maybeUpdate(NetworkClient.java:1163) ~[kafka-clients-3.3.2.jar:na]
	at org.apache.kafka.clients.NetworkClient$DefaultMetadataUpdater.maybeUpdate(NetworkClient.java:1051) ~[kafka-clients-3.3.2.jar:na]
	at org.apache.kafka.clients.NetworkClient.poll(NetworkClient.java:558) ~[kafka-clients-3.3.2.jar:na]
	at org.apache.kafka.clients.NetworkClientUtils.isReady(NetworkClientUtils.java:42) ~[kafka-clients-3.3.2.jar:na]
	at org.apache.kafka.clients.NetworkClientUtils.awaitReady(NetworkClientUtils.java:64) ~[kafka-clients-3.3.2.jar:na]
	at org.apache.kafka.clients.producer.internals.Sender.awaitNodeReady(Sender.java:534) ~[kafka-clients-3.3.2.jar:na]
	at org.apache.kafka.clients.producer.internals.Sender.maybeSendAndPollTransactionalRequest(Sender.java:455) ~[kafka-clients-3.3.2.jar:na]
	at org.apache.kafka.clients.producer.internals.Sender.runOnce(Sender.java:316) ~[kafka-clients-3.3.2.jar:na]
	at org.apache.kafka.clients.producer.internals.Sender.run(Sender.java:243) ~[kafka-clients-3.3.2.jar:na]
	at java.base/java.lang.Thread.run(Thread.java:833) ~[na:na]

2023-05-17T18:12:29.323+03:00  WARN 70636 --- [ad | producer-1] org.apache.kafka.clients.NetworkClient   : [Producer clientId=producer-1] Error connecting to node pkc-4nmjv.francecentral.azure.confluent.cloud:9092 (id: -1 rack: null)

java.io.IOException: Channel could not be created for socket java.nio.channels.SocketChannel[closed]
	at org.apache.kafka.common.network.Selector.buildAndAttachKafkaChannel(Selector.java:348) ~[kafka-clients-3.3.2.jar:na]
	at org.apache.kafka.common.network.Selector.registerChannel(Selector.java:329) ~[kafka-clients-3.3.2.jar:na]
	at org.apache.kafka.common.network.Selector.connect(Selector.java:256) ~[kafka-clients-3.3.2.jar:na]
	at org.apache.kafka.clients.NetworkClient.initiateConnect(NetworkClient.java:992) ~[kafka-clients-3.3.2.jar:na]
	at org.apache.kafka.clients.NetworkClient.access$600(NetworkClient.java:73) ~[kafka-clients-3.3.2.jar:na]
	at org.apache.kafka.clients.NetworkClient$DefaultMetadataUpdater.maybeUpdate(NetworkClient.java:1163) ~[kafka-clients-3.3.2.jar:na]
	at org.apache.kafka.clients.NetworkClient$DefaultMetadataUpdater.maybeUpdate(NetworkClient.java:1051) ~[kafka-clients-3.3.2.jar:na]
	at org.apache.kafka.clients.NetworkClient.poll(NetworkClient.java:558) ~[kafka-clients-3.3.2.jar:na]
	at org.apache.kafka.clients.NetworkClientUtils.isReady(NetworkClientUtils.java:42) ~[kafka-clients-3.3.2.jar:na]
	at org.apache.kafka.clients.NetworkClientUtils.awaitReady(NetworkClientUtils.java:64) ~[kafka-clients-3.3.2.jar:na]
	at org.apache.kafka.clients.producer.internals.Sender.awaitNodeReady(Sender.java:534) ~[kafka-clients-3.3.2.jar:na]
	at org.apache.kafka.clients.producer.internals.Sender.maybeSendAndPollTransactionalRequest(Sender.java:455) ~[kafka-clients-3.3.2.jar:na]
	at org.apache.kafka.clients.producer.internals.Sender.runOnce(Sender.java:316) ~[kafka-clients-3.3.2.jar:na]
	at org.apache.kafka.clients.producer.internals.Sender.run(Sender.java:243) ~[kafka-clients-3.3.2.jar:na]
	at java.base/java.lang.Thread.run(Thread.java:833) ~[na:na]
Caused by: org.apache.kafka.common.KafkaException: org.apache.kafka.common.errors.SaslAuthenticationException: Failed to configure SaslClientAuthenticator
	at org.apache.kafka.common.network.SaslChannelBuilder.buildChannel(SaslChannelBuilder.java:240) ~[kafka-clients-3.3.2.jar:na]
	at org.apache.kafka.common.network.Selector.buildAndAttachKafkaChannel(Selector.java:338) ~[kafka-clients-3.3.2.jar:na]
	... 14 common frames omitted
Caused by: org.apache.kafka.common.errors.SaslAuthenticationException: Failed to configure SaslClientAuthenticator
Caused by: org.apache.kafka.common.KafkaException: Principal could not be determined from Subject, this may be a transient failure due to Kerberos re-login
	at org.apache.kafka.common.security.authenticator.SaslClientAuthenticator.firstPrincipal(SaslClientAuthenticator.java:632) ~[kafka-clients-3.3.2.jar:na]
	at org.apache.kafka.common.security.authenticator.SaslClientAuthenticator.<init>(SaslClientAuthenticator.java:202) ~[kafka-clients-3.3.2.jar:na]
	at org.apache.kafka.common.network.SaslChannelBuilder.buildClientAuthenticator(SaslChannelBuilder.java:286) ~[kafka-clients-3.3.2.jar:na]
	at org.apache.kafka.common.network.SaslChannelBuilder.lambda$buildChannel$1(SaslChannelBuilder.java:228) ~[kafka-clients-3.3.2.jar:na]
	at org.apache.kafka.common.network.KafkaChannel.<init>(KafkaChannel.java:143) ~[kafka-clients-3.3.2.jar:na]
	at org.apache.kafka.common.network.SaslChannelBuilder.buildChannel(SaslChannelBuilder.java:236) ~[kafka-clients-3.3.2.jar:na]
	at org.apache.kafka.common.network.Selector.buildAndAttachKafkaChannel(Selector.java:338) ~[kafka-clients-3.3.2.jar:na]
	at org.apache.kafka.common.network.Selector.registerChannel(Selector.java:329) ~[kafka-clients-3.3.2.jar:na]
	at org.apache.kafka.common.network.Selector.connect(Selector.java:256) ~[kafka-clients-3.3.2.jar:na]
	at org.apache.kafka.clients.NetworkClient.initiateConnect(NetworkClient.java:992) ~[kafka-clients-3.3.2.jar:na]
	at org.apache.kafka.clients.NetworkClient.access$600(NetworkClient.java:73) ~[kafka-clients-3.3.2.jar:na]
	at org.apache.kafka.clients.NetworkClient$DefaultMetadataUpdater.maybeUpdate(NetworkClient.java:1163) ~[kafka-clients-3.3.2.jar:na]
	at org.apache.kafka.clients.NetworkClient$DefaultMetadataUpdater.maybeUpdate(NetworkClient.java:1051) ~[kafka-clients-3.3.2.jar:na]
	at org.apache.kafka.clients.NetworkClient.poll(NetworkClient.java:558) ~[kafka-clients-3.3.2.jar:na]
	at org.apache.kafka.clients.NetworkClientUtils.isReady(NetworkClientUtils.java:42) ~[kafka-clients-3.3.2.jar:na]
	at org.apache.kafka.clients.NetworkClientUtils.awaitReady(NetworkClientUtils.java:64) ~[kafka-clients-3.3.2.jar:na]
	at org.apache.kafka.clients.producer.internals.Sender.awaitNodeReady(Sender.java:534) ~[kafka-clients-3.3.2.jar:na]
	at org.apache.kafka.clients.producer.internals.Sender.maybeSendAndPollTransactionalRequest(Sender.java:455) ~[kafka-clients-3.3.2.jar:na]
	at org.apache.kafka.clients.producer.internals.Sender.runOnce(Sender.java:316) ~[kafka-clients-3.3.2.jar:na]
	at org.apache.kafka.clients.producer.internals.Sender.run(Sender.java:243) ~[kafka-clients-3.3.2.jar:na]
	at java.base/java.lang.Thread.run(Thread.java:833) ~[na:na]

2023-05-17T18:12:29.324+03:00  WARN 70636 --- [ad | producer-1] org.apache.kafka.clients.NetworkClient   : [Producer clientId=producer-1] Bootstrap broker pkc-4nmjv.francecentral.azure.confluent.cloud:9092 (id: -1 rack: null) disconnected
2023-05-17T18:12:30.232+03:00  INFO 70636 --- [ad | producer-1] o.a.k.common.network.SaslChannelBuilder  : [Producer clientId=producer-1] Failed to create channel due to 

org.apache.kafka.common.errors.SaslAuthenticationException: Failed to configure SaslClientAuthenticator
Caused by: org.apache.kafka.common.KafkaException: Principal could not be determined from Subject, this may be a transient failure due to Kerberos re-login
	at org.apache.kafka.common.security.authenticator.SaslClientAuthenticator.firstPrincipal(SaslClientAuthenticator.java:632) ~[kafka-clients-3.3.2.jar:na]
	at org.apache.kafka.common.security.authenticator.SaslClientAuthenticator.<init>(SaslClientAuthenticator.java:202) ~[kafka-clients-3.3.2.jar:na]
	at org.apache.kafka.common.network.SaslChannelBuilder.buildClientAuthenticator(SaslChannelBuilder.java:286) ~[kafka-clients-3.3.2.jar:na]
	at org.apache.kafka.common.network.SaslChannelBuilder.lambda$buildChannel$1(SaslChannelBuilder.java:228) ~[kafka-clients-3.3.2.jar:na]
	at org.apache.kafka.common.network.KafkaChannel.<init>(KafkaChannel.java:143) ~[kafka-clients-3.3.2.jar:na]
	at org.apache.kafka.common.network.SaslChannelBuilder.buildChannel(SaslChannelBuilder.java:236) ~[kafka-clients-3.3.2.jar:na]
	at org.apache.kafka.common.network.Selector.buildAndAttachKafkaChannel(Selector.java:338) ~[kafka-clients-3.3.2.jar:na]
	at org.apache.kafka.common.network.Selector.registerChannel(Selector.java:329) ~[kafka-clients-3.3.2.jar:na]
	at org.apache.kafka.common.network.Selector.connect(Selector.java:256) ~[kafka-clients-3.3.2.jar:na]
	at org.apache.kafka.clients.NetworkClient.initiateConnect(NetworkClient.java:992) ~[kafka-clients-3.3.2.jar:na]
	at org.apache.kafka.clients.NetworkClient.access$600(NetworkClient.java:73) ~[kafka-clients-3.3.2.jar:na]
	at org.apache.kafka.clients.NetworkClient$DefaultMetadataUpdater.maybeUpdate(NetworkClient.java:1163) ~[kafka-clients-3.3.2.jar:na]
	at org.apache.kafka.clients.NetworkClient$DefaultMetadataUpdater.maybeUpdate(NetworkClient.java:1051) ~[kafka-clients-3.3.2.jar:na]
	at org.apache.kafka.clients.NetworkClient.poll(NetworkClient.java:558) ~[kafka-clients-3.3.2.jar:na]
	at org.apache.kafka.clients.NetworkClientUtils.isReady(NetworkClientUtils.java:42) ~[kafka-clients-3.3.2.jar:na]
	at org.apache.kafka.clients.NetworkClientUtils.awaitReady(NetworkClientUtils.java:64) ~[kafka-clients-3.3.2.jar:na]
	at org.apache.kafka.clients.producer.internals.Sender.awaitNodeReady(Sender.java:534) ~[kafka-clients-3.3.2.jar:na]
	at org.apache.kafka.clients.producer.internals.Sender.maybeSendAndPollTransactionalRequest(Sender.java:455) ~[kafka-clients-3.3.2.jar:na]
	at org.apache.kafka.clients.producer.internals.Sender.runOnce(Sender.java:316) ~[kafka-clients-3.3.2.jar:na]
	at org.apache.kafka.clients.producer.internals.Sender.run(Sender.java:243) ~[kafka-clients-3.3.2.jar:na]
	at java.base/java.lang.Thread.run(Thread.java:833) ~[na:na]

2023-05-17T18:12:30.233+03:00  WARN 70636 --- [ad | producer-1] org.apache.kafka.clients.NetworkClient   : [Producer clientId=producer-1] Error connecting to node pkc-4nmjv.francecentral.azure.confluent.cloud:9092 (id: -1 rack: null)

java.io.IOException: Channel could not be created for socket java.nio.channels.SocketChannel[closed]
	at org.apache.kafka.common.network.Selector.buildAndAttachKafkaChannel(Selector.java:348) ~[kafka-clients-3.3.2.jar:na]
	at org.apache.kafka.common.network.Selector.registerChannel(Selector.java:329) ~[kafka-clients-3.3.2.jar:na]
	at org.apache.kafka.common.network.Selector.connect(Selector.java:256) ~[kafka-clients-3.3.2.jar:na]
	at org.apache.kafka.clients.NetworkClient.initiateConnect(NetworkClient.java:992) ~[kafka-clients-3.3.2.jar:na]
	at org.apache.kafka.clients.NetworkClient.access$600(NetworkClient.java:73) ~[kafka-clients-3.3.2.jar:na]
	at org.apache.kafka.clients.NetworkClient$DefaultMetadataUpdater.maybeUpdate(NetworkClient.java:1163) ~[kafka-clients-3.3.2.jar:na]
	at org.apache.kafka.clients.NetworkClient$DefaultMetadataUpdater.maybeUpdate(NetworkClient.java:1051) ~[kafka-clients-3.3.2.jar:na]
	at org.apache.kafka.clients.NetworkClient.poll(NetworkClient.java:558) ~[kafka-clients-3.3.2.jar:na]
	at org.apache.kafka.clients.NetworkClientUtils.isReady(NetworkClientUtils.java:42) ~[kafka-clients-3.3.2.jar:na]
	at org.apache.kafka.clients.NetworkClientUtils.awaitReady(NetworkClientUtils.java:64) ~[kafka-clients-3.3.2.jar:na]
	at org.apache.kafka.clients.producer.internals.Sender.awaitNodeReady(Sender.java:534) ~[kafka-clients-3.3.2.jar:na]
	at org.apache.kafka.clients.producer.internals.Sender.maybeSendAndPollTransactionalRequest(Sender.java:455) ~[kafka-clients-3.3.2.jar:na]
	at org.apache.kafka.clients.producer.internals.Sender.runOnce(Sender.java:316) ~[kafka-clients-3.3.2.jar:na]
	at org.apache.kafka.clients.producer.internals.Sender.run(Sender.java:243) ~[kafka-clients-3.3.2.jar:na]
	at java.base/java.lang.Thread.run(Thread.java:833) ~[na:na]
Caused by: org.apache.kafka.common.KafkaException: org.apache.kafka.common.errors.SaslAuthenticationException: Failed to configure SaslClientAuthenticator
	at org.apache.kafka.common.network.SaslChannelBuilder.buildChannel(SaslChannelBuilder.java:240) ~[kafka-clients-3.3.2.jar:na]
	at org.apache.kafka.common.network.Selector.buildAndAttachKafkaChannel(Selector.java:338) ~[kafka-clients-3.3.2.jar:na]
	... 14 common frames omitted
Caused by: org.apache.kafka.common.errors.SaslAuthenticationException: Failed to configure SaslClientAuthenticator
Caused by: org.apache.kafka.common.KafkaException: Principal could not be determined from Subject, this may be a transient failure due to Kerberos re-login
	at org.apache.kafka.common.security.authenticator.SaslClientAuthenticator.firstPrincipal(SaslClientAuthenticator.java:632) ~[kafka-clients-3.3.2.jar:na]
	at org.apache.kafka.common.security.authenticator.SaslClientAuthenticator.<init>(SaslClientAuthenticator.java:202) ~[kafka-clients-3.3.2.jar:na]
	at org.apache.kafka.common.network.SaslChannelBuilder.buildClientAuthenticator(SaslChannelBuilder.java:286) ~[kafka-clients-3.3.2.jar:na]
	at org.apache.kafka.common.network.SaslChannelBuilder.lambda$buildChannel$1(SaslChannelBuilder.java:228) ~[kafka-clients-3.3.2.jar:na]
	at org.apache.kafka.common.network.KafkaChannel.<init>(KafkaChannel.java:143) ~[kafka-clients-3.3.2.jar:na]
	at org.apache.kafka.common.network.SaslChannelBuilder.buildChannel(SaslChannelBuilder.java:236) ~[kafka-clients-3.3.2.jar:na]
	at org.apache.kafka.common.network.Selector.buildAndAttachKafkaChannel(Selector.java:338) ~[kafka-clients-3.3.2.jar:na]
	at org.apache.kafka.common.network.Selector.registerChannel(Selector.java:329) ~[kafka-clients-3.3.2.jar:na]
	at org.apache.kafka.common.network.Selector.connect(Selector.java:256) ~[kafka-clients-3.3.2.jar:na]
	at org.apache.kafka.clients.NetworkClient.initiateConnect(NetworkClient.java:992) ~[kafka-clients-3.3.2.jar:na]
	at org.apache.kafka.clients.NetworkClient.access$600(NetworkClient.java:73) ~[kafka-clients-3.3.2.jar:na]
	at org.apache.kafka.clients.NetworkClient$DefaultMetadataUpdater.maybeUpdate(NetworkClient.java:1163) ~[kafka-clients-3.3.2.jar:na]
	at org.apache.kafka.clients.NetworkClient$DefaultMetadataUpdater.maybeUpdate(NetworkClient.java:1051) ~[kafka-clients-3.3.2.jar:na]
	at org.apache.kafka.clients.NetworkClient.poll(NetworkClient.java:558) ~[kafka-clients-3.3.2.jar:na]
	at org.apache.kafka.clients.NetworkClientUtils.isReady(NetworkClientUtils.java:42) ~[kafka-clients-3.3.2.jar:na]
	at org.apache.kafka.clients.NetworkClientUtils.awaitReady(NetworkClientUtils.java:64) ~[kafka-clients-3.3.2.jar:na]
	at org.apache.kafka.clients.producer.internals.Sender.awaitNodeReady(Sender.java:534) ~[kafka-clients-3.3.2.jar:na]
	at org.apache.kafka.clients.producer.internals.Sender.maybeSendAndPollTransactionalRequest(Sender.java:455) ~[kafka-clients-3.3.2.jar:na]
	at org.apache.kafka.clients.producer.internals.Sender.runOnce(Sender.java:316) ~[kafka-clients-3.3.2.jar:na]
	at org.apache.kafka.clients.producer.internals.Sender.run(Sender.java:243) ~[kafka-clients-3.3.2.jar:na]
	at java.base/java.lang.Thread.run(Thread.java:833) ~[na:na]

2023-05-17T18:12:30.233+03:00  WARN 70636 --- [ad | producer-1] org.apache.kafka.clients.NetworkClient   : [Producer clientId=producer-1] Bootstrap broker pkc-4nmjv.francecentral.azure.confluent.cloud:9092 (id: -1 rack: null) disconnected
2023-05-17T18:12:31.245+03:00  INFO 70636 --- [ad | producer-1] o.a.k.common.network.SaslChannelBuilder  : [Producer clientId=producer-1] Failed to create channel due to 

org.apache.kafka.common.errors.SaslAuthenticationException: Failed to configure SaslClientAuthenticator
Caused by: org.apache.kafka.common.KafkaException: Principal could not be determined from Subject, this may be a transient failure due to Kerberos re-login
	at org.apache.kafka.common.security.authenticator.SaslClientAuthenticator.firstPrincipal(SaslClientAuthenticator.java:632) ~[kafka-clients-3.3.2.jar:na]
	at org.apache.kafka.common.security.authenticator.SaslClientAuthenticator.<init>(SaslClientAuthenticator.java:202) ~[kafka-clients-3.3.2.jar:na]
	at org.apache.kafka.common.network.SaslChannelBuilder.buildClientAuthenticator(SaslChannelBuilder.java:286) ~[kafka-clients-3.3.2.jar:na]
	at org.apache.kafka.common.network.SaslChannelBuilder.lambda$buildChannel$1(SaslChannelBuilder.java:228) ~[kafka-clients-3.3.2.jar:na]
	at org.apache.kafka.common.network.KafkaChannel.<init>(KafkaChannel.java:143) ~[kafka-clients-3.3.2.jar:na]
	at org.apache.kafka.common.network.SaslChannelBuilder.buildChannel(SaslChannelBuilder.java:236) ~[kafka-clients-3.3.2.jar:na]
	at org.apache.kafka.common.network.Selector.buildAndAttachKafkaChannel(Selector.java:338) ~[kafka-clients-3.3.2.jar:na]
	at org.apache.kafka.common.network.Selector.registerChannel(Selector.java:329) ~[kafka-clients-3.3.2.jar:na]
	at org.apache.kafka.common.network.Selector.connect(Selector.java:256) ~[kafka-clients-3.3.2.jar:na]
	at org.apache.kafka.clients.NetworkClient.initiateConnect(NetworkClient.java:992) ~[kafka-clients-3.3.2.jar:na]
	at org.apache.kafka.clients.NetworkClient.access$600(NetworkClient.java:73) ~[kafka-clients-3.3.2.jar:na]
	at org.apache.kafka.clients.NetworkClient$DefaultMetadataUpdater.maybeUpdate(NetworkClient.java:1163) ~[kafka-clients-3.3.2.jar:na]
	at org.apache.kafka.clients.NetworkClient$DefaultMetadataUpdater.maybeUpdate(NetworkClient.java:1051) ~[kafka-clients-3.3.2.jar:na]
	at org.apache.kafka.clients.NetworkClient.poll(NetworkClient.java:558) ~[kafka-clients-3.3.2.jar:na]
	at org.apache.kafka.clients.NetworkClientUtils.isReady(NetworkClientUtils.java:42) ~[kafka-clients-3.3.2.jar:na]
	at org.apache.kafka.clients.NetworkClientUtils.awaitReady(NetworkClientUtils.java:64) ~[kafka-clients-3.3.2.jar:na]
	at org.apache.kafka.clients.producer.internals.Sender.awaitNodeReady(Sender.java:534) ~[kafka-clients-3.3.2.jar:na]
	at org.apache.kafka.clients.producer.internals.Sender.maybeSendAndPollTransactionalRequest(Sender.java:455) ~[kafka-clients-3.3.2.jar:na]
	at org.apache.kafka.clients.producer.internals.Sender.runOnce(Sender.java:316) ~[kafka-clients-3.3.2.jar:na]
	at org.apache.kafka.clients.producer.internals.Sender.run(Sender.java:243) ~[kafka-clients-3.3.2.jar:na]
	at java.base/java.lang.Thread.run(Thread.java:833) ~[na:na]

2023-05-17T18:12:31.246+03:00  WARN 70636 --- [ad | producer-1] org.apache.kafka.clients.NetworkClient   : [Producer clientId=producer-1] Error connecting to node pkc-4nmjv.francecentral.azure.confluent.cloud:9092 (id: -1 rack: null)

java.io.IOException: Channel could not be created for socket java.nio.channels.SocketChannel[closed]
	at org.apache.kafka.common.network.Selector.buildAndAttachKafkaChannel(Selector.java:348) ~[kafka-clients-3.3.2.jar:na]
	at org.apache.kafka.common.network.Selector.registerChannel(Selector.java:329) ~[kafka-clients-3.3.2.jar:na]
	at org.apache.kafka.common.network.Selector.connect(Selector.java:256) ~[kafka-clients-3.3.2.jar:na]
	at org.apache.kafka.clients.NetworkClient.initiateConnect(NetworkClient.java:992) ~[kafka-clients-3.3.2.jar:na]
	at org.apache.kafka.clients.NetworkClient.access$600(NetworkClient.java:73) ~[kafka-clients-3.3.2.jar:na]
	at org.apache.kafka.clients.NetworkClient$DefaultMetadataUpdater.maybeUpdate(NetworkClient.java:1163) ~[kafka-clients-3.3.2.jar:na]
	at org.apache.kafka.clients.NetworkClient$DefaultMetadataUpdater.maybeUpdate(NetworkClient.java:1051) ~[kafka-clients-3.3.2.jar:na]
	at org.apache.kafka.clients.NetworkClient.poll(NetworkClient.java:558) ~[kafka-clients-3.3.2.jar:na]
	at org.apache.kafka.clients.NetworkClientUtils.isReady(NetworkClientUtils.java:42) ~[kafka-clients-3.3.2.jar:na]
	at org.apache.kafka.clients.NetworkClientUtils.awaitReady(NetworkClientUtils.java:64) ~[kafka-clients-3.3.2.jar:na]
	at org.apache.kafka.clients.producer.internals.Sender.awaitNodeReady(Sender.java:534) ~[kafka-clients-3.3.2.jar:na]
	at org.apache.kafka.clients.producer.internals.Sender.maybeSendAndPollTransactionalRequest(Sender.java:455) ~[kafka-clients-3.3.2.jar:na]
	at org.apache.kafka.clients.producer.internals.Sender.runOnce(Sender.java:316) ~[kafka-clients-3.3.2.jar:na]
	at org.apache.kafka.clients.producer.internals.Sender.run(Sender.java:243) ~[kafka-clients-3.3.2.jar:na]
	at java.base/java.lang.Thread.run(Thread.java:833) ~[na:na]
Caused by: org.apache.kafka.common.KafkaException: org.apache.kafka.common.errors.SaslAuthenticationException: Failed to configure SaslClientAuthenticator
	at org.apache.kafka.common.network.SaslChannelBuilder.buildChannel(SaslChannelBuilder.java:240) ~[kafka-clients-3.3.2.jar:na]
	at org.apache.kafka.common.network.Selector.buildAndAttachKafkaChannel(Selector.java:338) ~[kafka-clients-3.3.2.jar:na]
	... 14 common frames omitted
Caused by: org.apache.kafka.common.errors.SaslAuthenticationException: Failed to configure SaslClientAuthenticator
Caused by: org.apache.kafka.common.KafkaException: Principal could not be determined from Subject, this may be a transient failure due to Kerberos re-login
	at org.apache.kafka.common.security.authenticator.SaslClientAuthenticator.firstPrincipal(SaslClientAuthenticator.java:632) ~[kafka-clients-3.3.2.jar:na]
	at org.apache.kafka.common.security.authenticator.SaslClientAuthenticator.<init>(SaslClientAuthenticator.java:202) ~[kafka-clients-3.3.2.jar:na]
	at org.apache.kafka.common.network.SaslChannelBuilder.buildClientAuthenticator(SaslChannelBuilder.java:286) ~[kafka-clients-3.3.2.jar:na]
	at org.apache.kafka.common.network.SaslChannelBuilder.lambda$buildChannel$1(SaslChannelBuilder.java:228) ~[kafka-clients-3.3.2.jar:na]
	at org.apache.kafka.common.network.KafkaChannel.<init>(KafkaChannel.java:143) ~[kafka-clients-3.3.2.jar:na]
	at org.apache.kafka.common.network.SaslChannelBuilder.buildChannel(SaslChannelBuilder.java:236) ~[kafka-clients-3.3.2.jar:na]
	at org.apache.kafka.common.network.Selector.buildAndAttachKafkaChannel(Selector.java:338) ~[kafka-clients-3.3.2.jar:na]
	at org.apache.kafka.common.network.Selector.registerChannel(Selector.java:329) ~[kafka-clients-3.3.2.jar:na]
	at org.apache.kafka.common.network.Selector.connect(Selector.java:256) ~[kafka-clients-3.3.2.jar:na]
	at org.apache.kafka.clients.NetworkClient.initiateConnect(NetworkClient.java:992) ~[kafka-clients-3.3.2.jar:na]
	at org.apache.kafka.clients.NetworkClient.access$600(NetworkClient.java:73) ~[kafka-clients-3.3.2.jar:na]
	at org.apache.kafka.clients.NetworkClient$DefaultMetadataUpdater.maybeUpdate(NetworkClient.java:1163) ~[kafka-clients-3.3.2.jar:na]
	at org.apache.kafka.clients.NetworkClient$DefaultMetadataUpdater.maybeUpdate(NetworkClient.java:1051) ~[kafka-clients-3.3.2.jar:na]
	at org.apache.kafka.clients.NetworkClient.poll(NetworkClient.java:558) ~[kafka-clients-3.3.2.jar:na]
	at org.apache.kafka.clients.NetworkClientUtils.isReady(NetworkClientUtils.java:42) ~[kafka-clients-3.3.2.jar:na]
	at org.apache.kafka.clients.NetworkClientUtils.awaitReady(NetworkClientUtils.java:64) ~[kafka-clients-3.3.2.jar:na]
	at org.apache.kafka.clients.producer.internals.Sender.awaitNodeReady(Sender.java:534) ~[kafka-clients-3.3.2.jar:na]
	at org.apache.kafka.clients.producer.internals.Sender.maybeSendAndPollTransactionalRequest(Sender.java:455) ~[kafka-clients-3.3.2.jar:na]
	at org.apache.kafka.clients.producer.internals.Sender.runOnce(Sender.java:316) ~[kafka-clients-3.3.2.jar:na]
	at org.apache.kafka.clients.producer.internals.Sender.run(Sender.java:243) ~[kafka-clients-3.3.2.jar:na]
	at java.base/java.lang.Thread.run(Thread.java:833) ~[na:na]

2023-05-17T18:12:31.246+03:00  WARN 70636 --- [ad | producer-1] org.apache.kafka.clients.NetworkClient   : [Producer clientId=producer-1] Bootstrap broker pkc-4nmjv.francecentral.azure.confluent.cloud:9092 (id: -1 rack: null) disconnected
2023-05-17T18:12:32.104+03:00  INFO 70636 --- [ad | producer-1] o.a.k.common.network.SaslChannelBuilder  : [Producer clientId=producer-1] Failed to create channel due to 

org.apache.kafka.common.errors.SaslAuthenticationException: Failed to configure SaslClientAuthenticator
Caused by: org.apache.kafka.common.KafkaException: Principal could not be determined from Subject, this may be a transient failure due to Kerberos re-login
	at org.apache.kafka.common.security.authenticator.SaslClientAuthenticator.firstPrincipal(SaslClientAuthenticator.java:632) ~[kafka-clients-3.3.2.jar:na]
	at org.apache.kafka.common.security.authenticator.SaslClientAuthenticator.<init>(SaslClientAuthenticator.java:202) ~[kafka-clients-3.3.2.jar:na]
	at org.apache.kafka.common.network.SaslChannelBuilder.buildClientAuthenticator(SaslChannelBuilder.java:286) ~[kafka-clients-3.3.2.jar:na]
	at org.apache.kafka.common.network.SaslChannelBuilder.lambda$buildChannel$1(SaslChannelBuilder.java:228) ~[kafka-clients-3.3.2.jar:na]
	at org.apache.kafka.common.network.KafkaChannel.<init>(KafkaChannel.java:143) ~[kafka-clients-3.3.2.jar:na]
	at org.apache.kafka.common.network.SaslChannelBuilder.buildChannel(SaslChannelBuilder.java:236) ~[kafka-clients-3.3.2.jar:na]
	at org.apache.kafka.common.network.Selector.buildAndAttachKafkaChannel(Selector.java:338) ~[kafka-clients-3.3.2.jar:na]
	at org.apache.kafka.common.network.Selector.registerChannel(Selector.java:329) ~[kafka-clients-3.3.2.jar:na]
	at org.apache.kafka.common.network.Selector.connect(Selector.java:256) ~[kafka-clients-3.3.2.jar:na]
	at org.apache.kafka.clients.NetworkClient.initiateConnect(NetworkClient.java:992) ~[kafka-clients-3.3.2.jar:na]
	at org.apache.kafka.clients.NetworkClient.access$600(NetworkClient.java:73) ~[kafka-clients-3.3.2.jar:na]
	at org.apache.kafka.clients.NetworkClient$DefaultMetadataUpdater.maybeUpdate(NetworkClient.java:1163) ~[kafka-clients-3.3.2.jar:na]
	at org.apache.kafka.clients.NetworkClient$DefaultMetadataUpdater.maybeUpdate(NetworkClient.java:1051) ~[kafka-clients-3.3.2.jar:na]
	at org.apache.kafka.clients.NetworkClient.poll(NetworkClient.java:558) ~[kafka-clients-3.3.2.jar:na]
	at org.apache.kafka.clients.NetworkClientUtils.isReady(NetworkClientUtils.java:42) ~[kafka-clients-3.3.2.jar:na]
	at org.apache.kafka.clients.NetworkClientUtils.awaitReady(NetworkClientUtils.java:64) ~[kafka-clients-3.3.2.jar:na]
	at org.apache.kafka.clients.producer.internals.Sender.awaitNodeReady(Sender.java:534) ~[kafka-clients-3.3.2.jar:na]
	at org.apache.kafka.clients.producer.internals.Sender.maybeSendAndPollTransactionalRequest(Sender.java:455) ~[kafka-clients-3.3.2.jar:na]
	at org.apache.kafka.clients.producer.internals.Sender.runOnce(Sender.java:316) ~[kafka-clients-3.3.2.jar:na]
	at org.apache.kafka.clients.producer.internals.Sender.run(Sender.java:243) ~[kafka-clients-3.3.2.jar:na]
	at java.base/java.lang.Thread.run(Thread.java:833) ~[na:na]

2023-05-17T18:12:32.105+03:00  WARN 70636 --- [ad | producer-1] org.apache.kafka.clients.NetworkClient   : [Producer clientId=producer-1] Error connecting to node pkc-4nmjv.francecentral.azure.confluent.cloud:9092 (id: -1 rack: null)

java.io.IOException: Channel could not be created for socket java.nio.channels.SocketChannel[closed]
	at org.apache.kafka.common.network.Selector.buildAndAttachKafkaChannel(Selector.java:348) ~[kafka-clients-3.3.2.jar:na]
	at org.apache.kafka.common.network.Selector.registerChannel(Selector.java:329) ~[kafka-clients-3.3.2.jar:na]
	at org.apache.kafka.common.network.Selector.connect(Selector.java:256) ~[kafka-clients-3.3.2.jar:na]
	at org.apache.kafka.clients.NetworkClient.initiateConnect(NetworkClient.java:992) ~[kafka-clients-3.3.2.jar:na]
	at org.apache.kafka.clients.NetworkClient.access$600(NetworkClient.java:73) ~[kafka-clients-3.3.2.jar:na]
	at org.apache.kafka.clients.NetworkClient$DefaultMetadataUpdater.maybeUpdate(NetworkClient.java:1163) ~[kafka-clients-3.3.2.jar:na]
	at org.apache.kafka.clients.NetworkClient$DefaultMetadataUpdater.maybeUpdate(NetworkClient.java:1051) ~[kafka-clients-3.3.2.jar:na]
	at org.apache.kafka.clients.NetworkClient.poll(NetworkClient.java:558) ~[kafka-clients-3.3.2.jar:na]
	at org.apache.kafka.clients.NetworkClientUtils.isReady(NetworkClientUtils.java:42) ~[kafka-clients-3.3.2.jar:na]
	at org.apache.kafka.clients.NetworkClientUtils.awaitReady(NetworkClientUtils.java:64) ~[kafka-clients-3.3.2.jar:na]
	at org.apache.kafka.clients.producer.internals.Sender.awaitNodeReady(Sender.java:534) ~[kafka-clients-3.3.2.jar:na]
	at org.apache.kafka.clients.producer.internals.Sender.maybeSendAndPollTransactionalRequest(Sender.java:455) ~[kafka-clients-3.3.2.jar:na]
	at org.apache.kafka.clients.producer.internals.Sender.runOnce(Sender.java:316) ~[kafka-clients-3.3.2.jar:na]
	at org.apache.kafka.clients.producer.internals.Sender.run(Sender.java:243) ~[kafka-clients-3.3.2.jar:na]
	at java.base/java.lang.Thread.run(Thread.java:833) ~[na:na]
Caused by: org.apache.kafka.common.KafkaException: org.apache.kafka.common.errors.SaslAuthenticationException: Failed to configure SaslClientAuthenticator
	at org.apache.kafka.common.network.SaslChannelBuilder.buildChannel(SaslChannelBuilder.java:240) ~[kafka-clients-3.3.2.jar:na]
	at org.apache.kafka.common.network.Selector.buildAndAttachKafkaChannel(Selector.java:338) ~[kafka-clients-3.3.2.jar:na]
	... 14 common frames omitted
Caused by: org.apache.kafka.common.errors.SaslAuthenticationException: Failed to configure SaslClientAuthenticator
Caused by: org.apache.kafka.common.KafkaException: Principal could not be determined from Subject, this may be a transient failure due to Kerberos re-login
	at org.apache.kafka.common.security.authenticator.SaslClientAuthenticator.firstPrincipal(SaslClientAuthenticator.java:632) ~[kafka-clients-3.3.2.jar:na]
	at org.apache.kafka.common.security.authenticator.SaslClientAuthenticator.<init>(SaslClientAuthenticator.java:202) ~[kafka-clients-3.3.2.jar:na]
	at org.apache.kafka.common.network.SaslChannelBuilder.buildClientAuthenticator(SaslChannelBuilder.java:286) ~[kafka-clients-3.3.2.jar:na]
	at org.apache.kafka.common.network.SaslChannelBuilder.lambda$buildChannel$1(SaslChannelBuilder.java:228) ~[kafka-clients-3.3.2.jar:na]
	at org.apache.kafka.common.network.KafkaChannel.<init>(KafkaChannel.java:143) ~[kafka-clients-3.3.2.jar:na]
	at org.apache.kafka.common.network.SaslChannelBuilder.buildChannel(SaslChannelBuilder.java:236) ~[kafka-clients-3.3.2.jar:na]
	at org.apache.kafka.common.network.Selector.buildAndAttachKafkaChannel(Selector.java:338) ~[kafka-clients-3.3.2.jar:na]
	at org.apache.kafka.common.network.Selector.registerChannel(Selector.java:329) ~[kafka-clients-3.3.2.jar:na]
	at org.apache.kafka.common.network.Selector.connect(Selector.java:256) ~[kafka-clients-3.3.2.jar:na]
	at org.apache.kafka.clients.NetworkClient.initiateConnect(NetworkClient.java:992) ~[kafka-clients-3.3.2.jar:na]
	at org.apache.kafka.clients.NetworkClient.access$600(NetworkClient.java:73) ~[kafka-clients-3.3.2.jar:na]
	at org.apache.kafka.clients.NetworkClient$DefaultMetadataUpdater.maybeUpdate(NetworkClient.java:1163) ~[kafka-clients-3.3.2.jar:na]
	at org.apache.kafka.clients.NetworkClient$DefaultMetadataUpdater.maybeUpdate(NetworkClient.java:1051) ~[kafka-clients-3.3.2.jar:na]
	at org.apache.kafka.clients.NetworkClient.poll(NetworkClient.java:558) ~[kafka-clients-3.3.2.jar:na]
	at org.apache.kafka.clients.NetworkClientUtils.isReady(NetworkClientUtils.java:42) ~[kafka-clients-3.3.2.jar:na]
	at org.apache.kafka.clients.NetworkClientUtils.awaitReady(NetworkClientUtils.java:64) ~[kafka-clients-3.3.2.jar:na]
	at org.apache.kafka.clients.producer.internals.Sender.awaitNodeReady(Sender.java:534) ~[kafka-clients-3.3.2.jar:na]
	at org.apache.kafka.clients.producer.internals.Sender.maybeSendAndPollTransactionalRequest(Sender.java:455) ~[kafka-clients-3.3.2.jar:na]
	at org.apache.kafka.clients.producer.internals.Sender.runOnce(Sender.java:316) ~[kafka-clients-3.3.2.jar:na]
	at org.apache.kafka.clients.producer.internals.Sender.run(Sender.java:243) ~[kafka-clients-3.3.2.jar:na]
	at java.base/java.lang.Thread.run(Thread.java:833) ~[na:na]

2023-05-17T18:12:32.105+03:00  WARN 70636 --- [ad | producer-1] org.apache.kafka.clients.NetworkClient   : [Producer clientId=producer-1] Bootstrap broker pkc-4nmjv.francecentral.azure.confluent.cloud:9092 (id: -1 rack: null) disconnected
2023-05-17T18:12:33.318+03:00  INFO 70636 --- [ad | producer-1] o.a.k.common.network.SaslChannelBuilder  : [Producer clientId=producer-1] Failed to create channel due to 

org.apache.kafka.common.errors.SaslAuthenticationException: Failed to configure SaslClientAuthenticator
Caused by: org.apache.kafka.common.KafkaException: Principal could not be determined from Subject, this may be a transient failure due to Kerberos re-login
	at org.apache.kafka.common.security.authenticator.SaslClientAuthenticator.firstPrincipal(SaslClientAuthenticator.java:632) ~[kafka-clients-3.3.2.jar:na]
	at org.apache.kafka.common.security.authenticator.SaslClientAuthenticator.<init>(SaslClientAuthenticator.java:202) ~[kafka-clients-3.3.2.jar:na]
	at org.apache.kafka.common.network.SaslChannelBuilder.buildClientAuthenticator(SaslChannelBuilder.java:286) ~[kafka-clients-3.3.2.jar:na]
	at org.apache.kafka.common.network.SaslChannelBuilder.lambda$buildChannel$1(SaslChannelBuilder.java:228) ~[kafka-clients-3.3.2.jar:na]
	at org.apache.kafka.common.network.KafkaChannel.<init>(KafkaChannel.java:143) ~[kafka-clients-3.3.2.jar:na]
	at org.apache.kafka.common.network.SaslChannelBuilder.buildChannel(SaslChannelBuilder.java:236) ~[kafka-clients-3.3.2.jar:na]
	at org.apache.kafka.common.network.Selector.buildAndAttachKafkaChannel(Selector.java:338) ~[kafka-clients-3.3.2.jar:na]
	at org.apache.kafka.common.network.Selector.registerChannel(Selector.java:329) ~[kafka-clients-3.3.2.jar:na]
	at org.apache.kafka.common.network.Selector.connect(Selector.java:256) ~[kafka-clients-3.3.2.jar:na]
	at org.apache.kafka.clients.NetworkClient.initiateConnect(NetworkClient.java:992) ~[kafka-clients-3.3.2.jar:na]
	at org.apache.kafka.clients.NetworkClient.access$600(NetworkClient.java:73) ~[kafka-clients-3.3.2.jar:na]
	at org.apache.kafka.clients.NetworkClient$DefaultMetadataUpdater.maybeUpdate(NetworkClient.java:1163) ~[kafka-clients-3.3.2.jar:na]
	at org.apache.kafka.clients.NetworkClient$DefaultMetadataUpdater.maybeUpdate(NetworkClient.java:1051) ~[kafka-clients-3.3.2.jar:na]
	at org.apache.kafka.clients.NetworkClient.poll(NetworkClient.java:558) ~[kafka-clients-3.3.2.jar:na]
	at org.apache.kafka.clients.NetworkClientUtils.isReady(NetworkClientUtils.java:42) ~[kafka-clients-3.3.2.jar:na]
	at org.apache.kafka.clients.NetworkClientUtils.awaitReady(NetworkClientUtils.java:64) ~[kafka-clients-3.3.2.jar:na]
	at org.apache.kafka.clients.producer.internals.Sender.awaitNodeReady(Sender.java:534) ~[kafka-clients-3.3.2.jar:na]
	at org.apache.kafka.clients.producer.internals.Sender.maybeSendAndPollTransactionalRequest(Sender.java:455) ~[kafka-clients-3.3.2.jar:na]
	at org.apache.kafka.clients.producer.internals.Sender.runOnce(Sender.java:316) ~[kafka-clients-3.3.2.jar:na]
	at org.apache.kafka.clients.producer.internals.Sender.run(Sender.java:243) ~[kafka-clients-3.3.2.jar:na]
	at java.base/java.lang.Thread.run(Thread.java:833) ~[na:na]

2023-05-17T18:12:33.319+03:00  WARN 70636 --- [ad | producer-1] org.apache.kafka.clients.NetworkClient   : [Producer clientId=producer-1] Error connecting to node pkc-4nmjv.francecentral.azure.confluent.cloud:9092 (id: -1 rack: null)

java.io.IOException: Channel could not be created for socket java.nio.channels.SocketChannel[closed]
	at org.apache.kafka.common.network.Selector.buildAndAttachKafkaChannel(Selector.java:348) ~[kafka-clients-3.3.2.jar:na]
	at org.apache.kafka.common.network.Selector.registerChannel(Selector.java:329) ~[kafka-clients-3.3.2.jar:na]
	at org.apache.kafka.common.network.Selector.connect(Selector.java:256) ~[kafka-clients-3.3.2.jar:na]
	at org.apache.kafka.clients.NetworkClient.initiateConnect(NetworkClient.java:992) ~[kafka-clients-3.3.2.jar:na]
	at org.apache.kafka.clients.NetworkClient.access$600(NetworkClient.java:73) ~[kafka-clients-3.3.2.jar:na]
	at org.apache.kafka.clients.NetworkClient$DefaultMetadataUpdater.maybeUpdate(NetworkClient.java:1163) ~[kafka-clients-3.3.2.jar:na]
	at org.apache.kafka.clients.NetworkClient$DefaultMetadataUpdater.maybeUpdate(NetworkClient.java:1051) ~[kafka-clients-3.3.2.jar:na]
	at org.apache.kafka.clients.NetworkClient.poll(NetworkClient.java:558) ~[kafka-clients-3.3.2.jar:na]
	at org.apache.kafka.clients.NetworkClientUtils.isReady(NetworkClientUtils.java:42) ~[kafka-clients-3.3.2.jar:na]
	at org.apache.kafka.clients.NetworkClientUtils.awaitReady(NetworkClientUtils.java:64) ~[kafka-clients-3.3.2.jar:na]
	at org.apache.kafka.clients.producer.internals.Sender.awaitNodeReady(Sender.java:534) ~[kafka-clients-3.3.2.jar:na]
	at org.apache.kafka.clients.producer.internals.Sender.maybeSendAndPollTransactionalRequest(Sender.java:455) ~[kafka-clients-3.3.2.jar:na]
	at org.apache.kafka.clients.producer.internals.Sender.runOnce(Sender.java:316) ~[kafka-clients-3.3.2.jar:na]
	at org.apache.kafka.clients.producer.internals.Sender.run(Sender.java:243) ~[kafka-clients-3.3.2.jar:na]
	at java.base/java.lang.Thread.run(Thread.java:833) ~[na:na]
Caused by: org.apache.kafka.common.KafkaException: org.apache.kafka.common.errors.SaslAuthenticationException: Failed to configure SaslClientAuthenticator
	at org.apache.kafka.common.network.SaslChannelBuilder.buildChannel(SaslChannelBuilder.java:240) ~[kafka-clients-3.3.2.jar:na]
	at org.apache.kafka.common.network.Selector.buildAndAttachKafkaChannel(Selector.java:338) ~[kafka-clients-3.3.2.jar:na]
	... 14 common frames omitted
Caused by: org.apache.kafka.common.errors.SaslAuthenticationException: Failed to configure SaslClientAuthenticator
Caused by: org.apache.kafka.common.KafkaException: Principal could not be determined from Subject, this may be a transient failure due to Kerberos re-login
	at org.apache.kafka.common.security.authenticator.SaslClientAuthenticator.firstPrincipal(SaslClientAuthenticator.java:632) ~[kafka-clients-3.3.2.jar:na]
	at org.apache.kafka.common.security.authenticator.SaslClientAuthenticator.<init>(SaslClientAuthenticator.java:202) ~[kafka-clients-3.3.2.jar:na]
	at org.apache.kafka.common.network.SaslChannelBuilder.buildClientAuthenticator(SaslChannelBuilder.java:286) ~[kafka-clients-3.3.2.jar:na]
	at org.apache.kafka.common.network.SaslChannelBuilder.lambda$buildChannel$1(SaslChannelBuilder.java:228) ~[kafka-clients-3.3.2.jar:na]
	at org.apache.kafka.common.network.KafkaChannel.<init>(KafkaChannel.java:143) ~[kafka-clients-3.3.2.jar:na]
	at org.apache.kafka.common.network.SaslChannelBuilder.buildChannel(SaslChannelBuilder.java:236) ~[kafka-clients-3.3.2.jar:na]
	at org.apache.kafka.common.network.Selector.buildAndAttachKafkaChannel(Selector.java:338) ~[kafka-clients-3.3.2.jar:na]
	at org.apache.kafka.common.network.Selector.registerChannel(Selector.java:329) ~[kafka-clients-3.3.2.jar:na]
	at org.apache.kafka.common.network.Selector.connect(Selector.java:256) ~[kafka-clients-3.3.2.jar:na]
	at org.apache.kafka.clients.NetworkClient.initiateConnect(NetworkClient.java:992) ~[kafka-clients-3.3.2.jar:na]
	at org.apache.kafka.clients.NetworkClient.access$600(NetworkClient.java:73) ~[kafka-clients-3.3.2.jar:na]
	at org.apache.kafka.clients.NetworkClient$DefaultMetadataUpdater.maybeUpdate(NetworkClient.java:1163) ~[kafka-clients-3.3.2.jar:na]
	at org.apache.kafka.clients.NetworkClient$DefaultMetadataUpdater.maybeUpdate(NetworkClient.java:1051) ~[kafka-clients-3.3.2.jar:na]
	at org.apache.kafka.clients.NetworkClient.poll(NetworkClient.java:558) ~[kafka-clients-3.3.2.jar:na]
	at org.apache.kafka.clients.NetworkClientUtils.isReady(NetworkClientUtils.java:42) ~[kafka-clients-3.3.2.jar:na]
	at org.apache.kafka.clients.NetworkClientUtils.awaitReady(NetworkClientUtils.java:64) ~[kafka-clients-3.3.2.jar:na]
	at org.apache.kafka.clients.producer.internals.Sender.awaitNodeReady(Sender.java:534) ~[kafka-clients-3.3.2.jar:na]
	at org.apache.kafka.clients.producer.internals.Sender.maybeSendAndPollTransactionalRequest(Sender.java:455) ~[kafka-clients-3.3.2.jar:na]
	at org.apache.kafka.clients.producer.internals.Sender.runOnce(Sender.java:316) ~[kafka-clients-3.3.2.jar:na]
	at org.apache.kafka.clients.producer.internals.Sender.run(Sender.java:243) ~[kafka-clients-3.3.2.jar:na]
	at java.base/java.lang.Thread.run(Thread.java:833) ~[na:na]

2023-05-17T18:12:33.319+03:00  WARN 70636 --- [ad | producer-1] org.apache.kafka.clients.NetworkClient   : [Producer clientId=producer-1] Bootstrap broker pkc-4nmjv.francecentral.azure.confluent.cloud:9092 (id: -1 rack: null) disconnected
2023-05-17T18:12:34.281+03:00  INFO 70636 --- [ad | producer-1] o.a.k.common.network.SaslChannelBuilder  : [Producer clientId=producer-1] Failed to create channel due to 

org.apache.kafka.common.errors.SaslAuthenticationException: Failed to configure SaslClientAuthenticator
Caused by: org.apache.kafka.common.KafkaException: Principal could not be determined from Subject, this may be a transient failure due to Kerberos re-login
	at org.apache.kafka.common.security.authenticator.SaslClientAuthenticator.firstPrincipal(SaslClientAuthenticator.java:632) ~[kafka-clients-3.3.2.jar:na]
	at org.apache.kafka.common.security.authenticator.SaslClientAuthenticator.<init>(SaslClientAuthenticator.java:202) ~[kafka-clients-3.3.2.jar:na]
	at org.apache.kafka.common.network.SaslChannelBuilder.buildClientAuthenticator(SaslChannelBuilder.java:286) ~[kafka-clients-3.3.2.jar:na]
	at org.apache.kafka.common.network.SaslChannelBuilder.lambda$buildChannel$1(SaslChannelBuilder.java:228) ~[kafka-clients-3.3.2.jar:na]
	at org.apache.kafka.common.network.KafkaChannel.<init>(KafkaChannel.java:143) ~[kafka-clients-3.3.2.jar:na]
	at org.apache.kafka.common.network.SaslChannelBuilder.buildChannel(SaslChannelBuilder.java:236) ~[kafka-clients-3.3.2.jar:na]
	at org.apache.kafka.common.network.Selector.buildAndAttachKafkaChannel(Selector.java:338) ~[kafka-clients-3.3.2.jar:na]
	at org.apache.kafka.common.network.Selector.registerChannel(Selector.java:329) ~[kafka-clients-3.3.2.jar:na]
	at org.apache.kafka.common.network.Selector.connect(Selector.java:256) ~[kafka-clients-3.3.2.jar:na]
	at org.apache.kafka.clients.NetworkClient.initiateConnect(NetworkClient.java:992) ~[kafka-clients-3.3.2.jar:na]
	at org.apache.kafka.clients.NetworkClient.access$600(NetworkClient.java:73) ~[kafka-clients-3.3.2.jar:na]
	at org.apache.kafka.clients.NetworkClient$DefaultMetadataUpdater.maybeUpdate(NetworkClient.java:1163) ~[kafka-clients-3.3.2.jar:na]
	at org.apache.kafka.clients.NetworkClient$DefaultMetadataUpdater.maybeUpdate(NetworkClient.java:1051) ~[kafka-clients-3.3.2.jar:na]
	at org.apache.kafka.clients.NetworkClient.poll(NetworkClient.java:558) ~[kafka-clients-3.3.2.jar:na]
	at org.apache.kafka.clients.NetworkClientUtils.isReady(NetworkClientUtils.java:42) ~[kafka-clients-3.3.2.jar:na]
	at org.apache.kafka.clients.NetworkClientUtils.awaitReady(NetworkClientUtils.java:64) ~[kafka-clients-3.3.2.jar:na]
	at org.apache.kafka.clients.producer.internals.Sender.awaitNodeReady(Sender.java:534) ~[kafka-clients-3.3.2.jar:na]
	at org.apache.kafka.clients.producer.internals.Sender.maybeSendAndPollTransactionalRequest(Sender.java:455) ~[kafka-clients-3.3.2.jar:na]
	at org.apache.kafka.clients.producer.internals.Sender.runOnce(Sender.java:316) ~[kafka-clients-3.3.2.jar:na]
	at org.apache.kafka.clients.producer.internals.Sender.run(Sender.java:243) ~[kafka-clients-3.3.2.jar:na]
	at java.base/java.lang.Thread.run(Thread.java:833) ~[na:na]

2023-05-17T18:12:34.282+03:00  WARN 70636 --- [ad | producer-1] org.apache.kafka.clients.NetworkClient   : [Producer clientId=producer-1] Error connecting to node pkc-4nmjv.francecentral.azure.confluent.cloud:9092 (id: -1 rack: null)

java.io.IOException: Channel could not be created for socket java.nio.channels.SocketChannel[closed]
	at org.apache.kafka.common.network.Selector.buildAndAttachKafkaChannel(Selector.java:348) ~[kafka-clients-3.3.2.jar:na]
	at org.apache.kafka.common.network.Selector.registerChannel(Selector.java:329) ~[kafka-clients-3.3.2.jar:na]
	at org.apache.kafka.common.network.Selector.connect(Selector.java:256) ~[kafka-clients-3.3.2.jar:na]
	at org.apache.kafka.clients.NetworkClient.initiateConnect(NetworkClient.java:992) ~[kafka-clients-3.3.2.jar:na]
	at org.apache.kafka.clients.NetworkClient.access$600(NetworkClient.java:73) ~[kafka-clients-3.3.2.jar:na]
	at org.apache.kafka.clients.NetworkClient$DefaultMetadataUpdater.maybeUpdate(NetworkClient.java:1163) ~[kafka-clients-3.3.2.jar:na]
	at org.apache.kafka.clients.NetworkClient$DefaultMetadataUpdater.maybeUpdate(NetworkClient.java:1051) ~[kafka-clients-3.3.2.jar:na]
	at org.apache.kafka.clients.NetworkClient.poll(NetworkClient.java:558) ~[kafka-clients-3.3.2.jar:na]
	at org.apache.kafka.clients.NetworkClientUtils.isReady(NetworkClientUtils.java:42) ~[kafka-clients-3.3.2.jar:na]
	at org.apache.kafka.clients.NetworkClientUtils.awaitReady(NetworkClientUtils.java:64) ~[kafka-clients-3.3.2.jar:na]
	at org.apache.kafka.clients.producer.internals.Sender.awaitNodeReady(Sender.java:534) ~[kafka-clients-3.3.2.jar:na]
	at org.apache.kafka.clients.producer.internals.Sender.maybeSendAndPollTransactionalRequest(Sender.java:455) ~[kafka-clients-3.3.2.jar:na]
	at org.apache.kafka.clients.producer.internals.Sender.runOnce(Sender.java:316) ~[kafka-clients-3.3.2.jar:na]
	at org.apache.kafka.clients.producer.internals.Sender.run(Sender.java:243) ~[kafka-clients-3.3.2.jar:na]
	at java.base/java.lang.Thread.run(Thread.java:833) ~[na:na]
Caused by: org.apache.kafka.common.KafkaException: org.apache.kafka.common.errors.SaslAuthenticationException: Failed to configure SaslClientAuthenticator
	at org.apache.kafka.common.network.SaslChannelBuilder.buildChannel(SaslChannelBuilder.java:240) ~[kafka-clients-3.3.2.jar:na]
	at org.apache.kafka.common.network.Selector.buildAndAttachKafkaChannel(Selector.java:338) ~[kafka-clients-3.3.2.jar:na]
	... 14 common frames omitted
Caused by: org.apache.kafka.common.errors.SaslAuthenticationException: Failed to configure SaslClientAuthenticator
Caused by: org.apache.kafka.common.KafkaException: Principal could not be determined from Subject, this may be a transient failure due to Kerberos re-login
	at org.apache.kafka.common.security.authenticator.SaslClientAuthenticator.firstPrincipal(SaslClientAuthenticator.java:632) ~[kafka-clients-3.3.2.jar:na]
	at org.apache.kafka.common.security.authenticator.SaslClientAuthenticator.<init>(SaslClientAuthenticator.java:202) ~[kafka-clients-3.3.2.jar:na]
	at org.apache.kafka.common.network.SaslChannelBuilder.buildClientAuthenticator(SaslChannelBuilder.java:286) ~[kafka-clients-3.3.2.jar:na]
	at org.apache.kafka.common.network.SaslChannelBuilder.lambda$buildChannel$1(SaslChannelBuilder.java:228) ~[kafka-clients-3.3.2.jar:na]
	at org.apache.kafka.common.network.KafkaChannel.<init>(KafkaChannel.java:143) ~[kafka-clients-3.3.2.jar:na]
	at org.apache.kafka.common.network.SaslChannelBuilder.buildChannel(SaslChannelBuilder.java:236) ~[kafka-clients-3.3.2.jar:na]
	at org.apache.kafka.common.network.Selector.buildAndAttachKafkaChannel(Selector.java:338) ~[kafka-clients-3.3.2.jar:na]
	at org.apache.kafka.common.network.Selector.registerChannel(Selector.java:329) ~[kafka-clients-3.3.2.jar:na]
	at org.apache.kafka.common.network.Selector.connect(Selector.java:256) ~[kafka-clients-3.3.2.jar:na]
	at org.apache.kafka.clients.NetworkClient.initiateConnect(NetworkClient.java:992) ~[kafka-clients-3.3.2.jar:na]
	at org.apache.kafka.clients.NetworkClient.access$600(NetworkClient.java:73) ~[kafka-clients-3.3.2.jar:na]
	at org.apache.kafka.clients.NetworkClient$DefaultMetadataUpdater.maybeUpdate(NetworkClient.java:1163) ~[kafka-clients-3.3.2.jar:na]
	at org.apache.kafka.clients.NetworkClient$DefaultMetadataUpdater.maybeUpdate(NetworkClient.java:1051) ~[kafka-clients-3.3.2.jar:na]
	at org.apache.kafka.clients.NetworkClient.poll(NetworkClient.java:558) ~[kafka-clients-3.3.2.jar:na]
	at org.apache.kafka.clients.NetworkClientUtils.isReady(NetworkClientUtils.java:42) ~[kafka-clients-3.3.2.jar:na]
	at org.apache.kafka.clients.NetworkClientUtils.awaitReady(NetworkClientUtils.java:64) ~[kafka-clients-3.3.2.jar:na]
	at org.apache.kafka.clients.producer.internals.Sender.awaitNodeReady(Sender.java:534) ~[kafka-clients-3.3.2.jar:na]
	at org.apache.kafka.clients.producer.internals.Sender.maybeSendAndPollTransactionalRequest(Sender.java:455) ~[kafka-clients-3.3.2.jar:na]
	at org.apache.kafka.clients.producer.internals.Sender.runOnce(Sender.java:316) ~[kafka-clients-3.3.2.jar:na]
	at org.apache.kafka.clients.producer.internals.Sender.run(Sender.java:243) ~[kafka-clients-3.3.2.jar:na]
	at java.base/java.lang.Thread.run(Thread.java:833) ~[na:na]

2023-05-17T18:12:34.282+03:00  WARN 70636 --- [ad | producer-1] org.apache.kafka.clients.NetworkClient   : [Producer clientId=producer-1] Bootstrap broker pkc-4nmjv.francecentral.azure.confluent.cloud:9092 (id: -1 rack: null) disconnected
