

  .   ____          _            __ _ _
 /\\ / ___'_ __ _ _(_)_ __  __ _ \ \ \ \
( ( )\___ | '_ | '_| | '_ \/ _` | \ \ \ \
 \\/  ___)| |_)| | | | | || (_| |  ) ) ) )
  '  |____| .__|_| |_|_| |_\__, | / / / /
 =========|_|==============|___/=/_/_/_/
 :: Spring Boot ::                (v3.0.6)

2023-05-17T19:25:33.144+03:00  INFO 35228 --- [  restartedMain] c.a.spring.boot.kafka.KafkaApplication   : Starting KafkaApplication using Java 17.0.6 with PID 35228 (C:\Users\aziub\eclipse-workspace\kafka\target\classes started by aziub in C:\Users\aziub\eclipse-workspace\kafka)
2023-05-17T19:25:33.158+03:00  INFO 35228 --- [  restartedMain] c.a.spring.boot.kafka.KafkaApplication   : No active profile set, falling back to 1 default profile: "default"
2023-05-17T19:25:33.275+03:00  INFO 35228 --- [  restartedMain] .e.DevToolsPropertyDefaultsPostProcessor : Devtools property defaults active! Set 'spring.devtools.add-properties' to 'false' to disable
2023-05-17T19:25:33.276+03:00  INFO 35228 --- [  restartedMain] .e.DevToolsPropertyDefaultsPostProcessor : For additional web related logging consider setting the 'logging.level.web' property to 'DEBUG'
2023-05-17T19:25:35.256+03:00  INFO 35228 --- [  restartedMain] o.s.b.w.embedded.tomcat.TomcatWebServer  : Tomcat initialized with port(s): 8080 (http)
2023-05-17T19:25:35.281+03:00  INFO 35228 --- [  restartedMain] o.apache.catalina.core.StandardService   : Starting service [Tomcat]
2023-05-17T19:25:35.282+03:00  INFO 35228 --- [  restartedMain] o.apache.catalina.core.StandardEngine    : Starting Servlet engine: [Apache Tomcat/10.1.8]
2023-05-17T19:25:35.404+03:00  INFO 35228 --- [  restartedMain] o.a.c.c.C.[Tomcat].[localhost].[/]       : Initializing Spring embedded WebApplicationContext
2023-05-17T19:25:35.409+03:00  INFO 35228 --- [  restartedMain] w.s.c.ServletWebServerApplicationContext : Root WebApplicationContext: initialization completed in 2124 ms
2023-05-17T19:25:36.130+03:00  INFO 35228 --- [  restartedMain] o.s.b.d.a.OptionalLiveReloadServer       : LiveReload server is running on port 35729
2023-05-17T19:25:36.198+03:00  INFO 35228 --- [  restartedMain] o.s.b.w.embedded.tomcat.TomcatWebServer  : Tomcat started on port(s): 8080 (http) with context path ''
2023-05-17T19:25:36.217+03:00  INFO 35228 --- [  restartedMain] c.a.spring.boot.kafka.KafkaApplication   : Started KafkaApplication in 3.693 seconds (process running for 4.651)
2023-05-17T19:26:21.102+03:00  INFO 35228 --- [nio-8080-exec-2] o.a.c.c.C.[Tomcat].[localhost].[/]       : Initializing Spring DispatcherServlet 'dispatcherServlet'
2023-05-17T19:26:21.103+03:00  INFO 35228 --- [nio-8080-exec-2] o.s.web.servlet.DispatcherServlet        : Initializing Servlet 'dispatcherServlet'
2023-05-17T19:26:21.104+03:00  INFO 35228 --- [nio-8080-exec-2] o.s.web.servlet.DispatcherServlet        : Completed initialization in 0 ms
2023-05-17T19:26:28.921+03:00  INFO 35228 --- [nio-8080-exec-2] o.a.k.clients.producer.ProducerConfig    : ProducerConfig values: 
	acks = -1
	batch.size = 16384
	bootstrap.servers = [pkc-4nmjv.francecentral.azure.confluent.cloud:9092]
	buffer.memory = 33554432
	client.dns.lookup = use_all_dns_ips
	client.id = producer-1
	compression.type = none
	connections.max.idle.ms = 540000
	delivery.timeout.ms = 120000
	enable.idempotence = true
	interceptor.classes = []
	key.serializer = class org.apache.kafka.common.serialization.StringSerializer
	linger.ms = 0
	max.block.ms = 60000
	max.in.flight.requests.per.connection = 5
	max.request.size = 1048576
	metadata.max.age.ms = 300000
	metadata.max.idle.ms = 300000
	metric.reporters = []
	metrics.num.samples = 2
	metrics.recording.level = INFO
	metrics.sample.window.ms = 30000
	partitioner.adaptive.partitioning.enable = true
	partitioner.availability.timeout.ms = 0
	partitioner.class = null
	partitioner.ignore.keys = false
	receive.buffer.bytes = 32768
	reconnect.backoff.max.ms = 1000
	reconnect.backoff.ms = 50
	request.timeout.ms = 30000
	retries = 2147483647
	retry.backoff.ms = 100
	sasl.client.callback.handler.class = null
	sasl.jaas.config = null
	sasl.kerberos.kinit.cmd = /usr/bin/kinit
	sasl.kerberos.min.time.before.relogin = 60000
	sasl.kerberos.service.name = null
	sasl.kerberos.ticket.renew.jitter = 0.05
	sasl.kerberos.ticket.renew.window.factor = 0.8
	sasl.login.callback.handler.class = null
	sasl.login.class = null
	sasl.login.connect.timeout.ms = null
	sasl.login.read.timeout.ms = null
	sasl.login.refresh.buffer.seconds = 300
	sasl.login.refresh.min.period.seconds = 60
	sasl.login.refresh.window.factor = 0.8
	sasl.login.refresh.window.jitter = 0.05
	sasl.login.retry.backoff.max.ms = 10000
	sasl.login.retry.backoff.ms = 100
	sasl.mechanism = GSSAPI
	sasl.oauthbearer.clock.skew.seconds = 30
	sasl.oauthbearer.expected.audience = null
	sasl.oauthbearer.expected.issuer = null
	sasl.oauthbearer.jwks.endpoint.refresh.ms = 3600000
	sasl.oauthbearer.jwks.endpoint.retry.backoff.max.ms = 10000
	sasl.oauthbearer.jwks.endpoint.retry.backoff.ms = 100
	sasl.oauthbearer.jwks.endpoint.url = null
	sasl.oauthbearer.scope.claim.name = scope
	sasl.oauthbearer.sub.claim.name = sub
	sasl.oauthbearer.token.endpoint.url = null
	security.protocol = SASL_PLAINTEXT
	security.providers = null
	send.buffer.bytes = 131072
	socket.connection.setup.timeout.max.ms = 30000
	socket.connection.setup.timeout.ms = 10000
	ssl.cipher.suites = null
	ssl.enabled.protocols = [TLSv1.2, TLSv1.3]
	ssl.endpoint.identification.algorithm = https
	ssl.engine.factory.class = null
	ssl.key.password = null
	ssl.keymanager.algorithm = SunX509
	ssl.keystore.certificate.chain = null
	ssl.keystore.key = null
	ssl.keystore.location = null
	ssl.keystore.password = null
	ssl.keystore.type = JKS
	ssl.protocol = TLSv1.3
	ssl.provider = null
	ssl.secure.random.implementation = null
	ssl.trustmanager.algorithm = PKIX
	ssl.truststore.certificates = null
	ssl.truststore.location = null
	ssl.truststore.password = null
	ssl.truststore.type = JKS
	transaction.timeout.ms = 60000
	transactional.id = null
	value.serializer = class org.apache.kafka.common.serialization.StringSerializer

2023-05-17T19:26:30.993+03:00  INFO 35228 --- [nio-8080-exec-2] o.a.k.clients.producer.KafkaProducer     : [Producer clientId=producer-1] Instantiated an idempotent producer.
2023-05-17T19:26:32.457+03:00  INFO 35228 --- [nio-8080-exec-2] o.a.k.c.s.authenticator.AbstractLogin    : Successfully logged in.
2023-05-17T19:26:33.968+03:00  INFO 35228 --- [nio-8080-exec-2] o.a.kafka.common.utils.AppInfoParser     : Kafka version: 3.3.2
2023-05-17T19:26:34.043+03:00  INFO 35228 --- [nio-8080-exec-2] o.a.kafka.common.utils.AppInfoParser     : Kafka commitId: b66af662e61082cb
2023-05-17T19:26:34.048+03:00  INFO 35228 --- [nio-8080-exec-2] o.a.kafka.common.utils.AppInfoParser     : Kafka startTimeMs: 1684340793855
2023-05-17T19:26:34.223+03:00  INFO 35228 --- [ad | producer-1] o.a.k.common.network.SaslChannelBuilder  : [Producer clientId=producer-1] Failed to create channel due to 

org.apache.kafka.common.errors.SaslAuthenticationException: Failed to configure SaslClientAuthenticator
Caused by: org.apache.kafka.common.KafkaException: Principal could not be determined from Subject, this may be a transient failure due to Kerberos re-login
	at org.apache.kafka.common.security.authenticator.SaslClientAuthenticator.firstPrincipal(SaslClientAuthenticator.java:632) ~[kafka-clients-3.3.2.jar:na]
	at org.apache.kafka.common.security.authenticator.SaslClientAuthenticator.<init>(SaslClientAuthenticator.java:202) ~[kafka-clients-3.3.2.jar:na]
	at org.apache.kafka.common.network.SaslChannelBuilder.buildClientAuthenticator(SaslChannelBuilder.java:286) ~[kafka-clients-3.3.2.jar:na]
	at org.apache.kafka.common.network.SaslChannelBuilder.lambda$buildChannel$1(SaslChannelBuilder.java:228) ~[kafka-clients-3.3.2.jar:na]
	at org.apache.kafka.common.network.KafkaChannel.<init>(KafkaChannel.java:143) ~[kafka-clients-3.3.2.jar:na]
	at org.apache.kafka.common.network.SaslChannelBuilder.buildChannel(SaslChannelBuilder.java:236) ~[kafka-clients-3.3.2.jar:na]
	at org.apache.kafka.common.network.Selector.buildAndAttachKafkaChannel(Selector.java:338) ~[kafka-clients-3.3.2.jar:na]
	at org.apache.kafka.common.network.Selector.registerChannel(Selector.java:329) ~[kafka-clients-3.3.2.jar:na]
	at org.apache.kafka.common.network.Selector.connect(Selector.java:256) ~[kafka-clients-3.3.2.jar:na]
	at org.apache.kafka.clients.NetworkClient.initiateConnect(NetworkClient.java:992) ~[kafka-clients-3.3.2.jar:na]
	at org.apache.kafka.clients.NetworkClient.access$600(NetworkClient.java:73) ~[kafka-clients-3.3.2.jar:na]
	at org.apache.kafka.clients.NetworkClient$DefaultMetadataUpdater.maybeUpdate(NetworkClient.java:1163) ~[kafka-clients-3.3.2.jar:na]
	at org.apache.kafka.clients.NetworkClient$DefaultMetadataUpdater.maybeUpdate(NetworkClient.java:1051) ~[kafka-clients-3.3.2.jar:na]
	at org.apache.kafka.clients.NetworkClient.poll(NetworkClient.java:558) ~[kafka-clients-3.3.2.jar:na]
	at org.apache.kafka.clients.NetworkClientUtils.isReady(NetworkClientUtils.java:42) ~[kafka-clients-3.3.2.jar:na]
	at org.apache.kafka.clients.NetworkClientUtils.awaitReady(NetworkClientUtils.java:64) ~[kafka-clients-3.3.2.jar:na]
	at org.apache.kafka.clients.producer.internals.Sender.awaitNodeReady(Sender.java:534) ~[kafka-clients-3.3.2.jar:na]
	at org.apache.kafka.clients.producer.internals.Sender.maybeSendAndPollTransactionalRequest(Sender.java:455) ~[kafka-clients-3.3.2.jar:na]
	at org.apache.kafka.clients.producer.internals.Sender.runOnce(Sender.java:316) ~[kafka-clients-3.3.2.jar:na]
	at org.apache.kafka.clients.producer.internals.Sender.run(Sender.java:243) ~[kafka-clients-3.3.2.jar:na]
	at java.base/java.lang.Thread.run(Thread.java:833) ~[na:na]

2023-05-17T19:26:34.234+03:00  WARN 35228 --- [ad | producer-1] org.apache.kafka.clients.NetworkClient   : [Producer clientId=producer-1] Error connecting to node pkc-4nmjv.francecentral.azure.confluent.cloud:9092 (id: -1 rack: null)

java.io.IOException: Channel could not be created for socket java.nio.channels.SocketChannel[closed]
	at org.apache.kafka.common.network.Selector.buildAndAttachKafkaChannel(Selector.java:348) ~[kafka-clients-3.3.2.jar:na]
	at org.apache.kafka.common.network.Selector.registerChannel(Selector.java:329) ~[kafka-clients-3.3.2.jar:na]
	at org.apache.kafka.common.network.Selector.connect(Selector.java:256) ~[kafka-clients-3.3.2.jar:na]
	at org.apache.kafka.clients.NetworkClient.initiateConnect(NetworkClient.java:992) ~[kafka-clients-3.3.2.jar:na]
	at org.apache.kafka.clients.NetworkClient.access$600(NetworkClient.java:73) ~[kafka-clients-3.3.2.jar:na]
	at org.apache.kafka.clients.NetworkClient$DefaultMetadataUpdater.maybeUpdate(NetworkClient.java:1163) ~[kafka-clients-3.3.2.jar:na]
	at org.apache.kafka.clients.NetworkClient$DefaultMetadataUpdater.maybeUpdate(NetworkClient.java:1051) ~[kafka-clients-3.3.2.jar:na]
	at org.apache.kafka.clients.NetworkClient.poll(NetworkClient.java:558) ~[kafka-clients-3.3.2.jar:na]
	at org.apache.kafka.clients.NetworkClientUtils.isReady(NetworkClientUtils.java:42) ~[kafka-clients-3.3.2.jar:na]
	at org.apache.kafka.clients.NetworkClientUtils.awaitReady(NetworkClientUtils.java:64) ~[kafka-clients-3.3.2.jar:na]
	at org.apache.kafka.clients.producer.internals.Sender.awaitNodeReady(Sender.java:534) ~[kafka-clients-3.3.2.jar:na]
	at org.apache.kafka.clients.producer.internals.Sender.maybeSendAndPollTransactionalRequest(Sender.java:455) ~[kafka-clients-3.3.2.jar:na]
	at org.apache.kafka.clients.producer.internals.Sender.runOnce(Sender.java:316) ~[kafka-clients-3.3.2.jar:na]
	at org.apache.kafka.clients.producer.internals.Sender.run(Sender.java:243) ~[kafka-clients-3.3.2.jar:na]
	at java.base/java.lang.Thread.run(Thread.java:833) ~[na:na]
Caused by: org.apache.kafka.common.KafkaException: org.apache.kafka.common.errors.SaslAuthenticationException: Failed to configure SaslClientAuthenticator
	at org.apache.kafka.common.network.SaslChannelBuilder.buildChannel(SaslChannelBuilder.java:240) ~[kafka-clients-3.3.2.jar:na]
	at org.apache.kafka.common.network.Selector.buildAndAttachKafkaChannel(Selector.java:338) ~[kafka-clients-3.3.2.jar:na]
	... 14 common frames omitted
Caused by: org.apache.kafka.common.errors.SaslAuthenticationException: Failed to configure SaslClientAuthenticator
Caused by: org.apache.kafka.common.KafkaException: Principal could not be determined from Subject, this may be a transient failure due to Kerberos re-login
	at org.apache.kafka.common.security.authenticator.SaslClientAuthenticator.firstPrincipal(SaslClientAuthenticator.java:632) ~[kafka-clients-3.3.2.jar:na]
	at org.apache.kafka.common.security.authenticator.SaslClientAuthenticator.<init>(SaslClientAuthenticator.java:202) ~[kafka-clients-3.3.2.jar:na]
	at org.apache.kafka.common.network.SaslChannelBuilder.buildClientAuthenticator(SaslChannelBuilder.java:286) ~[kafka-clients-3.3.2.jar:na]
	at org.apache.kafka.common.network.SaslChannelBuilder.lambda$buildChannel$1(SaslChannelBuilder.java:228) ~[kafka-clients-3.3.2.jar:na]
	at org.apache.kafka.common.network.KafkaChannel.<init>(KafkaChannel.java:143) ~[kafka-clients-3.3.2.jar:na]
	at org.apache.kafka.common.network.SaslChannelBuilder.buildChannel(SaslChannelBuilder.java:236) ~[kafka-clients-3.3.2.jar:na]
	at org.apache.kafka.common.network.Selector.buildAndAttachKafkaChannel(Selector.java:338) ~[kafka-clients-3.3.2.jar:na]
	at org.apache.kafka.common.network.Selector.registerChannel(Selector.java:329) ~[kafka-clients-3.3.2.jar:na]
	at org.apache.kafka.common.network.Selector.connect(Selector.java:256) ~[kafka-clients-3.3.2.jar:na]
	at org.apache.kafka.clients.NetworkClient.initiateConnect(NetworkClient.java:992) ~[kafka-clients-3.3.2.jar:na]
	at org.apache.kafka.clients.NetworkClient.access$600(NetworkClient.java:73) ~[kafka-clients-3.3.2.jar:na]
	at org.apache.kafka.clients.NetworkClient$DefaultMetadataUpdater.maybeUpdate(NetworkClient.java:1163) ~[kafka-clients-3.3.2.jar:na]
	at org.apache.kafka.clients.NetworkClient$DefaultMetadataUpdater.maybeUpdate(NetworkClient.java:1051) ~[kafka-clients-3.3.2.jar:na]
	at org.apache.kafka.clients.NetworkClient.poll(NetworkClient.java:558) ~[kafka-clients-3.3.2.jar:na]
	at org.apache.kafka.clients.NetworkClientUtils.isReady(NetworkClientUtils.java:42) ~[kafka-clients-3.3.2.jar:na]
	at org.apache.kafka.clients.NetworkClientUtils.awaitReady(NetworkClientUtils.java:64) ~[kafka-clients-3.3.2.jar:na]
	at org.apache.kafka.clients.producer.internals.Sender.awaitNodeReady(Sender.java:534) ~[kafka-clients-3.3.2.jar:na]
	at org.apache.kafka.clients.producer.internals.Sender.maybeSendAndPollTransactionalRequest(Sender.java:455) ~[kafka-clients-3.3.2.jar:na]
	at org.apache.kafka.clients.producer.internals.Sender.runOnce(Sender.java:316) ~[kafka-clients-3.3.2.jar:na]
	at org.apache.kafka.clients.producer.internals.Sender.run(Sender.java:243) ~[kafka-clients-3.3.2.jar:na]
	at java.base/java.lang.Thread.run(Thread.java:833) ~[na:na]

2023-05-17T19:26:34.236+03:00  WARN 35228 --- [ad | producer-1] org.apache.kafka.clients.NetworkClient   : [Producer clientId=producer-1] Bootstrap broker pkc-4nmjv.francecentral.azure.confluent.cloud:9092 (id: -1 rack: null) disconnected
2023-05-17T19:26:34.344+03:00  INFO 35228 --- [ad | producer-1] o.a.k.common.network.SaslChannelBuilder  : [Producer clientId=producer-1] Failed to create channel due to 

org.apache.kafka.common.errors.SaslAuthenticationException: Failed to configure SaslClientAuthenticator
Caused by: org.apache.kafka.common.KafkaException: Principal could not be determined from Subject, this may be a transient failure due to Kerberos re-login
	at org.apache.kafka.common.security.authenticator.SaslClientAuthenticator.firstPrincipal(SaslClientAuthenticator.java:632) ~[kafka-clients-3.3.2.jar:na]
	at org.apache.kafka.common.security.authenticator.SaslClientAuthenticator.<init>(SaslClientAuthenticator.java:202) ~[kafka-clients-3.3.2.jar:na]
	at org.apache.kafka.common.network.SaslChannelBuilder.buildClientAuthenticator(SaslChannelBuilder.java:286) ~[kafka-clients-3.3.2.jar:na]
	at org.apache.kafka.common.network.SaslChannelBuilder.lambda$buildChannel$1(SaslChannelBuilder.java:228) ~[kafka-clients-3.3.2.jar:na]
	at org.apache.kafka.common.network.KafkaChannel.<init>(KafkaChannel.java:143) ~[kafka-clients-3.3.2.jar:na]
	at org.apache.kafka.common.network.SaslChannelBuilder.buildChannel(SaslChannelBuilder.java:236) ~[kafka-clients-3.3.2.jar:na]
	at org.apache.kafka.common.network.Selector.buildAndAttachKafkaChannel(Selector.java:338) ~[kafka-clients-3.3.2.jar:na]
	at org.apache.kafka.common.network.Selector.registerChannel(Selector.java:329) ~[kafka-clients-3.3.2.jar:na]
	at org.apache.kafka.common.network.Selector.connect(Selector.java:256) ~[kafka-clients-3.3.2.jar:na]
	at org.apache.kafka.clients.NetworkClient.initiateConnect(NetworkClient.java:992) ~[kafka-clients-3.3.2.jar:na]
	at org.apache.kafka.clients.NetworkClient.access$600(NetworkClient.java:73) ~[kafka-clients-3.3.2.jar:na]
	at org.apache.kafka.clients.NetworkClient$DefaultMetadataUpdater.maybeUpdate(NetworkClient.java:1163) ~[kafka-clients-3.3.2.jar:na]
	at org.apache.kafka.clients.NetworkClient$DefaultMetadataUpdater.maybeUpdate(NetworkClient.java:1051) ~[kafka-clients-3.3.2.jar:na]
	at org.apache.kafka.clients.NetworkClient.poll(NetworkClient.java:558) ~[kafka-clients-3.3.2.jar:na]
	at org.apache.kafka.clients.NetworkClientUtils.isReady(NetworkClientUtils.java:42) ~[kafka-clients-3.3.2.jar:na]
	at org.apache.kafka.clients.NetworkClientUtils.awaitReady(NetworkClientUtils.java:64) ~[kafka-clients-3.3.2.jar:na]
	at org.apache.kafka.clients.producer.internals.Sender.awaitNodeReady(Sender.java:534) ~[kafka-clients-3.3.2.jar:na]
	at org.apache.kafka.clients.producer.internals.Sender.maybeSendAndPollTransactionalRequest(Sender.java:455) ~[kafka-clients-3.3.2.jar:na]
	at org.apache.kafka.clients.producer.internals.Sender.runOnce(Sender.java:316) ~[kafka-clients-3.3.2.jar:na]
	at org.apache.kafka.clients.producer.internals.Sender.run(Sender.java:243) ~[kafka-clients-3.3.2.jar:na]
	at java.base/java.lang.Thread.run(Thread.java:833) ~[na:na]

2023-05-17T19:26:34.345+03:00  WARN 35228 --- [ad | producer-1] org.apache.kafka.clients.NetworkClient   : [Producer clientId=producer-1] Error connecting to node pkc-4nmjv.francecentral.azure.confluent.cloud:9092 (id: -1 rack: null)

java.io.IOException: Channel could not be created for socket java.nio.channels.SocketChannel[closed]
	at org.apache.kafka.common.network.Selector.buildAndAttachKafkaChannel(Selector.java:348) ~[kafka-clients-3.3.2.jar:na]
	at org.apache.kafka.common.network.Selector.registerChannel(Selector.java:329) ~[kafka-clients-3.3.2.jar:na]
	at org.apache.kafka.common.network.Selector.connect(Selector.java:256) ~[kafka-clients-3.3.2.jar:na]
	at org.apache.kafka.clients.NetworkClient.initiateConnect(NetworkClient.java:992) ~[kafka-clients-3.3.2.jar:na]
	at org.apache.kafka.clients.NetworkClient.access$600(NetworkClient.java:73) ~[kafka-clients-3.3.2.jar:na]
	at org.apache.kafka.clients.NetworkClient$DefaultMetadataUpdater.maybeUpdate(NetworkClient.java:1163) ~[kafka-clients-3.3.2.jar:na]
	at org.apache.kafka.clients.NetworkClient$DefaultMetadataUpdater.maybeUpdate(NetworkClient.java:1051) ~[kafka-clients-3.3.2.jar:na]
	at org.apache.kafka.clients.NetworkClient.poll(NetworkClient.java:558) ~[kafka-clients-3.3.2.jar:na]
	at org.apache.kafka.clients.NetworkClientUtils.isReady(NetworkClientUtils.java:42) ~[kafka-clients-3.3.2.jar:na]
	at org.apache.kafka.clients.NetworkClientUtils.awaitReady(NetworkClientUtils.java:64) ~[kafka-clients-3.3.2.jar:na]
	at org.apache.kafka.clients.producer.internals.Sender.awaitNodeReady(Sender.java:534) ~[kafka-clients-3.3.2.jar:na]
	at org.apache.kafka.clients.producer.internals.Sender.maybeSendAndPollTransactionalRequest(Sender.java:455) ~[kafka-clients-3.3.2.jar:na]
	at org.apache.kafka.clients.producer.internals.Sender.runOnce(Sender.java:316) ~[kafka-clients-3.3.2.jar:na]
	at org.apache.kafka.clients.producer.internals.Sender.run(Sender.java:243) ~[kafka-clients-3.3.2.jar:na]
	at java.base/java.lang.Thread.run(Thread.java:833) ~[na:na]
Caused by: org.apache.kafka.common.KafkaException: org.apache.kafka.common.errors.SaslAuthenticationException: Failed to configure SaslClientAuthenticator
	at org.apache.kafka.common.network.SaslChannelBuilder.buildChannel(SaslChannelBuilder.java:240) ~[kafka-clients-3.3.2.jar:na]
	at org.apache.kafka.common.network.Selector.buildAndAttachKafkaChannel(Selector.java:338) ~[kafka-clients-3.3.2.jar:na]
	... 14 common frames omitted
Caused by: org.apache.kafka.common.errors.SaslAuthenticationException: Failed to configure SaslClientAuthenticator
Caused by: org.apache.kafka.common.KafkaException: Principal could not be determined from Subject, this may be a transient failure due to Kerberos re-login
	at org.apache.kafka.common.security.authenticator.SaslClientAuthenticator.firstPrincipal(SaslClientAuthenticator.java:632) ~[kafka-clients-3.3.2.jar:na]
	at org.apache.kafka.common.security.authenticator.SaslClientAuthenticator.<init>(SaslClientAuthenticator.java:202) ~[kafka-clients-3.3.2.jar:na]
	at org.apache.kafka.common.network.SaslChannelBuilder.buildClientAuthenticator(SaslChannelBuilder.java:286) ~[kafka-clients-3.3.2.jar:na]
	at org.apache.kafka.common.network.SaslChannelBuilder.lambda$buildChannel$1(SaslChannelBuilder.java:228) ~[kafka-clients-3.3.2.jar:na]
	at org.apache.kafka.common.network.KafkaChannel.<init>(KafkaChannel.java:143) ~[kafka-clients-3.3.2.jar:na]
	at org.apache.kafka.common.network.SaslChannelBuilder.buildChannel(SaslChannelBuilder.java:236) ~[kafka-clients-3.3.2.jar:na]
	at org.apache.kafka.common.network.Selector.buildAndAttachKafkaChannel(Selector.java:338) ~[kafka-clients-3.3.2.jar:na]
	at org.apache.kafka.common.network.Selector.registerChannel(Selector.java:329) ~[kafka-clients-3.3.2.jar:na]
	at org.apache.kafka.common.network.Selector.connect(Selector.java:256) ~[kafka-clients-3.3.2.jar:na]
	at org.apache.kafka.clients.NetworkClient.initiateConnect(NetworkClient.java:992) ~[kafka-clients-3.3.2.jar:na]
	at org.apache.kafka.clients.NetworkClient.access$600(NetworkClient.java:73) ~[kafka-clients-3.3.2.jar:na]
	at org.apache.kafka.clients.NetworkClient$DefaultMetadataUpdater.maybeUpdate(NetworkClient.java:1163) ~[kafka-clients-3.3.2.jar:na]
	at org.apache.kafka.clients.NetworkClient$DefaultMetadataUpdater.maybeUpdate(NetworkClient.java:1051) ~[kafka-clients-3.3.2.jar:na]
	at org.apache.kafka.clients.NetworkClient.poll(NetworkClient.java:558) ~[kafka-clients-3.3.2.jar:na]
	at org.apache.kafka.clients.NetworkClientUtils.isReady(NetworkClientUtils.java:42) ~[kafka-clients-3.3.2.jar:na]
	at org.apache.kafka.clients.NetworkClientUtils.awaitReady(NetworkClientUtils.java:64) ~[kafka-clients-3.3.2.jar:na]
	at org.apache.kafka.clients.producer.internals.Sender.awaitNodeReady(Sender.java:534) ~[kafka-clients-3.3.2.jar:na]
	at org.apache.kafka.clients.producer.internals.Sender.maybeSendAndPollTransactionalRequest(Sender.java:455) ~[kafka-clients-3.3.2.jar:na]
	at org.apache.kafka.clients.producer.internals.Sender.runOnce(Sender.java:316) ~[kafka-clients-3.3.2.jar:na]
	at org.apache.kafka.clients.producer.internals.Sender.run(Sender.java:243) ~[kafka-clients-3.3.2.jar:na]
	at java.base/java.lang.Thread.run(Thread.java:833) ~[na:na]

2023-05-17T19:26:34.345+03:00  WARN 35228 --- [ad | producer-1] org.apache.kafka.clients.NetworkClient   : [Producer clientId=producer-1] Bootstrap broker pkc-4nmjv.francecentral.azure.confluent.cloud:9092 (id: -1 rack: null) disconnected
2023-05-17T19:26:34.447+03:00  INFO 35228 --- [ad | producer-1] o.a.k.common.network.SaslChannelBuilder  : [Producer clientId=producer-1] Failed to create channel due to 

org.apache.kafka.common.errors.SaslAuthenticationException: Failed to configure SaslClientAuthenticator
Caused by: org.apache.kafka.common.KafkaException: Principal could not be determined from Subject, this may be a transient failure due to Kerberos re-login
	at org.apache.kafka.common.security.authenticator.SaslClientAuthenticator.firstPrincipal(SaslClientAuthenticator.java:632) ~[kafka-clients-3.3.2.jar:na]
	at org.apache.kafka.common.security.authenticator.SaslClientAuthenticator.<init>(SaslClientAuthenticator.java:202) ~[kafka-clients-3.3.2.jar:na]
	at org.apache.kafka.common.network.SaslChannelBuilder.buildClientAuthenticator(SaslChannelBuilder.java:286) ~[kafka-clients-3.3.2.jar:na]
	at org.apache.kafka.common.network.SaslChannelBuilder.lambda$buildChannel$1(SaslChannelBuilder.java:228) ~[kafka-clients-3.3.2.jar:na]
	at org.apache.kafka.common.network.KafkaChannel.<init>(KafkaChannel.java:143) ~[kafka-clients-3.3.2.jar:na]
	at org.apache.kafka.common.network.SaslChannelBuilder.buildChannel(SaslChannelBuilder.java:236) ~[kafka-clients-3.3.2.jar:na]
	at org.apache.kafka.common.network.Selector.buildAndAttachKafkaChannel(Selector.java:338) ~[kafka-clients-3.3.2.jar:na]
	at org.apache.kafka.common.network.Selector.registerChannel(Selector.java:329) ~[kafka-clients-3.3.2.jar:na]
	at org.apache.kafka.common.network.Selector.connect(Selector.java:256) ~[kafka-clients-3.3.2.jar:na]
	at org.apache.kafka.clients.NetworkClient.initiateConnect(NetworkClient.java:992) ~[kafka-clients-3.3.2.jar:na]
	at org.apache.kafka.clients.NetworkClient.access$600(NetworkClient.java:73) ~[kafka-clients-3.3.2.jar:na]
	at org.apache.kafka.clients.NetworkClient$DefaultMetadataUpdater.maybeUpdate(NetworkClient.java:1163) ~[kafka-clients-3.3.2.jar:na]
	at org.apache.kafka.clients.NetworkClient$DefaultMetadataUpdater.maybeUpdate(NetworkClient.java:1051) ~[kafka-clients-3.3.2.jar:na]
	at org.apache.kafka.clients.NetworkClient.poll(NetworkClient.java:558) ~[kafka-clients-3.3.2.jar:na]
	at org.apache.kafka.clients.NetworkClientUtils.isReady(NetworkClientUtils.java:42) ~[kafka-clients-3.3.2.jar:na]
	at org.apache.kafka.clients.NetworkClientUtils.awaitReady(NetworkClientUtils.java:64) ~[kafka-clients-3.3.2.jar:na]
	at org.apache.kafka.clients.producer.internals.Sender.awaitNodeReady(Sender.java:534) ~[kafka-clients-3.3.2.jar:na]
	at org.apache.kafka.clients.producer.internals.Sender.maybeSendAndPollTransactionalRequest(Sender.java:455) ~[kafka-clients-3.3.2.jar:na]
	at org.apache.kafka.clients.producer.internals.Sender.runOnce(Sender.java:316) ~[kafka-clients-3.3.2.jar:na]
	at org.apache.kafka.clients.producer.internals.Sender.run(Sender.java:243) ~[kafka-clients-3.3.2.jar:na]
	at java.base/java.lang.Thread.run(Thread.java:833) ~[na:na]

2023-05-17T19:26:34.448+03:00  WARN 35228 --- [ad | producer-1] org.apache.kafka.clients.NetworkClient   : [Producer clientId=producer-1] Error connecting to node pkc-4nmjv.francecentral.azure.confluent.cloud:9092 (id: -1 rack: null)

java.io.IOException: Channel could not be created for socket java.nio.channels.SocketChannel[closed]
	at org.apache.kafka.common.network.Selector.buildAndAttachKafkaChannel(Selector.java:348) ~[kafka-clients-3.3.2.jar:na]
	at org.apache.kafka.common.network.Selector.registerChannel(Selector.java:329) ~[kafka-clients-3.3.2.jar:na]
	at org.apache.kafka.common.network.Selector.connect(Selector.java:256) ~[kafka-clients-3.3.2.jar:na]
	at org.apache.kafka.clients.NetworkClient.initiateConnect(NetworkClient.java:992) ~[kafka-clients-3.3.2.jar:na]
	at org.apache.kafka.clients.NetworkClient.access$600(NetworkClient.java:73) ~[kafka-clients-3.3.2.jar:na]
	at org.apache.kafka.clients.NetworkClient$DefaultMetadataUpdater.maybeUpdate(NetworkClient.java:1163) ~[kafka-clients-3.3.2.jar:na]
	at org.apache.kafka.clients.NetworkClient$DefaultMetadataUpdater.maybeUpdate(NetworkClient.java:1051) ~[kafka-clients-3.3.2.jar:na]
	at org.apache.kafka.clients.NetworkClient.poll(NetworkClient.java:558) ~[kafka-clients-3.3.2.jar:na]
	at org.apache.kafka.clients.NetworkClientUtils.isReady(NetworkClientUtils.java:42) ~[kafka-clients-3.3.2.jar:na]
	at org.apache.kafka.clients.NetworkClientUtils.awaitReady(NetworkClientUtils.java:64) ~[kafka-clients-3.3.2.jar:na]
	at org.apache.kafka.clients.producer.internals.Sender.awaitNodeReady(Sender.java:534) ~[kafka-clients-3.3.2.jar:na]
	at org.apache.kafka.clients.producer.internals.Sender.maybeSendAndPollTransactionalRequest(Sender.java:455) ~[kafka-clients-3.3.2.jar:na]
	at org.apache.kafka.clients.producer.internals.Sender.runOnce(Sender.java:316) ~[kafka-clients-3.3.2.jar:na]
	at org.apache.kafka.clients.producer.internals.Sender.run(Sender.java:243) ~[kafka-clients-3.3.2.jar:na]
	at java.base/java.lang.Thread.run(Thread.java:833) ~[na:na]
Caused by: org.apache.kafka.common.KafkaException: org.apache.kafka.common.errors.SaslAuthenticationException: Failed to configure SaslClientAuthenticator
	at org.apache.kafka.common.network.SaslChannelBuilder.buildChannel(SaslChannelBuilder.java:240) ~[kafka-clients-3.3.2.jar:na]
	at org.apache.kafka.common.network.Selector.buildAndAttachKafkaChannel(Selector.java:338) ~[kafka-clients-3.3.2.jar:na]
	... 14 common frames omitted
Caused by: org.apache.kafka.common.errors.SaslAuthenticationException: Failed to configure SaslClientAuthenticator
Caused by: org.apache.kafka.common.KafkaException: Principal could not be determined from Subject, this may be a transient failure due to Kerberos re-login
	at org.apache.kafka.common.security.authenticator.SaslClientAuthenticator.firstPrincipal(SaslClientAuthenticator.java:632) ~[kafka-clients-3.3.2.jar:na]
	at org.apache.kafka.common.security.authenticator.SaslClientAuthenticator.<init>(SaslClientAuthenticator.java:202) ~[kafka-clients-3.3.2.jar:na]
	at org.apache.kafka.common.network.SaslChannelBuilder.buildClientAuthenticator(SaslChannelBuilder.java:286) ~[kafka-clients-3.3.2.jar:na]
	at org.apache.kafka.common.network.SaslChannelBuilder.lambda$buildChannel$1(SaslChannelBuilder.java:228) ~[kafka-clients-3.3.2.jar:na]
	at org.apache.kafka.common.network.KafkaChannel.<init>(KafkaChannel.java:143) ~[kafka-clients-3.3.2.jar:na]
	at org.apache.kafka.common.network.SaslChannelBuilder.buildChannel(SaslChannelBuilder.java:236) ~[kafka-clients-3.3.2.jar:na]
	at org.apache.kafka.common.network.Selector.buildAndAttachKafkaChannel(Selector.java:338) ~[kafka-clients-3.3.2.jar:na]
	at org.apache.kafka.common.network.Selector.registerChannel(Selector.java:329) ~[kafka-clients-3.3.2.jar:na]
	at org.apache.kafka.common.network.Selector.connect(Selector.java:256) ~[kafka-clients-3.3.2.jar:na]
	at org.apache.kafka.clients.NetworkClient.initiateConnect(NetworkClient.java:992) ~[kafka-clients-3.3.2.jar:na]
	at org.apache.kafka.clients.NetworkClient.access$600(NetworkClient.java:73) ~[kafka-clients-3.3.2.jar:na]
	at org.apache.kafka.clients.NetworkClient$DefaultMetadataUpdater.maybeUpdate(NetworkClient.java:1163) ~[kafka-clients-3.3.2.jar:na]
	at org.apache.kafka.clients.NetworkClient$DefaultMetadataUpdater.maybeUpdate(NetworkClient.java:1051) ~[kafka-clients-3.3.2.jar:na]
	at org.apache.kafka.clients.NetworkClient.poll(NetworkClient.java:558) ~[kafka-clients-3.3.2.jar:na]
	at org.apache.kafka.clients.NetworkClientUtils.isReady(NetworkClientUtils.java:42) ~[kafka-clients-3.3.2.jar:na]
	at org.apache.kafka.clients.NetworkClientUtils.awaitReady(NetworkClientUtils.java:64) ~[kafka-clients-3.3.2.jar:na]
	at org.apache.kafka.clients.producer.internals.Sender.awaitNodeReady(Sender.java:534) ~[kafka-clients-3.3.2.jar:na]
	at org.apache.kafka.clients.producer.internals.Sender.maybeSendAndPollTransactionalRequest(Sender.java:455) ~[kafka-clients-3.3.2.jar:na]
	at org.apache.kafka.clients.producer.internals.Sender.runOnce(Sender.java:316) ~[kafka-clients-3.3.2.jar:na]
	at org.apache.kafka.clients.producer.internals.Sender.run(Sender.java:243) ~[kafka-clients-3.3.2.jar:na]
	at java.base/java.lang.Thread.run(Thread.java:833) ~[na:na]

2023-05-17T19:26:34.448+03:00  WARN 35228 --- [ad | producer-1] org.apache.kafka.clients.NetworkClient   : [Producer clientId=producer-1] Bootstrap broker pkc-4nmjv.francecentral.azure.confluent.cloud:9092 (id: -1 rack: null) disconnected
2023-05-17T19:26:34.652+03:00  INFO 35228 --- [ad | producer-1] o.a.k.common.network.SaslChannelBuilder  : [Producer clientId=producer-1] Failed to create channel due to 

org.apache.kafka.common.errors.SaslAuthenticationException: Failed to configure SaslClientAuthenticator
Caused by: org.apache.kafka.common.KafkaException: Principal could not be determined from Subject, this may be a transient failure due to Kerberos re-login
	at org.apache.kafka.common.security.authenticator.SaslClientAuthenticator.firstPrincipal(SaslClientAuthenticator.java:632) ~[kafka-clients-3.3.2.jar:na]
	at org.apache.kafka.common.security.authenticator.SaslClientAuthenticator.<init>(SaslClientAuthenticator.java:202) ~[kafka-clients-3.3.2.jar:na]
	at org.apache.kafka.common.network.SaslChannelBuilder.buildClientAuthenticator(SaslChannelBuilder.java:286) ~[kafka-clients-3.3.2.jar:na]
	at org.apache.kafka.common.network.SaslChannelBuilder.lambda$buildChannel$1(SaslChannelBuilder.java:228) ~[kafka-clients-3.3.2.jar:na]
	at org.apache.kafka.common.network.KafkaChannel.<init>(KafkaChannel.java:143) ~[kafka-clients-3.3.2.jar:na]
	at org.apache.kafka.common.network.SaslChannelBuilder.buildChannel(SaslChannelBuilder.java:236) ~[kafka-clients-3.3.2.jar:na]
	at org.apache.kafka.common.network.Selector.buildAndAttachKafkaChannel(Selector.java:338) ~[kafka-clients-3.3.2.jar:na]
	at org.apache.kafka.common.network.Selector.registerChannel(Selector.java:329) ~[kafka-clients-3.3.2.jar:na]
	at org.apache.kafka.common.network.Selector.connect(Selector.java:256) ~[kafka-clients-3.3.2.jar:na]
	at org.apache.kafka.clients.NetworkClient.initiateConnect(NetworkClient.java:992) ~[kafka-clients-3.3.2.jar:na]
	at org.apache.kafka.clients.NetworkClient.access$600(NetworkClient.java:73) ~[kafka-clients-3.3.2.jar:na]
	at org.apache.kafka.clients.NetworkClient$DefaultMetadataUpdater.maybeUpdate(NetworkClient.java:1163) ~[kafka-clients-3.3.2.jar:na]
	at org.apache.kafka.clients.NetworkClient$DefaultMetadataUpdater.maybeUpdate(NetworkClient.java:1051) ~[kafka-clients-3.3.2.jar:na]
	at org.apache.kafka.clients.NetworkClient.poll(NetworkClient.java:558) ~[kafka-clients-3.3.2.jar:na]
	at org.apache.kafka.clients.NetworkClientUtils.isReady(NetworkClientUtils.java:42) ~[kafka-clients-3.3.2.jar:na]
	at org.apache.kafka.clients.NetworkClientUtils.awaitReady(NetworkClientUtils.java:64) ~[kafka-clients-3.3.2.jar:na]
	at org.apache.kafka.clients.producer.internals.Sender.awaitNodeReady(Sender.java:534) ~[kafka-clients-3.3.2.jar:na]
	at org.apache.kafka.clients.producer.internals.Sender.maybeSendAndPollTransactionalRequest(Sender.java:455) ~[kafka-clients-3.3.2.jar:na]
	at org.apache.kafka.clients.producer.internals.Sender.runOnce(Sender.java:316) ~[kafka-clients-3.3.2.jar:na]
	at org.apache.kafka.clients.producer.internals.Sender.run(Sender.java:243) ~[kafka-clients-3.3.2.jar:na]
	at java.base/java.lang.Thread.run(Thread.java:833) ~[na:na]

2023-05-17T19:26:34.653+03:00  WARN 35228 --- [ad | producer-1] org.apache.kafka.clients.NetworkClient   : [Producer clientId=producer-1] Error connecting to node pkc-4nmjv.francecentral.azure.confluent.cloud:9092 (id: -1 rack: null)

java.io.IOException: Channel could not be created for socket java.nio.channels.SocketChannel[closed]
	at org.apache.kafka.common.network.Selector.buildAndAttachKafkaChannel(Selector.java:348) ~[kafka-clients-3.3.2.jar:na]
	at org.apache.kafka.common.network.Selector.registerChannel(Selector.java:329) ~[kafka-clients-3.3.2.jar:na]
	at org.apache.kafka.common.network.Selector.connect(Selector.java:256) ~[kafka-clients-3.3.2.jar:na]
	at org.apache.kafka.clients.NetworkClient.initiateConnect(NetworkClient.java:992) ~[kafka-clients-3.3.2.jar:na]
	at org.apache.kafka.clients.NetworkClient.access$600(NetworkClient.java:73) ~[kafka-clients-3.3.2.jar:na]
	at org.apache.kafka.clients.NetworkClient$DefaultMetadataUpdater.maybeUpdate(NetworkClient.java:1163) ~[kafka-clients-3.3.2.jar:na]
	at org.apache.kafka.clients.NetworkClient$DefaultMetadataUpdater.maybeUpdate(NetworkClient.java:1051) ~[kafka-clients-3.3.2.jar:na]
	at org.apache.kafka.clients.NetworkClient.poll(NetworkClient.java:558) ~[kafka-clients-3.3.2.jar:na]
	at org.apache.kafka.clients.NetworkClientUtils.isReady(NetworkClientUtils.java:42) ~[kafka-clients-3.3.2.jar:na]
	at org.apache.kafka.clients.NetworkClientUtils.awaitReady(NetworkClientUtils.java:64) ~[kafka-clients-3.3.2.jar:na]
	at org.apache.kafka.clients.producer.internals.Sender.awaitNodeReady(Sender.java:534) ~[kafka-clients-3.3.2.jar:na]
	at org.apache.kafka.clients.producer.internals.Sender.maybeSendAndPollTransactionalRequest(Sender.java:455) ~[kafka-clients-3.3.2.jar:na]
	at org.apache.kafka.clients.producer.internals.Sender.runOnce(Sender.java:316) ~[kafka-clients-3.3.2.jar:na]
	at org.apache.kafka.clients.producer.internals.Sender.run(Sender.java:243) ~[kafka-clients-3.3.2.jar:na]
	at java.base/java.lang.Thread.run(Thread.java:833) ~[na:na]
Caused by: org.apache.kafka.common.KafkaException: org.apache.kafka.common.errors.SaslAuthenticationException: Failed to configure SaslClientAuthenticator
	at org.apache.kafka.common.network.SaslChannelBuilder.buildChannel(SaslChannelBuilder.java:240) ~[kafka-clients-3.3.2.jar:na]
	at org.apache.kafka.common.network.Selector.buildAndAttachKafkaChannel(Selector.java:338) ~[kafka-clients-3.3.2.jar:na]
	... 14 common frames omitted
Caused by: org.apache.kafka.common.errors.SaslAuthenticationException: Failed to configure SaslClientAuthenticator
Caused by: org.apache.kafka.common.KafkaException: Principal could not be determined from Subject, this may be a transient failure due to Kerberos re-login
	at org.apache.kafka.common.security.authenticator.SaslClientAuthenticator.firstPrincipal(SaslClientAuthenticator.java:632) ~[kafka-clients-3.3.2.jar:na]
	at org.apache.kafka.common.security.authenticator.SaslClientAuthenticator.<init>(SaslClientAuthenticator.java:202) ~[kafka-clients-3.3.2.jar:na]
	at org.apache.kafka.common.network.SaslChannelBuilder.buildClientAuthenticator(SaslChannelBuilder.java:286) ~[kafka-clients-3.3.2.jar:na]
	at org.apache.kafka.common.network.SaslChannelBuilder.lambda$buildChannel$1(SaslChannelBuilder.java:228) ~[kafka-clients-3.3.2.jar:na]
	at org.apache.kafka.common.network.KafkaChannel.<init>(KafkaChannel.java:143) ~[kafka-clients-3.3.2.jar:na]
	at org.apache.kafka.common.network.SaslChannelBuilder.buildChannel(SaslChannelBuilder.java:236) ~[kafka-clients-3.3.2.jar:na]
	at org.apache.kafka.common.network.Selector.buildAndAttachKafkaChannel(Selector.java:338) ~[kafka-clients-3.3.2.jar:na]
	at org.apache.kafka.common.network.Selector.registerChannel(Selector.java:329) ~[kafka-clients-3.3.2.jar:na]
	at org.apache.kafka.common.network.Selector.connect(Selector.java:256) ~[kafka-clients-3.3.2.jar:na]
	at org.apache.kafka.clients.NetworkClient.initiateConnect(NetworkClient.java:992) ~[kafka-clients-3.3.2.jar:na]
	at org.apache.kafka.clients.NetworkClient.access$600(NetworkClient.java:73) ~[kafka-clients-3.3.2.jar:na]
	at org.apache.kafka.clients.NetworkClient$DefaultMetadataUpdater.maybeUpdate(NetworkClient.java:1163) ~[kafka-clients-3.3.2.jar:na]
	at org.apache.kafka.clients.NetworkClient$DefaultMetadataUpdater.maybeUpdate(NetworkClient.java:1051) ~[kafka-clients-3.3.2.jar:na]
	at org.apache.kafka.clients.NetworkClient.poll(NetworkClient.java:558) ~[kafka-clients-3.3.2.jar:na]
	at org.apache.kafka.clients.NetworkClientUtils.isReady(NetworkClientUtils.java:42) ~[kafka-clients-3.3.2.jar:na]
	at org.apache.kafka.clients.NetworkClientUtils.awaitReady(NetworkClientUtils.java:64) ~[kafka-clients-3.3.2.jar:na]
	at org.apache.kafka.clients.producer.internals.Sender.awaitNodeReady(Sender.java:534) ~[kafka-clients-3.3.2.jar:na]
	at org.apache.kafka.clients.producer.internals.Sender.maybeSendAndPollTransactionalRequest(Sender.java:455) ~[kafka-clients-3.3.2.jar:na]
	at org.apache.kafka.clients.producer.internals.Sender.runOnce(Sender.java:316) ~[kafka-clients-3.3.2.jar:na]
	at org.apache.kafka.clients.producer.internals.Sender.run(Sender.java:243) ~[kafka-clients-3.3.2.jar:na]
	at java.base/java.lang.Thread.run(Thread.java:833) ~[na:na]

2023-05-17T19:26:34.655+03:00  WARN 35228 --- [ad | producer-1] org.apache.kafka.clients.NetworkClient   : [Producer clientId=producer-1] Bootstrap broker pkc-4nmjv.francecentral.azure.confluent.cloud:9092 (id: -1 rack: null) disconnected
