

  .   ____          _            __ _ _
 /\\ / ___'_ __ _ _(_)_ __  __ _ \ \ \ \
( ( )\___ | '_ | '_| | '_ \/ _` | \ \ \ \
 \\/  ___)| |_)| | | | | || (_| |  ) ) ) )
  '  |____| .__|_| |_|_| |_\__, | / / / /
 =========|_|==============|___/=/_/_/_/
 :: Spring Boot ::                (v3.0.6)

2023-05-17T19:53:13.797+03:00  INFO 97540 --- [  restartedMain] c.a.spring.boot.kafka.KafkaApplication   : Starting KafkaApplication using Java 17.0.6 with PID 97540 (C:\Users\aziub\eclipse-workspace\kafka\target\classes started by aziub in C:\Users\aziub\eclipse-workspace\kafka)
2023-05-17T19:53:13.809+03:00  INFO 97540 --- [  restartedMain] c.a.spring.boot.kafka.KafkaApplication   : No active profile set, falling back to 1 default profile: "default"
2023-05-17T19:53:13.894+03:00  INFO 97540 --- [  restartedMain] .e.DevToolsPropertyDefaultsPostProcessor : Devtools property defaults active! Set 'spring.devtools.add-properties' to 'false' to disable
2023-05-17T19:53:13.894+03:00  INFO 97540 --- [  restartedMain] .e.DevToolsPropertyDefaultsPostProcessor : For additional web related logging consider setting the 'logging.level.web' property to 'DEBUG'
2023-05-17T19:53:15.645+03:00  INFO 97540 --- [  restartedMain] o.s.b.w.embedded.tomcat.TomcatWebServer  : Tomcat initialized with port(s): 8080 (http)
2023-05-17T19:53:15.665+03:00  INFO 97540 --- [  restartedMain] o.apache.catalina.core.StandardService   : Starting service [Tomcat]
2023-05-17T19:53:15.666+03:00  INFO 97540 --- [  restartedMain] o.apache.catalina.core.StandardEngine    : Starting Servlet engine: [Apache Tomcat/10.1.8]
2023-05-17T19:53:15.766+03:00  INFO 97540 --- [  restartedMain] o.a.c.c.C.[Tomcat].[localhost].[/]       : Initializing Spring embedded WebApplicationContext
2023-05-17T19:53:15.769+03:00  INFO 97540 --- [  restartedMain] w.s.c.ServletWebServerApplicationContext : Root WebApplicationContext: initialization completed in 1871 ms
2023-05-17T19:53:16.518+03:00  INFO 97540 --- [  restartedMain] o.s.b.d.a.OptionalLiveReloadServer       : LiveReload server is running on port 35729
2023-05-17T19:53:16.598+03:00  INFO 97540 --- [  restartedMain] o.s.b.w.embedded.tomcat.TomcatWebServer  : Tomcat started on port(s): 8080 (http) with context path ''
2023-05-17T19:53:16.626+03:00  INFO 97540 --- [  restartedMain] c.a.spring.boot.kafka.KafkaApplication   : Started KafkaApplication in 3.449 seconds (process running for 4.393)
2023-05-17T19:53:23.165+03:00  INFO 97540 --- [nio-8080-exec-1] o.a.c.c.C.[Tomcat].[localhost].[/]       : Initializing Spring DispatcherServlet 'dispatcherServlet'
2023-05-17T19:53:23.165+03:00  INFO 97540 --- [nio-8080-exec-1] o.s.web.servlet.DispatcherServlet        : Initializing Servlet 'dispatcherServlet'
2023-05-17T19:53:23.167+03:00  INFO 97540 --- [nio-8080-exec-1] o.s.web.servlet.DispatcherServlet        : Completed initialization in 2 ms
2023-05-17T19:53:28.906+03:00  INFO 97540 --- [nio-8080-exec-1] o.a.k.clients.producer.ProducerConfig    : ProducerConfig values: 
	acks = -1
	batch.size = 16384
	bootstrap.servers = [pkc-4nmjv.francecentral.azure.confluent.cloud:9092]
	buffer.memory = 33554432
	client.dns.lookup = use_all_dns_ips
	client.id = event-streams-kafka-1
	compression.type = none
	connections.max.idle.ms = 540000
	delivery.timeout.ms = 120000
	enable.idempotence = true
	interceptor.classes = []
	key.serializer = class org.apache.kafka.common.serialization.StringSerializer
	linger.ms = 0
	max.block.ms = 60000
	max.in.flight.requests.per.connection = 5
	max.request.size = 1048576
	metadata.max.age.ms = 300000
	metadata.max.idle.ms = 300000
	metric.reporters = []
	metrics.num.samples = 2
	metrics.recording.level = INFO
	metrics.sample.window.ms = 30000
	partitioner.adaptive.partitioning.enable = true
	partitioner.availability.timeout.ms = 0
	partitioner.class = null
	partitioner.ignore.keys = false
	receive.buffer.bytes = 32768
	reconnect.backoff.max.ms = 1000
	reconnect.backoff.ms = 50
	request.timeout.ms = 30000
	retries = 2147483647
	retry.backoff.ms = 100
	sasl.client.callback.handler.class = null
	sasl.jaas.config = null
	sasl.kerberos.kinit.cmd = /usr/bin/kinit
	sasl.kerberos.min.time.before.relogin = 60000
	sasl.kerberos.service.name = null
	sasl.kerberos.ticket.renew.jitter = 0.05
	sasl.kerberos.ticket.renew.window.factor = 0.8
	sasl.login.callback.handler.class = null
	sasl.login.class = null
	sasl.login.connect.timeout.ms = null
	sasl.login.read.timeout.ms = null
	sasl.login.refresh.buffer.seconds = 300
	sasl.login.refresh.min.period.seconds = 60
	sasl.login.refresh.window.factor = 0.8
	sasl.login.refresh.window.jitter = 0.05
	sasl.login.retry.backoff.max.ms = 10000
	sasl.login.retry.backoff.ms = 100
	sasl.mechanism = PLAIN
	sasl.oauthbearer.clock.skew.seconds = 30
	sasl.oauthbearer.expected.audience = null
	sasl.oauthbearer.expected.issuer = null
	sasl.oauthbearer.jwks.endpoint.refresh.ms = 3600000
	sasl.oauthbearer.jwks.endpoint.retry.backoff.max.ms = 10000
	sasl.oauthbearer.jwks.endpoint.retry.backoff.ms = 100
	sasl.oauthbearer.jwks.endpoint.url = null
	sasl.oauthbearer.scope.claim.name = scope
	sasl.oauthbearer.sub.claim.name = sub
	sasl.oauthbearer.token.endpoint.url = null
	security.protocol = SASL_PLAINTEXT
	security.providers = null
	send.buffer.bytes = 131072
	socket.connection.setup.timeout.max.ms = 30000
	socket.connection.setup.timeout.ms = 10000
	ssl.cipher.suites = null
	ssl.enabled.protocols = [TLSv1.2, TLSv1.3]
	ssl.endpoint.identification.algorithm = https
	ssl.engine.factory.class = null
	ssl.key.password = null
	ssl.keymanager.algorithm = SunX509
	ssl.keystore.certificate.chain = null
	ssl.keystore.key = null
	ssl.keystore.location = null
	ssl.keystore.password = null
	ssl.keystore.type = JKS
	ssl.protocol = TLSv1.2
	ssl.provider = null
	ssl.secure.random.implementation = null
	ssl.trustmanager.algorithm = PKIX
	ssl.truststore.certificates = null
	ssl.truststore.location = null
	ssl.truststore.password = null
	ssl.truststore.type = JKS
	transaction.timeout.ms = 60000
	transactional.id = null
	value.serializer = class org.apache.kafka.common.serialization.StringSerializer

2023-05-17T19:53:29.024+03:00  INFO 97540 --- [nio-8080-exec-1] o.a.k.clients.producer.KafkaProducer     : [Producer clientId=event-streams-kafka-1] Instantiated an idempotent producer.
2023-05-17T19:53:29.097+03:00  INFO 97540 --- [nio-8080-exec-1] o.a.k.c.s.authenticator.AbstractLogin    : Successfully logged in.
2023-05-17T19:53:29.146+03:00  WARN 97540 --- [nio-8080-exec-1] o.a.k.clients.producer.ProducerConfig    : These configurations '[ssl.protocol]' were supplied but are not used yet.
2023-05-17T19:53:29.151+03:00  INFO 97540 --- [nio-8080-exec-1] o.a.kafka.common.utils.AppInfoParser     : Kafka version: 3.3.2
2023-05-17T19:53:29.151+03:00  INFO 97540 --- [nio-8080-exec-1] o.a.kafka.common.utils.AppInfoParser     : Kafka commitId: b66af662e61082cb
2023-05-17T19:53:29.151+03:00  INFO 97540 --- [nio-8080-exec-1] o.a.kafka.common.utils.AppInfoParser     : Kafka startTimeMs: 1684342409149
2023-05-17T19:53:29.709+03:00  INFO 97540 --- [streams-kafka-1] org.apache.kafka.clients.NetworkClient   : [Producer clientId=event-streams-kafka-1] Node -1 disconnected.
2023-05-17T19:53:29.711+03:00  WARN 97540 --- [streams-kafka-1] org.apache.kafka.clients.NetworkClient   : [Producer clientId=event-streams-kafka-1] Connection to node -1 (pkc-4nmjv.francecentral.azure.confluent.cloud/51.103.42.226:9092) terminated during authentication. This may happen due to any of the following reasons: (1) Authentication failed due to invalid credentials with brokers older than 1.0.0, (2) Firewall blocking Kafka TLS traffic (eg it may only allow HTTPS traffic), (3) Transient network issue.
2023-05-17T19:53:29.711+03:00  WARN 97540 --- [streams-kafka-1] org.apache.kafka.clients.NetworkClient   : [Producer clientId=event-streams-kafka-1] Bootstrap broker pkc-4nmjv.francecentral.azure.confluent.cloud:9092 (id: -1 rack: null) disconnected
2023-05-17T19:53:29.918+03:00  INFO 97540 --- [streams-kafka-1] org.apache.kafka.clients.NetworkClient   : [Producer clientId=event-streams-kafka-1] Node -1 disconnected.
2023-05-17T19:53:29.918+03:00  WARN 97540 --- [streams-kafka-1] org.apache.kafka.clients.NetworkClient   : [Producer clientId=event-streams-kafka-1] Connection to node -1 (pkc-4nmjv.francecentral.azure.confluent.cloud/51.103.42.226:9092) terminated during authentication. This may happen due to any of the following reasons: (1) Authentication failed due to invalid credentials with brokers older than 1.0.0, (2) Firewall blocking Kafka TLS traffic (eg it may only allow HTTPS traffic), (3) Transient network issue.
2023-05-17T19:53:29.918+03:00  WARN 97540 --- [streams-kafka-1] org.apache.kafka.clients.NetworkClient   : [Producer clientId=event-streams-kafka-1] Bootstrap broker pkc-4nmjv.francecentral.azure.confluent.cloud:9092 (id: -1 rack: null) disconnected
2023-05-17T19:53:30.128+03:00  INFO 97540 --- [streams-kafka-1] org.apache.kafka.clients.NetworkClient   : [Producer clientId=event-streams-kafka-1] Node -1 disconnected.
2023-05-17T19:53:30.128+03:00  WARN 97540 --- [streams-kafka-1] org.apache.kafka.clients.NetworkClient   : [Producer clientId=event-streams-kafka-1] Connection to node -1 (pkc-4nmjv.francecentral.azure.confluent.cloud/51.103.42.226:9092) terminated during authentication. This may happen due to any of the following reasons: (1) Authentication failed due to invalid credentials with brokers older than 1.0.0, (2) Firewall blocking Kafka TLS traffic (eg it may only allow HTTPS traffic), (3) Transient network issue.
2023-05-17T19:53:30.128+03:00  WARN 97540 --- [streams-kafka-1] org.apache.kafka.clients.NetworkClient   : [Producer clientId=event-streams-kafka-1] Bootstrap broker pkc-4nmjv.francecentral.azure.confluent.cloud:9092 (id: -1 rack: null) disconnected
2023-05-17T19:53:30.502+03:00  INFO 97540 --- [streams-kafka-1] org.apache.kafka.clients.NetworkClient   : [Producer clientId=event-streams-kafka-1] Node -1 disconnected.
2023-05-17T19:53:30.502+03:00  WARN 97540 --- [streams-kafka-1] org.apache.kafka.clients.NetworkClient   : [Producer clientId=event-streams-kafka-1] Connection to node -1 (pkc-4nmjv.francecentral.azure.confluent.cloud/51.103.42.226:9092) terminated during authentication. This may happen due to any of the following reasons: (1) Authentication failed due to invalid credentials with brokers older than 1.0.0, (2) Firewall blocking Kafka TLS traffic (eg it may only allow HTTPS traffic), (3) Transient network issue.
2023-05-17T19:53:30.503+03:00  WARN 97540 --- [streams-kafka-1] org.apache.kafka.clients.NetworkClient   : [Producer clientId=event-streams-kafka-1] Bootstrap broker pkc-4nmjv.francecentral.azure.confluent.cloud:9092 (id: -1 rack: null) disconnected
2023-05-17T19:53:30.968+03:00  INFO 97540 --- [streams-kafka-1] org.apache.kafka.clients.NetworkClient   : [Producer clientId=event-streams-kafka-1] Node -1 disconnected.
2023-05-17T19:53:30.968+03:00  WARN 97540 --- [streams-kafka-1] org.apache.kafka.clients.NetworkClient   : [Producer clientId=event-streams-kafka-1] Connection to node -1 (pkc-4nmjv.francecentral.azure.confluent.cloud/51.103.42.226:9092) terminated during authentication. This may happen due to any of the following reasons: (1) Authentication failed due to invalid credentials with brokers older than 1.0.0, (2) Firewall blocking Kafka TLS traffic (eg it may only allow HTTPS traffic), (3) Transient network issue.
2023-05-17T19:53:30.968+03:00  WARN 97540 --- [streams-kafka-1] org.apache.kafka.clients.NetworkClient   : [Producer clientId=event-streams-kafka-1] Bootstrap broker pkc-4nmjv.francecentral.azure.confluent.cloud:9092 (id: -1 rack: null) disconnected
2023-05-17T19:53:31.883+03:00  INFO 97540 --- [streams-kafka-1] org.apache.kafka.clients.NetworkClient   : [Producer clientId=event-streams-kafka-1] Node -1 disconnected.
2023-05-17T19:53:31.883+03:00  WARN 97540 --- [streams-kafka-1] org.apache.kafka.clients.NetworkClient   : [Producer clientId=event-streams-kafka-1] Connection to node -1 (pkc-4nmjv.francecentral.azure.confluent.cloud/51.103.42.226:9092) terminated during authentication. This may happen due to any of the following reasons: (1) Authentication failed due to invalid credentials with brokers older than 1.0.0, (2) Firewall blocking Kafka TLS traffic (eg it may only allow HTTPS traffic), (3) Transient network issue.
2023-05-17T19:53:31.883+03:00  WARN 97540 --- [streams-kafka-1] org.apache.kafka.clients.NetworkClient   : [Producer clientId=event-streams-kafka-1] Bootstrap broker pkc-4nmjv.francecentral.azure.confluent.cloud:9092 (id: -1 rack: null) disconnected
2023-05-17T19:53:33.118+03:00  INFO 97540 --- [streams-kafka-1] org.apache.kafka.clients.NetworkClient   : [Producer clientId=event-streams-kafka-1] Node -1 disconnected.
2023-05-17T19:53:33.118+03:00  WARN 97540 --- [streams-kafka-1] org.apache.kafka.clients.NetworkClient   : [Producer clientId=event-streams-kafka-1] Connection to node -1 (pkc-4nmjv.francecentral.azure.confluent.cloud/51.103.42.226:9092) terminated during authentication. This may happen due to any of the following reasons: (1) Authentication failed due to invalid credentials with brokers older than 1.0.0, (2) Firewall blocking Kafka TLS traffic (eg it may only allow HTTPS traffic), (3) Transient network issue.
2023-05-17T19:53:33.118+03:00  WARN 97540 --- [streams-kafka-1] org.apache.kafka.clients.NetworkClient   : [Producer clientId=event-streams-kafka-1] Bootstrap broker pkc-4nmjv.francecentral.azure.confluent.cloud:9092 (id: -1 rack: null) disconnected
2023-05-17T19:53:34.088+03:00  INFO 97540 --- [streams-kafka-1] org.apache.kafka.clients.NetworkClient   : [Producer clientId=event-streams-kafka-1] Node -1 disconnected.
2023-05-17T19:53:34.088+03:00  WARN 97540 --- [streams-kafka-1] org.apache.kafka.clients.NetworkClient   : [Producer clientId=event-streams-kafka-1] Connection to node -1 (pkc-4nmjv.francecentral.azure.confluent.cloud/51.103.42.226:9092) terminated during authentication. This may happen due to any of the following reasons: (1) Authentication failed due to invalid credentials with brokers older than 1.0.0, (2) Firewall blocking Kafka TLS traffic (eg it may only allow HTTPS traffic), (3) Transient network issue.
2023-05-17T19:53:34.088+03:00  WARN 97540 --- [streams-kafka-1] org.apache.kafka.clients.NetworkClient   : [Producer clientId=event-streams-kafka-1] Bootstrap broker pkc-4nmjv.francecentral.azure.confluent.cloud:9092 (id: -1 rack: null) disconnected
2023-05-17T19:53:35.167+03:00  INFO 97540 --- [streams-kafka-1] org.apache.kafka.clients.NetworkClient   : [Producer clientId=event-streams-kafka-1] Node -1 disconnected.
2023-05-17T19:53:35.167+03:00  WARN 97540 --- [streams-kafka-1] org.apache.kafka.clients.NetworkClient   : [Producer clientId=event-streams-kafka-1] Connection to node -1 (pkc-4nmjv.francecentral.azure.confluent.cloud/51.103.42.226:9092) terminated during authentication. This may happen due to any of the following reasons: (1) Authentication failed due to invalid credentials with brokers older than 1.0.0, (2) Firewall blocking Kafka TLS traffic (eg it may only allow HTTPS traffic), (3) Transient network issue.
2023-05-17T19:53:35.167+03:00  WARN 97540 --- [streams-kafka-1] org.apache.kafka.clients.NetworkClient   : [Producer clientId=event-streams-kafka-1] Bootstrap broker pkc-4nmjv.francecentral.azure.confluent.cloud:9092 (id: -1 rack: null) disconnected
2023-05-17T19:53:36.147+03:00  INFO 97540 --- [streams-kafka-1] org.apache.kafka.clients.NetworkClient   : [Producer clientId=event-streams-kafka-1] Node -1 disconnected.
2023-05-17T19:53:36.147+03:00  WARN 97540 --- [streams-kafka-1] org.apache.kafka.clients.NetworkClient   : [Producer clientId=event-streams-kafka-1] Connection to node -1 (pkc-4nmjv.francecentral.azure.confluent.cloud/51.103.42.226:9092) terminated during authentication. This may happen due to any of the following reasons: (1) Authentication failed due to invalid credentials with brokers older than 1.0.0, (2) Firewall blocking Kafka TLS traffic (eg it may only allow HTTPS traffic), (3) Transient network issue.
2023-05-17T19:53:36.147+03:00  WARN 97540 --- [streams-kafka-1] org.apache.kafka.clients.NetworkClient   : [Producer clientId=event-streams-kafka-1] Bootstrap broker pkc-4nmjv.francecentral.azure.confluent.cloud:9092 (id: -1 rack: null) disconnected
2023-05-17T19:53:37.438+03:00  INFO 97540 --- [streams-kafka-1] org.apache.kafka.clients.NetworkClient   : [Producer clientId=event-streams-kafka-1] Node -1 disconnected.
2023-05-17T19:53:37.438+03:00  WARN 97540 --- [streams-kafka-1] org.apache.kafka.clients.NetworkClient   : [Producer clientId=event-streams-kafka-1] Connection to node -1 (pkc-4nmjv.francecentral.azure.confluent.cloud/51.103.42.226:9092) terminated during authentication. This may happen due to any of the following reasons: (1) Authentication failed due to invalid credentials with brokers older than 1.0.0, (2) Firewall blocking Kafka TLS traffic (eg it may only allow HTTPS traffic), (3) Transient network issue.
2023-05-17T19:53:37.438+03:00  WARN 97540 --- [streams-kafka-1] org.apache.kafka.clients.NetworkClient   : [Producer clientId=event-streams-kafka-1] Bootstrap broker pkc-4nmjv.francecentral.azure.confluent.cloud:9092 (id: -1 rack: null) disconnected
2023-05-17T19:53:38.467+03:00  INFO 97540 --- [streams-kafka-1] org.apache.kafka.clients.NetworkClient   : [Producer clientId=event-streams-kafka-1] Node -1 disconnected.
2023-05-17T19:53:38.468+03:00  WARN 97540 --- [streams-kafka-1] org.apache.kafka.clients.NetworkClient   : [Producer clientId=event-streams-kafka-1] Connection to node -1 (pkc-4nmjv.francecentral.azure.confluent.cloud/51.103.42.226:9092) terminated during authentication. This may happen due to any of the following reasons: (1) Authentication failed due to invalid credentials with brokers older than 1.0.0, (2) Firewall blocking Kafka TLS traffic (eg it may only allow HTTPS traffic), (3) Transient network issue.
2023-05-17T19:53:38.468+03:00  WARN 97540 --- [streams-kafka-1] org.apache.kafka.clients.NetworkClient   : [Producer clientId=event-streams-kafka-1] Bootstrap broker pkc-4nmjv.francecentral.azure.confluent.cloud:9092 (id: -1 rack: null) disconnected
2023-05-17T19:53:39.478+03:00  INFO 97540 --- [streams-kafka-1] org.apache.kafka.clients.NetworkClient   : [Producer clientId=event-streams-kafka-1] Node -1 disconnected.
2023-05-17T19:53:39.478+03:00  WARN 97540 --- [streams-kafka-1] org.apache.kafka.clients.NetworkClient   : [Producer clientId=event-streams-kafka-1] Connection to node -1 (pkc-4nmjv.francecentral.azure.confluent.cloud/51.103.42.226:9092) terminated during authentication. This may happen due to any of the following reasons: (1) Authentication failed due to invalid credentials with brokers older than 1.0.0, (2) Firewall blocking Kafka TLS traffic (eg it may only allow HTTPS traffic), (3) Transient network issue.
2023-05-17T19:53:39.478+03:00  WARN 97540 --- [streams-kafka-1] org.apache.kafka.clients.NetworkClient   : [Producer clientId=event-streams-kafka-1] Bootstrap broker pkc-4nmjv.francecentral.azure.confluent.cloud:9092 (id: -1 rack: null) disconnected
2023-05-17T19:53:40.809+03:00  INFO 97540 --- [streams-kafka-1] org.apache.kafka.clients.NetworkClient   : [Producer clientId=event-streams-kafka-1] Node -1 disconnected.
2023-05-17T19:53:40.809+03:00  WARN 97540 --- [streams-kafka-1] org.apache.kafka.clients.NetworkClient   : [Producer clientId=event-streams-kafka-1] Connection to node -1 (pkc-4nmjv.francecentral.azure.confluent.cloud/51.103.42.226:9092) terminated during authentication. This may happen due to any of the following reasons: (1) Authentication failed due to invalid credentials with brokers older than 1.0.0, (2) Firewall blocking Kafka TLS traffic (eg it may only allow HTTPS traffic), (3) Transient network issue.
2023-05-17T19:53:40.809+03:00  WARN 97540 --- [streams-kafka-1] org.apache.kafka.clients.NetworkClient   : [Producer clientId=event-streams-kafka-1] Bootstrap broker pkc-4nmjv.francecentral.azure.confluent.cloud:9092 (id: -1 rack: null) disconnected
2023-05-17T19:53:41.898+03:00  INFO 97540 --- [streams-kafka-1] org.apache.kafka.clients.NetworkClient   : [Producer clientId=event-streams-kafka-1] Node -1 disconnected.
2023-05-17T19:53:41.898+03:00  WARN 97540 --- [streams-kafka-1] org.apache.kafka.clients.NetworkClient   : [Producer clientId=event-streams-kafka-1] Connection to node -1 (pkc-4nmjv.francecentral.azure.confluent.cloud/51.103.42.226:9092) terminated during authentication. This may happen due to any of the following reasons: (1) Authentication failed due to invalid credentials with brokers older than 1.0.0, (2) Firewall blocking Kafka TLS traffic (eg it may only allow HTTPS traffic), (3) Transient network issue.
2023-05-17T19:53:41.898+03:00  WARN 97540 --- [streams-kafka-1] org.apache.kafka.clients.NetworkClient   : [Producer clientId=event-streams-kafka-1] Bootstrap broker pkc-4nmjv.francecentral.azure.confluent.cloud:9092 (id: -1 rack: null) disconnected
2023-05-17T19:53:43.028+03:00  INFO 97540 --- [streams-kafka-1] org.apache.kafka.clients.NetworkClient   : [Producer clientId=event-streams-kafka-1] Node -1 disconnected.
2023-05-17T19:53:43.028+03:00  WARN 97540 --- [streams-kafka-1] org.apache.kafka.clients.NetworkClient   : [Producer clientId=event-streams-kafka-1] Connection to node -1 (pkc-4nmjv.francecentral.azure.confluent.cloud/51.103.42.226:9092) terminated during authentication. This may happen due to any of the following reasons: (1) Authentication failed due to invalid credentials with brokers older than 1.0.0, (2) Firewall blocking Kafka TLS traffic (eg it may only allow HTTPS traffic), (3) Transient network issue.
2023-05-17T19:53:43.029+03:00  WARN 97540 --- [streams-kafka-1] org.apache.kafka.clients.NetworkClient   : [Producer clientId=event-streams-kafka-1] Bootstrap broker pkc-4nmjv.francecentral.azure.confluent.cloud:9092 (id: -1 rack: null) disconnected
2023-05-17T19:53:44.308+03:00  INFO 97540 --- [streams-kafka-1] org.apache.kafka.clients.NetworkClient   : [Producer clientId=event-streams-kafka-1] Node -1 disconnected.
2023-05-17T19:53:44.308+03:00  WARN 97540 --- [streams-kafka-1] org.apache.kafka.clients.NetworkClient   : [Producer clientId=event-streams-kafka-1] Connection to node -1 (pkc-4nmjv.francecentral.azure.confluent.cloud/51.103.42.226:9092) terminated during authentication. This may happen due to any of the following reasons: (1) Authentication failed due to invalid credentials with brokers older than 1.0.0, (2) Firewall blocking Kafka TLS traffic (eg it may only allow HTTPS traffic), (3) Transient network issue.
2023-05-17T19:53:44.308+03:00  WARN 97540 --- [streams-kafka-1] org.apache.kafka.clients.NetworkClient   : [Producer clientId=event-streams-kafka-1] Bootstrap broker pkc-4nmjv.francecentral.azure.confluent.cloud:9092 (id: -1 rack: null) disconnected
2023-05-17T19:53:45.428+03:00  INFO 97540 --- [streams-kafka-1] org.apache.kafka.clients.NetworkClient   : [Producer clientId=event-streams-kafka-1] Node -1 disconnected.
2023-05-17T19:53:45.428+03:00  WARN 97540 --- [streams-kafka-1] org.apache.kafka.clients.NetworkClient   : [Producer clientId=event-streams-kafka-1] Connection to node -1 (pkc-4nmjv.francecentral.azure.confluent.cloud/51.103.42.226:9092) terminated during authentication. This may happen due to any of the following reasons: (1) Authentication failed due to invalid credentials with brokers older than 1.0.0, (2) Firewall blocking Kafka TLS traffic (eg it may only allow HTTPS traffic), (3) Transient network issue.
2023-05-17T19:53:45.428+03:00  WARN 97540 --- [streams-kafka-1] org.apache.kafka.clients.NetworkClient   : [Producer clientId=event-streams-kafka-1] Bootstrap broker pkc-4nmjv.francecentral.azure.confluent.cloud:9092 (id: -1 rack: null) disconnected
2023-05-17T19:53:46.398+03:00  INFO 97540 --- [streams-kafka-1] org.apache.kafka.clients.NetworkClient   : [Producer clientId=event-streams-kafka-1] Node -1 disconnected.
2023-05-17T19:53:46.398+03:00  WARN 97540 --- [streams-kafka-1] org.apache.kafka.clients.NetworkClient   : [Producer clientId=event-streams-kafka-1] Connection to node -1 (pkc-4nmjv.francecentral.azure.confluent.cloud/51.103.42.226:9092) terminated during authentication. This may happen due to any of the following reasons: (1) Authentication failed due to invalid credentials with brokers older than 1.0.0, (2) Firewall blocking Kafka TLS traffic (eg it may only allow HTTPS traffic), (3) Transient network issue.
2023-05-17T19:53:46.398+03:00  WARN 97540 --- [streams-kafka-1] org.apache.kafka.clients.NetworkClient   : [Producer clientId=event-streams-kafka-1] Bootstrap broker pkc-4nmjv.francecentral.azure.confluent.cloud:9092 (id: -1 rack: null) disconnected
2023-05-17T19:53:47.388+03:00  INFO 97540 --- [streams-kafka-1] org.apache.kafka.clients.NetworkClient   : [Producer clientId=event-streams-kafka-1] Node -1 disconnected.
2023-05-17T19:53:47.388+03:00  WARN 97540 --- [streams-kafka-1] org.apache.kafka.clients.NetworkClient   : [Producer clientId=event-streams-kafka-1] Connection to node -1 (pkc-4nmjv.francecentral.azure.confluent.cloud/51.103.42.226:9092) terminated during authentication. This may happen due to any of the following reasons: (1) Authentication failed due to invalid credentials with brokers older than 1.0.0, (2) Firewall blocking Kafka TLS traffic (eg it may only allow HTTPS traffic), (3) Transient network issue.
2023-05-17T19:53:47.388+03:00  WARN 97540 --- [streams-kafka-1] org.apache.kafka.clients.NetworkClient   : [Producer clientId=event-streams-kafka-1] Bootstrap broker pkc-4nmjv.francecentral.azure.confluent.cloud:9092 (id: -1 rack: null) disconnected
2023-05-17T19:53:48.468+03:00  INFO 97540 --- [streams-kafka-1] org.apache.kafka.clients.NetworkClient   : [Producer clientId=event-streams-kafka-1] Node -1 disconnected.
2023-05-17T19:53:48.468+03:00  WARN 97540 --- [streams-kafka-1] org.apache.kafka.clients.NetworkClient   : [Producer clientId=event-streams-kafka-1] Connection to node -1 (pkc-4nmjv.francecentral.azure.confluent.cloud/51.103.42.226:9092) terminated during authentication. This may happen due to any of the following reasons: (1) Authentication failed due to invalid credentials with brokers older than 1.0.0, (2) Firewall blocking Kafka TLS traffic (eg it may only allow HTTPS traffic), (3) Transient network issue.
2023-05-17T19:53:48.468+03:00  WARN 97540 --- [streams-kafka-1] org.apache.kafka.clients.NetworkClient   : [Producer clientId=event-streams-kafka-1] Bootstrap broker pkc-4nmjv.francecentral.azure.confluent.cloud:9092 (id: -1 rack: null) disconnected
2023-05-17T19:53:49.588+03:00  INFO 97540 --- [streams-kafka-1] org.apache.kafka.clients.NetworkClient   : [Producer clientId=event-streams-kafka-1] Node -1 disconnected.
2023-05-17T19:53:49.588+03:00  WARN 97540 --- [streams-kafka-1] org.apache.kafka.clients.NetworkClient   : [Producer clientId=event-streams-kafka-1] Connection to node -1 (pkc-4nmjv.francecentral.azure.confluent.cloud/51.103.42.226:9092) terminated during authentication. This may happen due to any of the following reasons: (1) Authentication failed due to invalid credentials with brokers older than 1.0.0, (2) Firewall blocking Kafka TLS traffic (eg it may only allow HTTPS traffic), (3) Transient network issue.
2023-05-17T19:53:49.588+03:00  WARN 97540 --- [streams-kafka-1] org.apache.kafka.clients.NetworkClient   : [Producer clientId=event-streams-kafka-1] Bootstrap broker pkc-4nmjv.francecentral.azure.confluent.cloud:9092 (id: -1 rack: null) disconnected
2023-05-17T19:53:50.562+03:00  INFO 97540 --- [streams-kafka-1] org.apache.kafka.clients.NetworkClient   : [Producer clientId=event-streams-kafka-1] Node -1 disconnected.
2023-05-17T19:53:50.563+03:00  WARN 97540 --- [streams-kafka-1] org.apache.kafka.clients.NetworkClient   : [Producer clientId=event-streams-kafka-1] Connection to node -1 (pkc-4nmjv.francecentral.azure.confluent.cloud/51.103.42.226:9092) terminated during authentication. This may happen due to any of the following reasons: (1) Authentication failed due to invalid credentials with brokers older than 1.0.0, (2) Firewall blocking Kafka TLS traffic (eg it may only allow HTTPS traffic), (3) Transient network issue.
2023-05-17T19:53:50.563+03:00  WARN 97540 --- [streams-kafka-1] org.apache.kafka.clients.NetworkClient   : [Producer clientId=event-streams-kafka-1] Bootstrap broker pkc-4nmjv.francecentral.azure.confluent.cloud:9092 (id: -1 rack: null) disconnected
2023-05-17T19:53:51.589+03:00  INFO 97540 --- [streams-kafka-1] org.apache.kafka.clients.NetworkClient   : [Producer clientId=event-streams-kafka-1] Node -1 disconnected.
2023-05-17T19:53:51.589+03:00  WARN 97540 --- [streams-kafka-1] org.apache.kafka.clients.NetworkClient   : [Producer clientId=event-streams-kafka-1] Connection to node -1 (pkc-4nmjv.francecentral.azure.confluent.cloud/51.103.42.226:9092) terminated during authentication. This may happen due to any of the following reasons: (1) Authentication failed due to invalid credentials with brokers older than 1.0.0, (2) Firewall blocking Kafka TLS traffic (eg it may only allow HTTPS traffic), (3) Transient network issue.
2023-05-17T19:53:51.589+03:00  WARN 97540 --- [streams-kafka-1] org.apache.kafka.clients.NetworkClient   : [Producer clientId=event-streams-kafka-1] Bootstrap broker pkc-4nmjv.francecentral.azure.confluent.cloud:9092 (id: -1 rack: null) disconnected
